Analysis & Synthesis report for TopLevelLockSystem
Sun Apr 30 16:16:26 2017
Quartus Prime Version 16.0.0 Build 211 04/27/2016 SJ Standard Edition


---------------------
; Table of Contents ;
---------------------
  1. Legal Notice
  2. Analysis & Synthesis Summary
  3. Analysis & Synthesis Settings
  4. Parallel Compilation
  5. Analysis & Synthesis Source Files Read
  6. Analysis & Synthesis Resource Usage Summary
  7. Analysis & Synthesis Resource Utilization by Entity
  8. State Machine - |TopLevelLockSystem|GondolaDoorLight:gondolaDoorLight|position
  9. Registers Removed During Synthesis
 10. General Register Statistics
 11. Multiplexer Restructuring Statistics (Restructuring Performed)
 12. Parameter Settings for User Entity Instance: Top-level Entity: |TopLevelLockSystem
 13. Parameter Settings for User Entity Instance: WaterSystem:waterSystem
 14. Parameter Settings for User Entity Instance: GondolaDoorLight:gondolaDoorLight
 15. Parameter Settings for User Entity Instance: DisplayState:displayState
 16. Post-Synthesis Netlist Statistics for Top Partition
 17. Elapsed Time Per Partition
 18. Analysis & Synthesis Messages



----------------
; Legal Notice ;
----------------
Copyright (C) 1991-2016 Altera Corporation. All rights reserved.
Your use of Altera Corporation's design tools, logic functions 
and other software and tools, and its AMPP partner logic 
functions, and any output files from any of the foregoing 
(including device programming or simulation files), and any 
associated documentation or information are expressly subject 
to the terms and conditions of the Altera Program License 
Subscription Agreement, the Altera Quartus Prime License Agreement,
the Altera MegaCore Function License Agreement, or other 
applicable license agreement, including, without limitation, 
that your use is for the sole purpose of programming logic 
devices manufactured by Altera and sold by Altera or its 
authorized distributors.  Please refer to the applicable 
agreement for further details.



+-----------------------------------------------------------------------------------+
; Analysis & Synthesis Summary                                                      ;
+---------------------------------+-------------------------------------------------+
; Analysis & Synthesis Status     ; Successful - Sun Apr 30 16:16:26 2017           ;
; Quartus Prime Version           ; 16.0.0 Build 211 04/27/2016 SJ Standard Edition ;
; Revision Name                   ; TopLevelLockSystem                              ;
; Top-level Entity Name           ; TopLevelLockSystem                              ;
; Family                          ; Cyclone V                                       ;
; Logic utilization (in ALMs)     ; N/A                                             ;
; Total registers                 ; 86                                              ;
; Total pins                      ; 54                                              ;
; Total virtual pins              ; 0                                               ;
; Total block memory bits         ; 0                                               ;
; Total DSP Blocks                ; 0                                               ;
; Total HSSI RX PCSs              ; 0                                               ;
; Total HSSI PMA RX Deserializers ; 0                                               ;
; Total HSSI TX PCSs              ; 0                                               ;
; Total HSSI PMA TX Serializers   ; 0                                               ;
; Total PLLs                      ; 0                                               ;
; Total DLLs                      ; 0                                               ;
+---------------------------------+-------------------------------------------------+


+---------------------------------------------------------------------------------------------------------------------------+
; Analysis & Synthesis Settings                                                                                             ;
+---------------------------------------------------------------------------------+--------------------+--------------------+
; Option                                                                          ; Setting            ; Default Value      ;
+---------------------------------------------------------------------------------+--------------------+--------------------+
; Device                                                                          ; 5CSEMA5F31C6       ;                    ;
; Top-level entity name                                                           ; TopLevelLockSystem ; TopLevelLockSystem ;
; Family name                                                                     ; Cyclone V          ; Cyclone V          ;
; Use smart compilation                                                           ; Off                ; Off                ;
; Enable parallel Assembler and TimeQuest Timing Analyzer during compilation      ; On                 ; On                 ;
; Enable compact report table                                                     ; Off                ; Off                ;
; Restructure Multiplexers                                                        ; Auto               ; Auto               ;
; MLAB Add Timing Constraints For Mixed-Port Feed-Through Mode Setting Don't Care ; Off                ; Off                ;
; Create Debugging Nodes for IP Cores                                             ; Off                ; Off                ;
; Preserve fewer node names                                                       ; On                 ; On                 ;
; Disable OpenCore Plus hardware evaluation                                       ; Off                ; Off                ;
; Verilog Version                                                                 ; Verilog_2001       ; Verilog_2001       ;
; VHDL Version                                                                    ; VHDL_1993          ; VHDL_1993          ;
; State Machine Processing                                                        ; Auto               ; Auto               ;
; Safe State Machine                                                              ; Off                ; Off                ;
; Extract Verilog State Machines                                                  ; On                 ; On                 ;
; Extract VHDL State Machines                                                     ; On                 ; On                 ;
; Ignore Verilog initial constructs                                               ; Off                ; Off                ;
; Iteration limit for constant Verilog loops                                      ; 5000               ; 5000               ;
; Iteration limit for non-constant Verilog loops                                  ; 250                ; 250                ;
; Add Pass-Through Logic to Inferred RAMs                                         ; On                 ; On                 ;
; Infer RAMs from Raw Logic                                                       ; On                 ; On                 ;
; Parallel Synthesis                                                              ; On                 ; On                 ;
; DSP Block Balancing                                                             ; Auto               ; Auto               ;
; NOT Gate Push-Back                                                              ; On                 ; On                 ;
; Power-Up Don't Care                                                             ; On                 ; On                 ;
; Remove Redundant Logic Cells                                                    ; Off                ; Off                ;
; Remove Duplicate Registers                                                      ; On                 ; On                 ;
; Ignore CARRY Buffers                                                            ; Off                ; Off                ;
; Ignore CASCADE Buffers                                                          ; Off                ; Off                ;
; Ignore GLOBAL Buffers                                                           ; Off                ; Off                ;
; Ignore ROW GLOBAL Buffers                                                       ; Off                ; Off                ;
; Ignore LCELL Buffers                                                            ; Off                ; Off                ;
; Ignore SOFT Buffers                                                             ; On                 ; On                 ;
; Limit AHDL Integers to 32 Bits                                                  ; Off                ; Off                ;
; Optimization Technique                                                          ; Balanced           ; Balanced           ;
; Carry Chain Length                                                              ; 70                 ; 70                 ;
; Auto Carry Chains                                                               ; On                 ; On                 ;
; Auto Open-Drain Pins                                                            ; On                 ; On                 ;
; Perform WYSIWYG Primitive Resynthesis                                           ; Off                ; Off                ;
; Auto ROM Replacement                                                            ; On                 ; On                 ;
; Auto RAM Replacement                                                            ; On                 ; On                 ;
; Auto DSP Block Replacement                                                      ; On                 ; On                 ;
; Auto Shift Register Replacement                                                 ; Auto               ; Auto               ;
; Allow Shift Register Merging across Hierarchies                                 ; Auto               ; Auto               ;
; Auto Clock Enable Replacement                                                   ; On                 ; On                 ;
; Strict RAM Replacement                                                          ; Off                ; Off                ;
; Allow Synchronous Control Signals                                               ; On                 ; On                 ;
; Force Use of Synchronous Clear Signals                                          ; Off                ; Off                ;
; Auto Resource Sharing                                                           ; Off                ; Off                ;
; Allow Any RAM Size For Recognition                                              ; Off                ; Off                ;
; Allow Any ROM Size For Recognition                                              ; Off                ; Off                ;
; Allow Any Shift Register Size For Recognition                                   ; Off                ; Off                ;
; Use LogicLock Constraints during Resource Balancing                             ; On                 ; On                 ;
; Ignore translate_off and synthesis_off directives                               ; Off                ; Off                ;
; Timing-Driven Synthesis                                                         ; On                 ; On                 ;
; Report Parameter Settings                                                       ; On                 ; On                 ;
; Report Source Assignments                                                       ; On                 ; On                 ;
; Report Connectivity Checks                                                      ; On                 ; On                 ;
; Ignore Maximum Fan-Out Assignments                                              ; Off                ; Off                ;
; Synchronization Register Chain Length                                           ; 3                  ; 3                  ;
; PowerPlay Power Optimization During Synthesis                                   ; Normal compilation ; Normal compilation ;
; HDL message level                                                               ; Level2             ; Level2             ;
; Suppress Register Optimization Related Messages                                 ; Off                ; Off                ;
; Number of Removed Registers Reported in Synthesis Report                        ; 5000               ; 5000               ;
; Number of Swept Nodes Reported in Synthesis Report                              ; 5000               ; 5000               ;
; Number of Inverted Registers Reported in Synthesis Report                       ; 100                ; 100                ;
; Clock MUX Protection                                                            ; On                 ; On                 ;
; Auto Gated Clock Conversion                                                     ; Off                ; Off                ;
; Block Design Naming                                                             ; Auto               ; Auto               ;
; SDC constraint protection                                                       ; Off                ; Off                ;
; Synthesis Effort                                                                ; Auto               ; Auto               ;
; Shift Register Replacement - Allow Asynchronous Clear Signal                    ; On                 ; On                 ;
; Pre-Mapping Resynthesis Optimization                                            ; Off                ; Off                ;
; Analysis & Synthesis Message Level                                              ; Medium             ; Medium             ;
; Disable Register Merging Across Hierarchies                                     ; Auto               ; Auto               ;
; Resource Aware Inference For Block RAM                                          ; On                 ; On                 ;
; Synthesis Seed                                                                  ; 1                  ; 1                  ;
; Automatic Parallel Synthesis                                                    ; On                 ; On                 ;
; Partial Reconfiguration Bitstream ID                                            ; Off                ; Off                ;
+---------------------------------------------------------------------------------+--------------------+--------------------+


+------------------------------------------+
; Parallel Compilation                     ;
+----------------------------+-------------+
; Processors                 ; Number      ;
+----------------------------+-------------+
; Number detected on machine ; 8           ;
; Maximum allowed            ; 4           ;
;                            ;             ;
; Average used               ; 1.00        ;
; Maximum used               ; 4           ;
;                            ;             ;
; Usage by Processor         ; % Time Used ;
;     Processor 1            ; 100.0%      ;
;     Processors 2-4         ;   0.0%      ;
+----------------------------+-------------+


+--------------------------------------------------------------------------------------------------------------------------------------------------------------+
; Analysis & Synthesis Source Files Read                                                                                                                       ;
+----------------------------------+-----------------+------------------------+----------------------------------------------------------------------+---------+
; File Name with User-Entered Path ; Used in Netlist ; File Type              ; File Name with Absolute Path                                         ; Library ;
+----------------------------------+-----------------+------------------------+----------------------------------------------------------------------+---------+
; TopLevelLockSystem.v             ; yes             ; User Verilog HDL File  ; C:/Users/mkhuat/Documents/ee371/Lab2/LockSystem/TopLevelLockSystem.v ;         ;
; DisplayState.v                   ; yes             ; User Verilog HDL File  ; C:/Users/mkhuat/Documents/ee371/Lab2/LockSystem/DisplayState.v       ;         ;
; filter.v                         ; yes             ; User Verilog HDL File  ; C:/Users/mkhuat/Documents/ee371/Lab2/LockSystem/filter.v             ;         ;
+----------------------------------+-----------------+------------------------+----------------------------------------------------------------------+---------+


+---------------------------------------------------------+
; Analysis & Synthesis Resource Usage Summary             ;
+---------------------------------------------+-----------+
; Resource                                    ; Usage     ;
+---------------------------------------------+-----------+
; Estimate of Logic utilization (ALMs needed) ; 185       ;
;                                             ;           ;
; Combinational ALUT usage for logic          ; 294       ;
;     -- 7 input functions                    ; 1         ;
;     -- 6 input functions                    ; 75        ;
;     -- 5 input functions                    ; 14        ;
;     -- 4 input functions                    ; 49        ;
;     -- <=3 input functions                  ; 155       ;
;                                             ;           ;
; Dedicated logic registers                   ; 86        ;
;                                             ;           ;
; I/O pins                                    ; 54        ;
;                                             ;           ;
; Total DSP Blocks                            ; 0         ;
;                                             ;           ;
; Maximum fan-out node                        ; clk~input ;
; Maximum fan-out                             ; 86        ;
; Total fan-out                               ; 1441      ;
; Average fan-out                             ; 2.95      ;
+---------------------------------------------+-----------+


+------------------------------------------------------------------------------------------------------------------------------------------------------------------------------------------------------------------------------+
; Analysis & Synthesis Resource Utilization by Entity                                                                                                                                                                          ;
+----------------------------------------+-------------------+--------------+-------------------+------------+------+--------------+-------------------------------------------------------+--------------------+--------------+
; Compilation Hierarchy Node             ; LC Combinationals ; LC Registers ; Block Memory Bits ; DSP Blocks ; Pins ; Virtual Pins ; Full Hierarchy Name                                   ; Entity Name        ; Library Name ;
+----------------------------------------+-------------------+--------------+-------------------+------------+------+--------------+-------------------------------------------------------+--------------------+--------------+
; |TopLevelLockSystem                    ; 294 (6)           ; 86 (0)       ; 0                 ; 0          ; 54   ; 0            ; |TopLevelLockSystem                                   ; TopLevelLockSystem ; work         ;
;    |DisplayState:displayState|         ; 10 (10)           ; 0 (0)        ; 0                 ; 0          ; 0    ; 0            ; |TopLevelLockSystem|DisplayState:displayState         ; DisplayState       ; work         ;
;    |GondolaDoorLight:gondolaDoorLight| ; 140 (140)         ; 43 (43)      ; 0                 ; 0          ; 0    ; 0            ; |TopLevelLockSystem|GondolaDoorLight:gondolaDoorLight ; GondolaDoorLight   ; work         ;
;    |WaterSystem:waterSystem|           ; 132 (132)         ; 31 (31)      ; 0                 ; 0          ; 0    ; 0            ; |TopLevelLockSystem|WaterSystem:waterSystem           ; WaterSystem        ; work         ;
;    |filter:dec_water_level_f|          ; 1 (1)             ; 2 (2)        ; 0                 ; 0          ; 0    ; 0            ; |TopLevelLockSystem|filter:dec_water_level_f          ; filter             ; work         ;
;    |filter:inc_water_level_f|          ; 1 (1)             ; 2 (2)        ; 0                 ; 0          ; 0    ; 0            ; |TopLevelLockSystem|filter:inc_water_level_f          ; filter             ; work         ;
;    |filter:inner_door_f|               ; 1 (1)             ; 2 (2)        ; 0                 ; 0          ; 0    ; 0            ; |TopLevelLockSystem|filter:inner_door_f               ; filter             ; work         ;
;    |filter:inner_gondola_arrival_f|    ; 1 (1)             ; 2 (2)        ; 0                 ; 0          ; 0    ; 0            ; |TopLevelLockSystem|filter:inner_gondola_arrival_f    ; filter             ; work         ;
;    |filter:outer_door_f|               ; 1 (1)             ; 2 (2)        ; 0                 ; 0          ; 0    ; 0            ; |TopLevelLockSystem|filter:outer_door_f               ; filter             ; work         ;
;    |filter:outer_gondola_arrival_f|    ; 1 (1)             ; 2 (2)        ; 0                 ; 0          ; 0    ; 0            ; |TopLevelLockSystem|filter:outer_gondola_arrival_f    ; filter             ; work         ;
+----------------------------------------+-------------------+--------------+-------------------+------------+------+--------------+-------------------------------------------------------+--------------------+--------------+
Note: For table entries with two numbers listed, the numbers in parentheses indicate the number of resources of the given type used by the specific entity alone. The numbers listed outside of parentheses indicate the total resources of the given type used by the specific entity and all of its sub-entities in the hierarchy.


Encoding Type:  One-Hot
+-----------------------------------------------------------------------------------+
; State Machine - |TopLevelLockSystem|GondolaDoorLight:gondolaDoorLight|position    ;
+--------------------+--------------------+--------------------+--------------------+
; Name               ; position.000000000 ; position.000000010 ; position.000000001 ;
+--------------------+--------------------+--------------------+--------------------+
; position.000000000 ; 0                  ; 0                  ; 0                  ;
; position.000000001 ; 1                  ; 0                  ; 1                  ;
; position.000000010 ; 1                  ; 1                  ; 0                  ;
+--------------------+--------------------+--------------------+--------------------+


+----------------------------------------------------------------------------------------+
; Registers Removed During Synthesis                                                     ;
+-----------------------------------------------+----------------------------------------+
; Register name                                 ; Reason for Removal                     ;
+-----------------------------------------------+----------------------------------------+
; WaterSystem:waterSystem|water_level[0]        ; Stuck at GND due to stuck port data_in ;
; GondolaDoorLight:gondolaDoorLight|position~8  ; Lost fanout                            ;
; GondolaDoorLight:gondolaDoorLight|position~9  ; Lost fanout                            ;
; GondolaDoorLight:gondolaDoorLight|position~10 ; Lost fanout                            ;
; GondolaDoorLight:gondolaDoorLight|position~11 ; Lost fanout                            ;
; GondolaDoorLight:gondolaDoorLight|position~12 ; Lost fanout                            ;
; GondolaDoorLight:gondolaDoorLight|position~13 ; Lost fanout                            ;
; GondolaDoorLight:gondolaDoorLight|position~14 ; Lost fanout                            ;
; Total Number of Removed Registers = 8         ;                                        ;
+-----------------------------------------------+----------------------------------------+


+------------------------------------------------------+
; General Register Statistics                          ;
+----------------------------------------------+-------+
; Statistic                                    ; Value ;
+----------------------------------------------+-------+
; Total registers                              ; 86    ;
; Number of registers using Synchronous Clear  ; 66    ;
; Number of registers using Synchronous Load   ; 33    ;
; Number of registers using Asynchronous Clear ; 0     ;
; Number of registers using Asynchronous Load  ; 0     ;
; Number of registers using Clock Enable       ; 4     ;
; Number of registers using Preset             ; 0     ;
+----------------------------------------------+-------+


+---------------------------------------------------------------------------------------------------------------------------------------------------------------------------------+
; Multiplexer Restructuring Statistics (Restructuring Performed)                                                                                                                  ;
+--------------------+-----------+---------------+----------------------+------------------------+------------+-------------------------------------------------------------------+
; Multiplexer Inputs ; Bus Width ; Baseline Area ; Area if Restructured ; Saving if Restructured ; Registered ; Example Multiplexer Output                                        ;
+--------------------+-----------+---------------+----------------------+------------------------+------------+-------------------------------------------------------------------+
; 3:1                ; 2 bits    ; 4 LEs         ; 4 LEs                ; 0 LEs                  ; Yes        ; |TopLevelLockSystem|GondolaDoorLight:gondolaDoorLight|to_outer    ;
; 3:1                ; 3 bits    ; 6 LEs         ; 6 LEs                ; 0 LEs                  ; Yes        ; |TopLevelLockSystem|WaterSystem:waterSystem|water_level[3]        ;
; 4:1                ; 27 bits   ; 54 LEs        ; 0 LEs                ; 54 LEs                 ; Yes        ; |TopLevelLockSystem|WaterSystem:waterSystem|water_level[24]       ;
; 5:1                ; 32 bits   ; 96 LEs        ; 0 LEs                ; 96 LEs                 ; Yes        ; |TopLevelLockSystem|GondolaDoorLight:gondolaDoorLight|counter[27] ;
; 11:1               ; 4 bits    ; 28 LEs        ; 16 LEs               ; 12 LEs                 ; Yes        ; |TopLevelLockSystem|GondolaDoorLight:gondolaDoorLight|state[0]    ;
; 3:1                ; 31 bits   ; 62 LEs        ; 62 LEs               ; 0 LEs                  ; No         ; |TopLevelLockSystem|WaterSystem:waterSystem|water_level           ;
; 6:1                ; 2 bits    ; 8 LEs         ; 4 LEs                ; 4 LEs                  ; No         ; |TopLevelLockSystem|GondolaDoorLight:gondolaDoorLight|position    ;
; 9:1                ; 2 bits    ; 12 LEs        ; 8 LEs                ; 4 LEs                  ; No         ; |TopLevelLockSystem|GondolaDoorLight:gondolaDoorLight|position    ;
+--------------------+-----------+---------------+----------------------+------------------------+------------+-------------------------------------------------------------------+


+------------------------------------------------------------------------------------+
; Parameter Settings for User Entity Instance: Top-level Entity: |TopLevelLockSystem ;
+----------------+-------+-----------------------------------------------------------+
; Parameter Name ; Value ; Type                                                      ;
+----------------+-------+-----------------------------------------------------------+
; INNER          ; 2800  ; Signed Integer                                            ;
; OUTER          ; 0     ; Signed Integer                                            ;
; TOLERANCE      ; 168.0 ; Signed Float                                              ;
+----------------+-------+-----------------------------------------------------------+
Note: In order to hide this table in the UI and the text report file, please set the "Show Parameter Settings in Synthesis Report" option in "Analysis and Synthesis Settings -> More Settings" to "Off".


+----------------------------------------------------------------------+
; Parameter Settings for User Entity Instance: WaterSystem:waterSystem ;
+----------------+-------+---------------------------------------------+
; Parameter Name ; Value ; Type                                        ;
+----------------+-------+---------------------------------------------+
; INNER          ; 2800  ; Signed Integer                              ;
; OUTER          ; 0     ; Signed Integer                              ;
; TOLERANCE      ; 168   ; Signed Integer                              ;
; INC_AMT        ; 350   ; Signed Integer                              ;
; DEC_AMT        ; 400   ; Signed Integer                              ;
+----------------+-------+---------------------------------------------+
Note: In order to hide this table in the UI and the text report file, please set the "Show Parameter Settings in Synthesis Report" option in "Analysis and Synthesis Settings -> More Settings" to "Off".


+--------------------------------------------------------------------------------+
; Parameter Settings for User Entity Instance: GondolaDoorLight:gondolaDoorLight ;
+--------------------+-------+---------------------------------------------------+
; Parameter Name     ; Value ; Type                                              ;
+--------------------+-------+---------------------------------------------------+
; INNER              ; 2800  ; Signed Integer                                    ;
; OUTER              ; 0     ; Signed Integer                                    ;
; TOLERANCE          ; 168   ; Signed Integer                                    ;
; GONDOLA_ARR_DELAY  ; 5     ; Signed Integer                                    ;
; GONDOLA_DEPT_DELAY ; 5     ; Signed Integer                                    ;
+--------------------+-------+---------------------------------------------------+
Note: In order to hide this table in the UI and the text report file, please set the "Show Parameter Settings in Synthesis Report" option in "Analysis and Synthesis Settings -> More Settings" to "Off".


+------------------------------------------------------------------------+
; Parameter Settings for User Entity Instance: DisplayState:displayState ;
+----------------+---------+---------------------------------------------+
; Parameter Name ; Value   ; Type                                        ;
+----------------+---------+---------------------------------------------+
; boat           ; 0111111 ; Unsigned Binary                             ;
; wall_in        ; 1001111 ; Unsigned Binary                             ;
; wall_in_boat   ; 1001110 ; Unsigned Binary                             ;
; wall_out       ; 1111001 ; Unsigned Binary                             ;
; wall_out_boat  ; 1111000 ; Unsigned Binary                             ;
; empty          ; 1111111 ; Unsigned Binary                             ;
+----------------+---------+---------------------------------------------+
Note: In order to hide this table in the UI and the text report file, please set the "Show Parameter Settings in Synthesis Report" option in "Analysis and Synthesis Settings -> More Settings" to "Off".


+-----------------------------------------------------+
; Post-Synthesis Netlist Statistics for Top Partition ;
+-----------------------+-----------------------------+
; Type                  ; Count                       ;
+-----------------------+-----------------------------+
; arriav_ff             ; 86                          ;
;     ENA               ; 4                           ;
;     SCLR              ; 39                          ;
;     SCLR SLD          ; 27                          ;
;     SLD               ; 6                           ;
;     plain             ; 10                          ;
; arriav_lcell_comb     ; 303                         ;
;     arith             ; 91                          ;
;         1 data inputs ; 63                          ;
;         2 data inputs ; 3                           ;
;         4 data inputs ; 25                          ;
;     extend            ; 1                           ;
;         7 data inputs ; 1                           ;
;     normal            ; 211                         ;
;         0 data inputs ; 1                           ;
;         1 data inputs ; 14                          ;
;         2 data inputs ; 66                          ;
;         3 data inputs ; 17                          ;
;         4 data inputs ; 24                          ;
;         5 data inputs ; 14                          ;
;         6 data inputs ; 75                          ;
; boundary_port         ; 54                          ;
;                       ;                             ;
; Max LUT depth         ; 12.20                       ;
; Average LUT depth     ; 7.76                        ;
+-----------------------+-----------------------------+


+-------------------------------+
; Elapsed Time Per Partition    ;
+----------------+--------------+
; Partition Name ; Elapsed Time ;
+----------------+--------------+
; Top            ; 00:00:00     ;
+----------------+--------------+


+-------------------------------+
; Analysis & Synthesis Messages ;
+-------------------------------+
Info: *******************************************************************
Info: Running Quartus Prime Analysis & Synthesis
    Info: Version 16.0.0 Build 211 04/27/2016 SJ Standard Edition
    Info: Processing started: Sun Apr 30 16:16:14 2017
Info: Command: quartus_map --read_settings_files=on --write_settings_files=off LockSystem -c TopLevelLockSystem
Warning (18236): Number of processors has not been specified which may cause overloading on shared machines.  Set the global assignment NUM_PARALLEL_PROCESSORS in your QSF to an appropriate value for best performance.
Info (20030): Parallel compilation is enabled and will use 4 of the 4 processors detected
Info (12021): Found 3 design units, including 3 entities, in source file toplevellocksystem.v
    Info (12023): Found entity 1: TopLevelLockSystem File: C:/Users/mkhuat/Documents/ee371/Lab2/LockSystem/TopLevelLockSystem.v Line: 1
    Info (12023): Found entity 2: GondolaDoorLight File: C:/Users/mkhuat/Documents/ee371/Lab2/LockSystem/TopLevelLockSystem.v Line: 57
    Info (12023): Found entity 3: WaterSystem File: C:/Users/mkhuat/Documents/ee371/Lab2/LockSystem/TopLevelLockSystem.v Line: 224
Info (12021): Found 1 design units, including 1 entities, in source file displaystate.v
    Info (12023): Found entity 1: DisplayState File: C:/Users/mkhuat/Documents/ee371/Lab2/LockSystem/DisplayState.v Line: 1
Info (12021): Found 1 design units, including 1 entities, in source file filter.v
    Info (12023): Found entity 1: filter File: C:/Users/mkhuat/Documents/ee371/Lab2/LockSystem/filter.v Line: 1
Info (12127): Elaborating entity "TopLevelLockSystem" for the top level hierarchy
Info (12128): Elaborating entity "filter" for hierarchy "filter:inner_door_f" File: C:/Users/mkhuat/Documents/ee371/Lab2/LockSystem/TopLevelLockSystem.v Line: 15
Info (12128): Elaborating entity "WaterSystem" for hierarchy "WaterSystem:waterSystem" File: C:/Users/mkhuat/Documents/ee371/Lab2/LockSystem/TopLevelLockSystem.v Line: 28
Info (12128): Elaborating entity "GondolaDoorLight" for hierarchy "GondolaDoorLight:gondolaDoorLight" File: C:/Users/mkhuat/Documents/ee371/Lab2/LockSystem/TopLevelLockSystem.v Line: 31
Info (10264): Verilog HDL Case Statement information at TopLevelLockSystem.v(121): all case item expressions in this case statement are onehot File: C:/Users/mkhuat/Documents/ee371/Lab2/LockSystem/TopLevelLockSystem.v Line: 121
Info (10264): Verilog HDL Case Statement information at TopLevelLockSystem.v(154): all case item expressions in this case statement are onehot File: C:/Users/mkhuat/Documents/ee371/Lab2/LockSystem/TopLevelLockSystem.v Line: 154
Info (12128): Elaborating entity "DisplayState" for hierarchy "DisplayState:displayState" File: C:/Users/mkhuat/Documents/ee371/Lab2/LockSystem/TopLevelLockSystem.v Line: 33
Warning (13024): Output pins are stuck at VCC or GND
    Warning (13410): Pin "HEX0[0]" is stuck at VCC File: C:/Users/mkhuat/Documents/ee371/Lab2/LockSystem/TopLevelLockSystem.v Line: 9
    Warning (13410): Pin "HEX0[1]" is stuck at VCC File: C:/Users/mkhuat/Documents/ee371/Lab2/LockSystem/TopLevelLockSystem.v Line: 9
    Warning (13410): Pin "HEX0[2]" is stuck at VCC File: C:/Users/mkhuat/Documents/ee371/Lab2/LockSystem/TopLevelLockSystem.v Line: 9
    Warning (13410): Pin "HEX0[3]" is stuck at VCC File: C:/Users/mkhuat/Documents/ee371/Lab2/LockSystem/TopLevelLockSystem.v Line: 9
    Warning (13410): Pin "HEX0[4]" is stuck at VCC File: C:/Users/mkhuat/Documents/ee371/Lab2/LockSystem/TopLevelLockSystem.v Line: 9
    Warning (13410): Pin "HEX0[5]" is stuck at VCC File: C:/Users/mkhuat/Documents/ee371/Lab2/LockSystem/TopLevelLockSystem.v Line: 9
    Warning (13410): Pin "HEX1[0]" is stuck at VCC File: C:/Users/mkhuat/Documents/ee371/Lab2/LockSystem/TopLevelLockSystem.v Line: 9
    Warning (13410): Pin "HEX1[1]" is stuck at VCC File: C:/Users/mkhuat/Documents/ee371/Lab2/LockSystem/TopLevelLockSystem.v Line: 9
    Warning (13410): Pin "HEX1[2]" is stuck at VCC File: C:/Users/mkhuat/Documents/ee371/Lab2/LockSystem/TopLevelLockSystem.v Line: 9
    Warning (13410): Pin "HEX1[3]" is stuck at VCC File: C:/Users/mkhuat/Documents/ee371/Lab2/LockSystem/TopLevelLockSystem.v Line: 9
    Warning (13410): Pin "HEX1[4]" is stuck at VCC File: C:/Users/mkhuat/Documents/ee371/Lab2/LockSystem/TopLevelLockSystem.v Line: 9
    Warning (13410): Pin "HEX1[5]" is stuck at VCC File: C:/Users/mkhuat/Documents/ee371/Lab2/LockSystem/TopLevelLockSystem.v Line: 9
    Warning (13410): Pin "HEX2[3]" is stuck at VCC File: C:/Users/mkhuat/Documents/ee371/Lab2/LockSystem/TopLevelLockSystem.v Line: 9
    Warning (13410): Pin "HEX2[4]" is stuck at VCC File: C:/Users/mkhuat/Documents/ee371/Lab2/LockSystem/TopLevelLockSystem.v Line: 9
    Warning (13410): Pin "HEX2[5]" is stuck at VCC File: C:/Users/mkhuat/Documents/ee371/Lab2/LockSystem/TopLevelLockSystem.v Line: 9
    Warning (13410): Pin "HEX3[1]" is stuck at VCC File: C:/Users/mkhuat/Documents/ee371/Lab2/LockSystem/TopLevelLockSystem.v Line: 9
    Warning (13410): Pin "HEX3[2]" is stuck at VCC File: C:/Users/mkhuat/Documents/ee371/Lab2/LockSystem/TopLevelLockSystem.v Line: 9
    Warning (13410): Pin "HEX3[3]" is stuck at VCC File: C:/Users/mkhuat/Documents/ee371/Lab2/LockSystem/TopLevelLockSystem.v Line: 9
    Warning (13410): Pin "HEX4[0]" is stuck at VCC File: C:/Users/mkhuat/Documents/ee371/Lab2/LockSystem/TopLevelLockSystem.v Line: 9
    Warning (13410): Pin "HEX4[1]" is stuck at VCC File: C:/Users/mkhuat/Documents/ee371/Lab2/LockSystem/TopLevelLockSystem.v Line: 9
    Warning (13410): Pin "HEX4[2]" is stuck at VCC File: C:/Users/mkhuat/Documents/ee371/Lab2/LockSystem/TopLevelLockSystem.v Line: 9
    Warning (13410): Pin "HEX4[3]" is stuck at VCC File: C:/Users/mkhuat/Documents/ee371/Lab2/LockSystem/TopLevelLockSystem.v Line: 9
    Warning (13410): Pin "HEX4[4]" is stuck at VCC File: C:/Users/mkhuat/Documents/ee371/Lab2/LockSystem/TopLevelLockSystem.v Line: 9
    Warning (13410): Pin "HEX4[5]" is stuck at VCC File: C:/Users/mkhuat/Documents/ee371/Lab2/LockSystem/TopLevelLockSystem.v Line: 9
    Warning (13410): Pin "HEX5[0]" is stuck at VCC File: C:/Users/mkhuat/Documents/ee371/Lab2/LockSystem/TopLevelLockSystem.v Line: 9
    Warning (13410): Pin "HEX5[1]" is stuck at VCC File: C:/Users/mkhuat/Documents/ee371/Lab2/LockSystem/TopLevelLockSystem.v Line: 9
    Warning (13410): Pin "HEX5[2]" is stuck at VCC File: C:/Users/mkhuat/Documents/ee371/Lab2/LockSystem/TopLevelLockSystem.v Line: 9
    Warning (13410): Pin "HEX5[3]" is stuck at VCC File: C:/Users/mkhuat/Documents/ee371/Lab2/LockSystem/TopLevelLockSystem.v Line: 9
    Warning (13410): Pin "HEX5[4]" is stuck at VCC File: C:/Users/mkhuat/Documents/ee371/Lab2/LockSystem/TopLevelLockSystem.v Line: 9
    Warning (13410): Pin "HEX5[5]" is stuck at VCC File: C:/Users/mkhuat/Documents/ee371/Lab2/LockSystem/TopLevelLockSystem.v Line: 9
Info (286030): Timing-Driven Synthesis is running
Info (17049): 7 registers lost all their fanouts during netlist optimizations.
Info (16010): Generating hard_block partition "hard_block:auto_generated_inst"
    Info (16011): Adding 0 node(s), including 0 DDIO, 0 PLL, 0 transceiver and 0 LCELL
Info (21057): Implemented 375 device resources after synthesis - the final resource count might be different
    Info (21058): Implemented 8 input pins
    Info (21059): Implemented 46 output pins
    Info (21061): Implemented 321 logic cells
Info: Quartus Prime Analysis & Synthesis was successful. 0 errors, 32 warnings
    Info: Peak virtual memory: 940 megabytes
    Info: Processing ended: Sun Apr 30 16:16:26 2017
    Info: Elapsed time: 00:00:12
    Info: Total CPU time (on all processors): 00:00:25


