Analysis & Synthesis report for JohnsonUpCounterImpl
Sun Apr 09 22:05:22 2017
Quartus II 64-Bit Version 14.0.0 Build 200 06/17/2014 SJ Web Edition


---------------------
; Table of Contents ;
---------------------
  1. Legal Notice
  2. Analysis & Synthesis Summary
  3. Analysis & Synthesis Settings
  4. Parallel Compilation
  5. Analysis & Synthesis Source Files Read
  6. Analysis & Synthesis Resource Usage Summary
  7. Analysis & Synthesis Resource Utilization by Entity
  8. Registers Removed During Synthesis
  9. General Register Statistics
 10. Port Connectivity Checks: "JohnsonUpCounter:johnsonUpCounter|DFlipFlop:three"
 11. Port Connectivity Checks: "JohnsonUpCounter:johnsonUpCounter|DFlipFlop:two"
 12. Port Connectivity Checks: "JohnsonUpCounter:johnsonUpCounter|DFlipFlop:one"
 13. Port Connectivity Checks: "JohnsonUpCounter:johnsonUpCounter|DFlipFlop:zero"
 14. Post-Synthesis Netlist Statistics for Top Partition
 15. Elapsed Time Per Partition
 16. Analysis & Synthesis Messages



----------------
; Legal Notice ;
----------------
Copyright (C) 1991-2014 Altera Corporation. All rights reserved.
Your use of Altera Corporation's design tools, logic functions 
and other software and tools, and its AMPP partner logic 
functions, and any output files from any of the foregoing 
(including device programming or simulation files), and any 
associated documentation or information are expressly subject 
to the terms and conditions of the Altera Program License 
Subscription Agreement, the Altera Quartus II License Agreement,
the Altera MegaCore Function License Agreement, or other 
applicable license agreement, including, without limitation, 
that your use is for the sole purpose of programming logic 
devices manufactured by Altera and sold by Altera or its 
authorized distributors.  Please refer to the applicable 
agreement for further details.



+------------------------------------------------------------------------------+
; Analysis & Synthesis Summary                                                 ;
+---------------------------------+--------------------------------------------+
; Analysis & Synthesis Status     ; Successful - Sun Apr 09 22:05:22 2017      ;
; Quartus II 64-Bit Version       ; 14.0.0 Build 200 06/17/2014 SJ Web Edition ;
; Revision Name                   ; JohnsonUpCounterImpl                       ;
; Top-level Entity Name           ; JohnsonUpCounterImpl                       ;
; Family                          ; Cyclone V                                  ;
; Logic utilization (in ALMs)     ; N/A                                        ;
; Total registers                 ; 29                                         ;
; Total pins                      ; 6                                          ;
; Total virtual pins              ; 0                                          ;
; Total block memory bits         ; 0                                          ;
; Total DSP Blocks                ; 0                                          ;
; Total HSSI RX PCSs              ; 0                                          ;
; Total HSSI PMA RX Deserializers ; 0                                          ;
; Total HSSI TX PCSs              ; 0                                          ;
; Total HSSI PMA TX Serializers   ; 0                                          ;
; Total PLLs                      ; 0                                          ;
; Total DLLs                      ; 0                                          ;
+---------------------------------+--------------------------------------------+


+-------------------------------------------------------------------------------------------------------------------------------+
; Analysis & Synthesis Settings                                                                                                 ;
+---------------------------------------------------------------------------------+----------------------+----------------------+
; Option                                                                          ; Setting              ; Default Value        ;
+---------------------------------------------------------------------------------+----------------------+----------------------+
; Device                                                                          ; 5CSEMA5F31C6         ;                      ;
; Top-level entity name                                                           ; JohnsonUpCounterImpl ; JohnsonUpCounterImpl ;
; Family name                                                                     ; Cyclone V            ; Cyclone IV GX        ;
; Use smart compilation                                                           ; Off                  ; Off                  ;
; Enable parallel Assembler and TimeQuest Timing Analyzer during compilation      ; On                   ; On                   ;
; Enable compact report table                                                     ; Off                  ; Off                  ;
; Restructure Multiplexers                                                        ; Auto                 ; Auto                 ;
; MLAB Add Timing Constraints For Mixed-Port Feed-Through Mode Setting Don't Care ; Off                  ; Off                  ;
; Create Debugging Nodes for IP Cores                                             ; Off                  ; Off                  ;
; Preserve fewer node names                                                       ; On                   ; On                   ;
; Disable OpenCore Plus hardware evaluation                                       ; Off                  ; Off                  ;
; Verilog Version                                                                 ; Verilog_2001         ; Verilog_2001         ;
; VHDL Version                                                                    ; VHDL_1993            ; VHDL_1993            ;
; State Machine Processing                                                        ; Auto                 ; Auto                 ;
; Safe State Machine                                                              ; Off                  ; Off                  ;
; Extract Verilog State Machines                                                  ; On                   ; On                   ;
; Extract VHDL State Machines                                                     ; On                   ; On                   ;
; Ignore Verilog initial constructs                                               ; Off                  ; Off                  ;
; Iteration limit for constant Verilog loops                                      ; 5000                 ; 5000                 ;
; Iteration limit for non-constant Verilog loops                                  ; 250                  ; 250                  ;
; Add Pass-Through Logic to Inferred RAMs                                         ; On                   ; On                   ;
; Infer RAMs from Raw Logic                                                       ; On                   ; On                   ;
; Parallel Synthesis                                                              ; On                   ; On                   ;
; DSP Block Balancing                                                             ; Auto                 ; Auto                 ;
; NOT Gate Push-Back                                                              ; On                   ; On                   ;
; Power-Up Don't Care                                                             ; On                   ; On                   ;
; Remove Redundant Logic Cells                                                    ; Off                  ; Off                  ;
; Remove Duplicate Registers                                                      ; On                   ; On                   ;
; Ignore CARRY Buffers                                                            ; Off                  ; Off                  ;
; Ignore CASCADE Buffers                                                          ; Off                  ; Off                  ;
; Ignore GLOBAL Buffers                                                           ; Off                  ; Off                  ;
; Ignore ROW GLOBAL Buffers                                                       ; Off                  ; Off                  ;
; Ignore LCELL Buffers                                                            ; Off                  ; Off                  ;
; Ignore SOFT Buffers                                                             ; On                   ; On                   ;
; Limit AHDL Integers to 32 Bits                                                  ; Off                  ; Off                  ;
; Optimization Technique                                                          ; Balanced             ; Balanced             ;
; Carry Chain Length                                                              ; 70                   ; 70                   ;
; Auto Carry Chains                                                               ; On                   ; On                   ;
; Auto Open-Drain Pins                                                            ; On                   ; On                   ;
; Perform WYSIWYG Primitive Resynthesis                                           ; Off                  ; Off                  ;
; Auto ROM Replacement                                                            ; On                   ; On                   ;
; Auto RAM Replacement                                                            ; On                   ; On                   ;
; Auto DSP Block Replacement                                                      ; On                   ; On                   ;
; Auto Shift Register Replacement                                                 ; Auto                 ; Auto                 ;
; Allow Shift Register Merging across Hierarchies                                 ; Auto                 ; Auto                 ;
; Auto Clock Enable Replacement                                                   ; On                   ; On                   ;
; Strict RAM Replacement                                                          ; Off                  ; Off                  ;
; Allow Synchronous Control Signals                                               ; On                   ; On                   ;
; Force Use of Synchronous Clear Signals                                          ; Off                  ; Off                  ;
; Auto Resource Sharing                                                           ; Off                  ; Off                  ;
; Allow Any RAM Size For Recognition                                              ; Off                  ; Off                  ;
; Allow Any ROM Size For Recognition                                              ; Off                  ; Off                  ;
; Allow Any Shift Register Size For Recognition                                   ; Off                  ; Off                  ;
; Use LogicLock Constraints during Resource Balancing                             ; On                   ; On                   ;
; Ignore translate_off and synthesis_off directives                               ; Off                  ; Off                  ;
; Timing-Driven Synthesis                                                         ; On                   ; On                   ;
; Report Parameter Settings                                                       ; On                   ; On                   ;
; Report Source Assignments                                                       ; On                   ; On                   ;
; Report Connectivity Checks                                                      ; On                   ; On                   ;
; Ignore Maximum Fan-Out Assignments                                              ; Off                  ; Off                  ;
; Synchronization Register Chain Length                                           ; 3                    ; 3                    ;
; PowerPlay Power Optimization                                                    ; Normal compilation   ; Normal compilation   ;
; HDL message level                                                               ; Level2               ; Level2               ;
; Suppress Register Optimization Related Messages                                 ; Off                  ; Off                  ;
; Number of Removed Registers Reported in Synthesis Report                        ; 5000                 ; 5000                 ;
; Number of Swept Nodes Reported in Synthesis Report                              ; 5000                 ; 5000                 ;
; Number of Inverted Registers Reported in Synthesis Report                       ; 100                  ; 100                  ;
; Clock MUX Protection                                                            ; On                   ; On                   ;
; Auto Gated Clock Conversion                                                     ; Off                  ; Off                  ;
; Block Design Naming                                                             ; Auto                 ; Auto                 ;
; SDC constraint protection                                                       ; Off                  ; Off                  ;
; Synthesis Effort                                                                ; Auto                 ; Auto                 ;
; Shift Register Replacement - Allow Asynchronous Clear Signal                    ; On                   ; On                   ;
; Pre-Mapping Resynthesis Optimization                                            ; Off                  ; Off                  ;
; Analysis & Synthesis Message Level                                              ; Medium               ; Medium               ;
; Disable Register Merging Across Hierarchies                                     ; Auto                 ; Auto                 ;
; Resource Aware Inference For Block RAM                                          ; On                   ; On                   ;
; Synthesis Seed                                                                  ; 1                    ; 1                    ;
; Automatic Parallel Synthesis                                                    ; On                   ; On                   ;
; Partial Reconfiguration Bitstream ID                                            ; Off                  ; Off                  ;
+---------------------------------------------------------------------------------+----------------------+----------------------+


+------------------------------------------+
; Parallel Compilation                     ;
+----------------------------+-------------+
; Processors                 ; Number      ;
+----------------------------+-------------+
; Number detected on machine ; 8           ;
; Maximum allowed            ; 4           ;
;                            ;             ;
; Average used               ; 1.00        ;
; Maximum used               ; 1           ;
;                            ;             ;
; Usage by Processor         ; % Time Used ;
;     Processor 1            ; 100.0%      ;
;     Processors 2-8         ;   0.0%      ;
+----------------------------+-------------+


+------------------------------------------------------------------------------------------------------------------------------------------------------------------+
; Analysis & Synthesis Source Files Read                                                                                                                           ;
+----------------------------------+-----------------+------------------------+--------------------------------------------------------------------------+---------+
; File Name with User-Entered Path ; Used in Netlist ; File Type              ; File Name with Absolute Path                                             ; Library ;
+----------------------------------+-----------------+------------------------+--------------------------------------------------------------------------+---------+
; JohnsonUpCounter.v               ; yes             ; User Verilog HDL File  ; C:/Users/hpadmin/workspace/ee371/JohnsonUpCounter/JohnsonUpCounter.v     ;         ;
; DFlipFlop.v                      ; yes             ; User Verilog HDL File  ; C:/Users/hpadmin/workspace/ee371/JohnsonUpCounter/DFlipFlop.v            ;         ;
; JohnsonUpCounterImpl.v           ; yes             ; User Verilog HDL File  ; C:/Users/hpadmin/workspace/ee371/JohnsonUpCounter/JohnsonUpCounterImpl.v ;         ;
+----------------------------------+-----------------+------------------------+--------------------------------------------------------------------------+---------+


+----------------------------------------------------------+
; Analysis & Synthesis Resource Usage Summary              ;
+---------------------------------------------+------------+
; Resource                                    ; Usage      ;
+---------------------------------------------+------------+
; Estimate of Logic utilization (ALMs needed) ; 15         ;
;                                             ;            ;
; Combinational ALUT usage for logic          ; 29         ;
;     -- 7 input functions                    ; 0          ;
;     -- 6 input functions                    ; 0          ;
;     -- 5 input functions                    ; 0          ;
;     -- 4 input functions                    ; 4          ;
;     -- <=3 input functions                  ; 25         ;
;                                             ;            ;
; Dedicated logic registers                   ; 29         ;
;                                             ;            ;
; I/O pins                                    ; 6          ;
; Total DSP Blocks                            ; 0          ;
; Maximum fan-out node                        ; iClk~input ;
; Maximum fan-out                             ; 25         ;
; Total fan-out                               ; 137        ;
; Average fan-out                             ; 1.96       ;
+---------------------------------------------+------------+


+---------------------------------------------------------------------------------------------------------------------------------------------------------------------------------------------------------------------------+
; Analysis & Synthesis Resource Utilization by Entity                                                                                                                                                                       ;
+----------------------------------------+-------------------+--------------+-------------------+------------+------+--------------+-------------------------------------------------------------------------+--------------+
; Compilation Hierarchy Node             ; LC Combinationals ; LC Registers ; Block Memory Bits ; DSP Blocks ; Pins ; Virtual Pins ; Full Hierarchy Name                                                     ; Library Name ;
+----------------------------------------+-------------------+--------------+-------------------+------------+------+--------------+-------------------------------------------------------------------------+--------------+
; |JohnsonUpCounterImpl                  ; 29 (25)           ; 29 (25)      ; 0                 ; 0          ; 6    ; 0            ; |JohnsonUpCounterImpl                                                   ; work         ;
;    |JohnsonUpCounter:johnsonUpCounter| ; 4 (4)             ; 4 (0)        ; 0                 ; 0          ; 0    ; 0            ; |JohnsonUpCounterImpl|JohnsonUpCounter:johnsonUpCounter                 ; work         ;
;       |DFlipFlop:one|                  ; 0 (0)             ; 1 (1)        ; 0                 ; 0          ; 0    ; 0            ; |JohnsonUpCounterImpl|JohnsonUpCounter:johnsonUpCounter|DFlipFlop:one   ; work         ;
;       |DFlipFlop:three|                ; 0 (0)             ; 1 (1)        ; 0                 ; 0          ; 0    ; 0            ; |JohnsonUpCounterImpl|JohnsonUpCounter:johnsonUpCounter|DFlipFlop:three ; work         ;
;       |DFlipFlop:two|                  ; 0 (0)             ; 1 (1)        ; 0                 ; 0          ; 0    ; 0            ; |JohnsonUpCounterImpl|JohnsonUpCounter:johnsonUpCounter|DFlipFlop:two   ; work         ;
;       |DFlipFlop:zero|                 ; 0 (0)             ; 1 (1)        ; 0                 ; 0          ; 0    ; 0            ; |JohnsonUpCounterImpl|JohnsonUpCounter:johnsonUpCounter|DFlipFlop:zero  ; work         ;
+----------------------------------------+-------------------+--------------+-------------------+------------+------+--------------+-------------------------------------------------------------------------+--------------+
Note: For table entries with two numbers listed, the numbers in parentheses indicate the number of resources of the given type used by the specific entity alone. The numbers listed outside of parentheses indicate the total resources of the given type used by the specific entity and all of its sub-entities in the hierarchy.


+------------------------------------------------------------+
; Registers Removed During Synthesis                         ;
+---------------------------------------+--------------------+
; Register name                         ; Reason for Removal ;
+---------------------------------------+--------------------+
; tBase[25..30]                         ; Lost fanout        ;
; Total Number of Removed Registers = 6 ;                    ;
+---------------------------------------+--------------------+


+------------------------------------------------------+
; General Register Statistics                          ;
+----------------------------------------------+-------+
; Statistic                                    ; Value ;
+----------------------------------------------+-------+
; Total registers                              ; 29    ;
; Number of registers using Synchronous Clear  ; 0     ;
; Number of registers using Synchronous Load   ; 0     ;
; Number of registers using Asynchronous Clear ; 4     ;
; Number of registers using Asynchronous Load  ; 0     ;
; Number of registers using Clock Enable       ; 0     ;
; Number of registers using Preset             ; 0     ;
+----------------------------------------------+-------+


+----------------------------------------------------------------------------------------------------------------+
; Port Connectivity Checks: "JohnsonUpCounter:johnsonUpCounter|DFlipFlop:three"                                  ;
+------+--------+----------+-------------------------------------------------------------------------------------+
; Port ; Type   ; Severity ; Details                                                                             ;
+------+--------+----------+-------------------------------------------------------------------------------------+
; qBar ; Output ; Info     ; Connected to dangling logic. Logic that only feeds a dangling port will be removed. ;
+------+--------+----------+-------------------------------------------------------------------------------------+


+----------------------------------------------------------------------------------------------------------------+
; Port Connectivity Checks: "JohnsonUpCounter:johnsonUpCounter|DFlipFlop:two"                                    ;
+------+--------+----------+-------------------------------------------------------------------------------------+
; Port ; Type   ; Severity ; Details                                                                             ;
+------+--------+----------+-------------------------------------------------------------------------------------+
; qBar ; Output ; Info     ; Connected to dangling logic. Logic that only feeds a dangling port will be removed. ;
+------+--------+----------+-------------------------------------------------------------------------------------+


+----------------------------------------------------------------------------------------------------------------+
; Port Connectivity Checks: "JohnsonUpCounter:johnsonUpCounter|DFlipFlop:one"                                    ;
+------+--------+----------+-------------------------------------------------------------------------------------+
; Port ; Type   ; Severity ; Details                                                                             ;
+------+--------+----------+-------------------------------------------------------------------------------------+
; qBar ; Output ; Info     ; Connected to dangling logic. Logic that only feeds a dangling port will be removed. ;
+------+--------+----------+-------------------------------------------------------------------------------------+


+----------------------------------------------------------------------------------------------------------------+
; Port Connectivity Checks: "JohnsonUpCounter:johnsonUpCounter|DFlipFlop:zero"                                   ;
+------+--------+----------+-------------------------------------------------------------------------------------+
; Port ; Type   ; Severity ; Details                                                                             ;
+------+--------+----------+-------------------------------------------------------------------------------------+
; qBar ; Output ; Info     ; Connected to dangling logic. Logic that only feeds a dangling port will be removed. ;
+------+--------+----------+-------------------------------------------------------------------------------------+


+-----------------------------------------------------+
; Post-Synthesis Netlist Statistics for Top Partition ;
+-----------------------+-----------------------------+
; Type                  ; Count                       ;
+-----------------------+-----------------------------+
; arriav_ff             ; 29                          ;
;     CLR               ; 4                           ;
;     plain             ; 25                          ;
; arriav_lcell_comb     ; 29                          ;
;     arith             ; 24                          ;
;         1 data inputs ; 23                          ;
;         2 data inputs ; 1                           ;
;     normal            ; 5                           ;
;         1 data inputs ; 1                           ;
;         4 data inputs ; 4                           ;
; boundary_port         ; 6                           ;
;                       ;                             ;
; Max LUT depth         ; 3.30                        ;
; Average LUT depth     ; 2.31                        ;
+-----------------------+-----------------------------+


+-------------------------------+
; Elapsed Time Per Partition    ;
+----------------+--------------+
; Partition Name ; Elapsed Time ;
+----------------+--------------+
; Top            ; 00:00:00     ;
+----------------+--------------+


+-------------------------------+
; Analysis & Synthesis Messages ;
+-------------------------------+
Info: *******************************************************************
Info: Running Quartus II 64-Bit Analysis & Synthesis
    Info: Version 14.0.0 Build 200 06/17/2014 SJ Web Edition
    Info: Processing started: Sun Apr 09 22:05:20 2017
Info: Command: quartus_map --read_settings_files=on --write_settings_files=off JohnsonUpCounter -c JohnsonUpCounterImpl
Info (11104): Parallel Compilation has detected 8 hyper-threaded processors. However, the extra hyper-threaded processors will not be used by default. Parallel Compilation will use 4 of the 4 physical processors detected instead.
Info (12021): Found 1 design units, including 1 entities, in source file johnsonupcounter.v
    Info (12023): Found entity 1: JohnsonUpCounter
Info (12021): Found 1 design units, including 1 entities, in source file dflipflop.v
    Info (12023): Found entity 1: DFlipFlop
Info (12021): Found 1 design units, including 1 entities, in source file johnsonupcounterimpl.v
    Info (12023): Found entity 1: JohnsonUpCounterImpl
Warning (10236): Verilog HDL Implicit Net warning at JohnsonUpCounterImpl.v(9): created implicit net for "qA"
Warning (10236): Verilog HDL Implicit Net warning at JohnsonUpCounterImpl.v(10): created implicit net for "qB"
Warning (10236): Verilog HDL Implicit Net warning at JohnsonUpCounterImpl.v(11): created implicit net for "qC"
Warning (10236): Verilog HDL Implicit Net warning at JohnsonUpCounterImpl.v(12): created implicit net for "qD"
Info (12127): Elaborating entity "JohnsonUpCounterImpl" for the top level hierarchy
Info (12128): Elaborating entity "JohnsonUpCounter" for hierarchy "JohnsonUpCounter:johnsonUpCounter"
Info (12128): Elaborating entity "DFlipFlop" for hierarchy "JohnsonUpCounter:johnsonUpCounter|DFlipFlop:zero"
Info (13014): Ignored 4 buffer(s)
    Info (13019): Ignored 4 SOFT buffer(s)
Info (286030): Timing-Driven Synthesis is running
Info (17049): 6 registers lost all their fanouts during netlist optimizations.
Info (16010): Generating hard_block partition "hard_block:auto_generated_inst"
    Info (16011): Adding 0 node(s), including 0 DDIO, 0 PLL, 0 transceiver and 0 LCELL
Info (21057): Implemented 35 device resources after synthesis - the final resource count might be different
    Info (21058): Implemented 2 input pins
    Info (21059): Implemented 4 output pins
    Info (21061): Implemented 29 logic cells
Info: Quartus II 64-Bit Analysis & Synthesis was successful. 0 errors, 4 warnings
    Info: Peak virtual memory: 607 megabytes
    Info: Processing ended: Sun Apr 09 22:05:22 2017
    Info: Elapsed time: 00:00:02
    Info: Total CPU time (on all processors): 00:00:02


