21:13:34 **** Incremental Build of configuration Nios II for project swag ****
make all 
Info: Building ../swag_bsp/
C:/altera/16.0/nios2eds/bin/gnu/H-x86_64-mingw32/bin/make --no-print-directory -C ../swag_bsp/
[BSP build complete]
[swag build complete]
21:13:39 **** Build of configuration Nios II for project swag ****
make all 
Info: Building ../swag_bsp/
C:/altera/16.0/nios2eds/bin/gnu/H-x86_64-mingw32/bin/make --no-print-directory -C ../swag_bsp/
[BSP build complete]
[swag build complete]
21:14:00 **** Incremental Build of configuration Nios II for project swag ****
make all 
Info: Building ../swag_bsp/
C:/altera/16.0/nios2eds/bin/gnu/H-x86_64-mingw32/bin/make --no-print-directory -C ../swag_bsp/
[BSP build complete]
[swag build complete]
21:14:19 **** Build of configuration Nios II for project swag ****
make all 
Info: Building ../swag_bsp/
C:/altera/16.0/nios2eds/bin/gnu/H-x86_64-mingw32/bin/make --no-print-directory -C ../swag_bsp/
[BSP build complete]
[swag build complete]
21:14:20 **** Incremental Build of configuration Nios II for project swag ****
make all 
Info: Building ../swag_bsp/
C:/altera/16.0/nios2eds/bin/gnu/H-x86_64-mingw32/bin/make --no-print-directory -C ../swag_bsp/
[BSP build complete]
[swag build complete]
21:14:55 **** Incremental Build of configuration Nios II for project swag ****
make all 
Info: Building ../swag_bsp/
C:/altera/16.0/nios2eds/bin/gnu/H-x86_64-mingw32/bin/make --no-print-directory -C ../swag_bsp/
[BSP build complete]
[swag build complete]
