Analysis & Elaboration report for TopLevelScannerSystem
Wed May 10 17:22:44 2017
Quartus Prime Version 16.0.0 Build 211 04/27/2016 SJ Standard Edition


---------------------
; Table of Contents ;
---------------------
  1. Legal Notice
  2. Analysis & Elaboration Summary
  3. Parallel Compilation
  4. Parameter Settings for User Entity Instance: Top-level Entity: |TopLevelScannerSystem
  5. Parameter Settings for User Entity Instance: Scanner:scan_1
  6. Parameter Settings for User Entity Instance: Scanner:scan_1|DisplayState:displayState
  7. Parameter Settings for User Entity Instance: Scanner:scan_2
  8. Parameter Settings for User Entity Instance: Scanner:scan_2|DisplayState:displayState
  9. Analysis & Elaboration Settings
 10. Port Connectivity Checks: "Scanner:scan_2"
 11. Port Connectivity Checks: "Scanner:scan_1"
 12. Analysis & Elaboration Messages



----------------
; Legal Notice ;
----------------
Copyright (C) 1991-2016 Altera Corporation. All rights reserved.
Your use of Altera Corporation's design tools, logic functions 
and other software and tools, and its AMPP partner logic 
functions, and any output files from any of the foregoing 
(including device programming or simulation files), and any 
associated documentation or information are expressly subject 
to the terms and conditions of the Altera Program License 
Subscription Agreement, the Altera Quartus Prime License Agreement,
the Altera MegaCore Function License Agreement, or other 
applicable license agreement, including, without limitation, 
that your use is for the sole purpose of programming logic 
devices manufactured by Altera and sold by Altera or its 
authorized distributors.  Please refer to the applicable 
agreement for further details.



+---------------------------------------------------------------------------------+
; Analysis & Elaboration Summary                                                  ;
+-------------------------------+-------------------------------------------------+
; Analysis & Elaboration Status ; Successful - Wed May 10 17:22:44 2017           ;
; Quartus Prime Version         ; 16.0.0 Build 211 04/27/2016 SJ Standard Edition ;
; Revision Name                 ; TopLevelScannerSystem                           ;
; Top-level Entity Name         ; TopLevelScannerSystem                           ;
; Family                        ; Cyclone V                                       ;
; Logic utilization (in ALMs)   ; N/A until Partition Merge                       ;
; Total registers               ; N/A until Partition Merge                       ;
; Total pins                    ; N/A until Partition Merge                       ;
; Total virtual pins            ; N/A until Partition Merge                       ;
; Total block memory bits       ; N/A until Partition Merge                       ;
; Total PLLs                    ; N/A until Partition Merge                       ;
; Total DLLs                    ; N/A until Partition Merge                       ;
+-------------------------------+-------------------------------------------------+


+------------------------------------------+
; Parallel Compilation                     ;
+----------------------------+-------------+
; Processors                 ; Number      ;
+----------------------------+-------------+
; Number detected on machine ; 8           ;
; Maximum allowed            ; 4           ;
;                            ;             ;
; Average used               ; 1.00        ;
; Maximum used               ; 1           ;
;                            ;             ;
; Usage by Processor         ; % Time Used ;
;     Processor 1            ; 100.0%      ;
+----------------------------+-------------+


+---------------------------------------------------------------------------------------+
; Parameter Settings for User Entity Instance: Top-level Entity: |TopLevelScannerSystem ;
+----------------+-------+--------------------------------------------------------------+
; Parameter Name ; Value ; Type                                                         ;
+----------------+-------+--------------------------------------------------------------+
; CLOCK_INDEX    ; 24    ; Signed Integer                                               ;
; LOWPOWER       ; 000   ; Unsigned Binary                                              ;
; STANDBY        ; 001   ; Unsigned Binary                                              ;
; COLLECTING     ; 010   ; Unsigned Binary                                              ;
; IDLE           ; 011   ; Unsigned Binary                                              ;
; TRANSFERRING   ; 100   ; Unsigned Binary                                              ;
; FLUSHING       ; 101   ; Unsigned Binary                                              ;
; INACTIVE       ; 00    ; Unsigned Binary                                              ;
; GO_TO_STANDBY  ; 01    ; Unsigned Binary                                              ;
; START_SCAN     ; 10    ; Unsigned Binary                                              ;
; START_FLUSH    ; 11    ; Unsigned Binary                                              ;
+----------------+-------+--------------------------------------------------------------+
Note: In order to hide this table in the UI and the text report file, please set the "Show Parameter Settings in Synthesis Report" option in "Analysis and Synthesis Settings -> More Settings" to "Off".


+-------------------------------------------------------------+
; Parameter Settings for User Entity Instance: Scanner:scan_1 ;
+----------------+-------+------------------------------------+
; Parameter Name ; Value ; Type                               ;
+----------------+-------+------------------------------------+
; ID             ; 1     ; Signed Integer                     ;
+----------------+-------+------------------------------------+
Note: In order to hide this table in the UI and the text report file, please set the "Show Parameter Settings in Synthesis Report" option in "Analysis and Synthesis Settings -> More Settings" to "Off".


+---------------------------------------------------------------------------------------+
; Parameter Settings for User Entity Instance: Scanner:scan_1|DisplayState:displayState ;
+----------------+---------+------------------------------------------------------------+
; Parameter Name ; Value   ; Type                                                       ;
+----------------+---------+------------------------------------------------------------+
; HEX_1          ; 1111001 ; Unsigned Binary                                            ;
; HEX_2          ; 0100100 ; Unsigned Binary                                            ;
; HEX_3          ; 0110000 ; Unsigned Binary                                            ;
; HEX_4          ; 0011001 ; Unsigned Binary                                            ;
; HEX_5          ; 0010010 ; Unsigned Binary                                            ;
; HEX_6          ; 0000010 ; Unsigned Binary                                            ;
; HEX_7          ; 1111000 ; Unsigned Binary                                            ;
; HEX_8          ; 0000000 ; Unsigned Binary                                            ;
; HEX_9          ; 0010000 ; Unsigned Binary                                            ;
; HEX_10         ; 1001000 ; Unsigned Binary                                            ;
; HEX_DASH       ; 1111110 ; Unsigned Binary                                            ;
; HEX_CLEAR      ; 1111111 ; Unsigned Binary                                            ;
; HEX_L          ; 1110001 ; Unsigned Binary                                            ;
; HEX_S          ; 0100100 ; Unsigned Binary                                            ;
; HEX_C          ; 0110001 ; Unsigned Binary                                            ;
; HEX_I          ; 1000010 ; Unsigned Binary                                            ;
; HEX_T          ; 1110000 ; Unsigned Binary                                            ;
; HEX_F          ; 0111000 ; Unsigned Binary                                            ;
; LOWPOWER       ; 000     ; Unsigned Binary                                            ;
; STANDBY        ; 001     ; Unsigned Binary                                            ;
; COLLECTING     ; 010     ; Unsigned Binary                                            ;
; IDLE           ; 011     ; Unsigned Binary                                            ;
; TRANSFERRING   ; 100     ; Unsigned Binary                                            ;
; FLUSHING       ; 101     ; Unsigned Binary                                            ;
+----------------+---------+------------------------------------------------------------+
Note: In order to hide this table in the UI and the text report file, please set the "Show Parameter Settings in Synthesis Report" option in "Analysis and Synthesis Settings -> More Settings" to "Off".


+-------------------------------------------------------------+
; Parameter Settings for User Entity Instance: Scanner:scan_2 ;
+----------------+-------+------------------------------------+
; Parameter Name ; Value ; Type                               ;
+----------------+-------+------------------------------------+
; ID             ; 2     ; Signed Integer                     ;
+----------------+-------+------------------------------------+
Note: In order to hide this table in the UI and the text report file, please set the "Show Parameter Settings in Synthesis Report" option in "Analysis and Synthesis Settings -> More Settings" to "Off".


+---------------------------------------------------------------------------------------+
; Parameter Settings for User Entity Instance: Scanner:scan_2|DisplayState:displayState ;
+----------------+---------+------------------------------------------------------------+
; Parameter Name ; Value   ; Type                                                       ;
+----------------+---------+------------------------------------------------------------+
; HEX_1          ; 1111001 ; Unsigned Binary                                            ;
; HEX_2          ; 0100100 ; Unsigned Binary                                            ;
; HEX_3          ; 0110000 ; Unsigned Binary                                            ;
; HEX_4          ; 0011001 ; Unsigned Binary                                            ;
; HEX_5          ; 0010010 ; Unsigned Binary                                            ;
; HEX_6          ; 0000010 ; Unsigned Binary                                            ;
; HEX_7          ; 1111000 ; Unsigned Binary                                            ;
; HEX_8          ; 0000000 ; Unsigned Binary                                            ;
; HEX_9          ; 0010000 ; Unsigned Binary                                            ;
; HEX_10         ; 1001000 ; Unsigned Binary                                            ;
; HEX_DASH       ; 1111110 ; Unsigned Binary                                            ;
; HEX_CLEAR      ; 1111111 ; Unsigned Binary                                            ;
; HEX_L          ; 1110001 ; Unsigned Binary                                            ;
; HEX_S          ; 0100100 ; Unsigned Binary                                            ;
; HEX_C          ; 0110001 ; Unsigned Binary                                            ;
; HEX_I          ; 1000010 ; Unsigned Binary                                            ;
; HEX_T          ; 1110000 ; Unsigned Binary                                            ;
; HEX_F          ; 0111000 ; Unsigned Binary                                            ;
; LOWPOWER       ; 000     ; Unsigned Binary                                            ;
; STANDBY        ; 001     ; Unsigned Binary                                            ;
; COLLECTING     ; 010     ; Unsigned Binary                                            ;
; IDLE           ; 011     ; Unsigned Binary                                            ;
; TRANSFERRING   ; 100     ; Unsigned Binary                                            ;
; FLUSHING       ; 101     ; Unsigned Binary                                            ;
+----------------+---------+------------------------------------------------------------+
Note: In order to hide this table in the UI and the text report file, please set the "Show Parameter Settings in Synthesis Report" option in "Analysis and Synthesis Settings -> More Settings" to "Off".


+---------------------------------------------------------------------------------------------------------------------------------+
; Analysis & Elaboration Settings                                                                                                 ;
+---------------------------------------------------------------------------------+-----------------------+-----------------------+
; Option                                                                          ; Setting               ; Default Value         ;
+---------------------------------------------------------------------------------+-----------------------+-----------------------+
; Device                                                                          ; 5CGXFC7C7F23C8        ;                       ;
; Top-level entity name                                                           ; TopLevelScannerSystem ; TopLevelScannerSystem ;
; Family name                                                                     ; Cyclone V             ; Cyclone V             ;
; Use smart compilation                                                           ; Off                   ; Off                   ;
; Enable parallel Assembler and TimeQuest Timing Analyzer during compilation      ; On                    ; On                    ;
; Enable compact report table                                                     ; Off                   ; Off                   ;
; Restructure Multiplexers                                                        ; Auto                  ; Auto                  ;
; MLAB Add Timing Constraints For Mixed-Port Feed-Through Mode Setting Don't Care ; Off                   ; Off                   ;
; Create Debugging Nodes for IP Cores                                             ; Off                   ; Off                   ;
; Preserve fewer node names                                                       ; On                    ; On                    ;
; Disable OpenCore Plus hardware evaluation                                       ; Off                   ; Off                   ;
; Verilog Version                                                                 ; Verilog_2001          ; Verilog_2001          ;
; VHDL Version                                                                    ; VHDL_1993             ; VHDL_1993             ;
; State Machine Processing                                                        ; Auto                  ; Auto                  ;
; Safe State Machine                                                              ; Off                   ; Off                   ;
; Extract Verilog State Machines                                                  ; On                    ; On                    ;
; Extract VHDL State Machines                                                     ; On                    ; On                    ;
; Ignore Verilog initial constructs                                               ; Off                   ; Off                   ;
; Iteration limit for constant Verilog loops                                      ; 5000                  ; 5000                  ;
; Iteration limit for non-constant Verilog loops                                  ; 250                   ; 250                   ;
; Add Pass-Through Logic to Inferred RAMs                                         ; On                    ; On                    ;
; Infer RAMs from Raw Logic                                                       ; On                    ; On                    ;
; Parallel Synthesis                                                              ; On                    ; On                    ;
; DSP Block Balancing                                                             ; Auto                  ; Auto                  ;
; NOT Gate Push-Back                                                              ; On                    ; On                    ;
; Power-Up Don't Care                                                             ; On                    ; On                    ;
; Remove Redundant Logic Cells                                                    ; Off                   ; Off                   ;
; Remove Duplicate Registers                                                      ; On                    ; On                    ;
; Ignore CARRY Buffers                                                            ; Off                   ; Off                   ;
; Ignore CASCADE Buffers                                                          ; Off                   ; Off                   ;
; Ignore GLOBAL Buffers                                                           ; Off                   ; Off                   ;
; Ignore ROW GLOBAL Buffers                                                       ; Off                   ; Off                   ;
; Ignore LCELL Buffers                                                            ; Off                   ; Off                   ;
; Ignore SOFT Buffers                                                             ; On                    ; On                    ;
; Limit AHDL Integers to 32 Bits                                                  ; Off                   ; Off                   ;
; Optimization Technique                                                          ; Balanced              ; Balanced              ;
; Carry Chain Length                                                              ; 70                    ; 70                    ;
; Auto Carry Chains                                                               ; On                    ; On                    ;
; Auto Open-Drain Pins                                                            ; On                    ; On                    ;
; Perform WYSIWYG Primitive Resynthesis                                           ; Off                   ; Off                   ;
; Auto ROM Replacement                                                            ; On                    ; On                    ;
; Auto RAM Replacement                                                            ; On                    ; On                    ;
; Auto DSP Block Replacement                                                      ; On                    ; On                    ;
; Auto Shift Register Replacement                                                 ; Auto                  ; Auto                  ;
; Allow Shift Register Merging across Hierarchies                                 ; Auto                  ; Auto                  ;
; Auto Clock Enable Replacement                                                   ; On                    ; On                    ;
; Strict RAM Replacement                                                          ; Off                   ; Off                   ;
; Allow Synchronous Control Signals                                               ; On                    ; On                    ;
; Force Use of Synchronous Clear Signals                                          ; Off                   ; Off                   ;
; Auto Resource Sharing                                                           ; Off                   ; Off                   ;
; Allow Any RAM Size For Recognition                                              ; Off                   ; Off                   ;
; Allow Any ROM Size For Recognition                                              ; Off                   ; Off                   ;
; Allow Any Shift Register Size For Recognition                                   ; Off                   ; Off                   ;
; Use LogicLock Constraints during Resource Balancing                             ; On                    ; On                    ;
; Ignore translate_off and synthesis_off directives                               ; Off                   ; Off                   ;
; Timing-Driven Synthesis                                                         ; On                    ; On                    ;
; Report Parameter Settings                                                       ; On                    ; On                    ;
; Report Source Assignments                                                       ; On                    ; On                    ;
; Report Connectivity Checks                                                      ; On                    ; On                    ;
; Ignore Maximum Fan-Out Assignments                                              ; Off                   ; Off                   ;
; Synchronization Register Chain Length                                           ; 3                     ; 3                     ;
; PowerPlay Power Optimization During Synthesis                                   ; Normal compilation    ; Normal compilation    ;
; HDL message level                                                               ; Level2                ; Level2                ;
; Suppress Register Optimization Related Messages                                 ; Off                   ; Off                   ;
; Number of Removed Registers Reported in Synthesis Report                        ; 5000                  ; 5000                  ;
; Number of Swept Nodes Reported in Synthesis Report                              ; 5000                  ; 5000                  ;
; Number of Inverted Registers Reported in Synthesis Report                       ; 100                   ; 100                   ;
; Clock MUX Protection                                                            ; On                    ; On                    ;
; Auto Gated Clock Conversion                                                     ; Off                   ; Off                   ;
; Block Design Naming                                                             ; Auto                  ; Auto                  ;
; SDC constraint protection                                                       ; Off                   ; Off                   ;
; Synthesis Effort                                                                ; Auto                  ; Auto                  ;
; Shift Register Replacement - Allow Asynchronous Clear Signal                    ; On                    ; On                    ;
; Pre-Mapping Resynthesis Optimization                                            ; Off                   ; Off                   ;
; Analysis & Synthesis Message Level                                              ; Medium                ; Medium                ;
; Disable Register Merging Across Hierarchies                                     ; Auto                  ; Auto                  ;
; Resource Aware Inference For Block RAM                                          ; On                    ; On                    ;
; Synthesis Seed                                                                  ; 1                     ; 1                     ;
; Automatic Parallel Synthesis                                                    ; On                    ; On                    ;
; Partial Reconfiguration Bitstream ID                                            ; Off                   ; Off                   ;
+---------------------------------------------------------------------------------+-----------------------+-----------------------+


+---------------------------------------------------------------------------------------------------------------------+
; Port Connectivity Checks: "Scanner:scan_2"                                                                          ;
+-----------+--------+----------+-------------------------------------------------------------------------------------+
; Port      ; Type   ; Severity ; Details                                                                             ;
+-----------+--------+----------+-------------------------------------------------------------------------------------+
; userInput ; Input  ; Info     ; Stuck at GND                                                                        ;
; count     ; Output ; Info     ; Connected to dangling logic. Logic that only feeds a dangling port will be removed. ;
+-----------+--------+----------+-------------------------------------------------------------------------------------+


+-----------------------------------------------------------------------------------------------------------------+
; Port Connectivity Checks: "Scanner:scan_1"                                                                      ;
+-------+--------+----------+-------------------------------------------------------------------------------------+
; Port  ; Type   ; Severity ; Details                                                                             ;
+-------+--------+----------+-------------------------------------------------------------------------------------+
; count ; Output ; Info     ; Connected to dangling logic. Logic that only feeds a dangling port will be removed. ;
+-------+--------+----------+-------------------------------------------------------------------------------------+


+---------------------------------+
; Analysis & Elaboration Messages ;
+---------------------------------+
Info: *******************************************************************
Info: Running Quartus Prime Analysis & Elaboration
    Info: Version 16.0.0 Build 211 04/27/2016 SJ Standard Edition
    Info: Processing started: Wed May 10 17:22:33 2017
Info: Command: quartus_map --read_settings_files=on --write_settings_files=off ScannerSystem -c TopLevelScannerSystem --analysis_and_elaboration
Warning (18236): Number of processors has not been specified which may cause overloading on shared machines.  Set the global assignment NUM_PARALLEL_PROCESSORS in your QSF to an appropriate value for best performance.
Info (20030): Parallel compilation is enabled and will use 4 of the 4 processors detected
Info (12021): Found 1 design units, including 1 entities, in source file toplevelscannersystem.v
    Info (12023): Found entity 1: TopLevelScannerSystem File: C:/Users/nja4/Desktop/ee371/Lab3/ScannerSystem/TopLevelScannerSystem.v Line: 1
Info (12021): Found 3 design units, including 3 entities, in source file scanner.v
    Info (12023): Found entity 1: Scanner File: C:/Users/nja4/Desktop/ee371/Lab3/ScannerSystem/Scanner.v Line: 1
    Info (12023): Found entity 2: Counter File: C:/Users/nja4/Desktop/ee371/Lab3/ScannerSystem/Scanner.v Line: 122
    Info (12023): Found entity 3: DisplayState File: C:/Users/nja4/Desktop/ee371/Lab3/ScannerSystem/Scanner.v Line: 137
Warning (10222): Verilog HDL Parameter Declaration warning at Scanner.v(32): Parameter Declaration in module "Scanner" behaves as a Local Parameter Declaration because the module has a Module Parameter Port List File: C:/Users/nja4/Desktop/ee371/Lab3/ScannerSystem/Scanner.v Line: 32
Info (12127): Elaborating entity "TopLevelScannerSystem" for the top level hierarchy
Info (12128): Elaborating entity "Scanner" for hierarchy "Scanner:scan_1" File: C:/Users/nja4/Desktop/ee371/Lab3/ScannerSystem/TopLevelScannerSystem.v Line: 53
Info (12128): Elaborating entity "Counter" for hierarchy "Scanner:scan_1|Counter:ctr" File: C:/Users/nja4/Desktop/ee371/Lab3/ScannerSystem/Scanner.v Line: 39
Info (12128): Elaborating entity "DisplayState" for hierarchy "Scanner:scan_1|DisplayState:displayState" File: C:/Users/nja4/Desktop/ee371/Lab3/ScannerSystem/Scanner.v Line: 40
Info (12128): Elaborating entity "Scanner" for hierarchy "Scanner:scan_2" File: C:/Users/nja4/Desktop/ee371/Lab3/ScannerSystem/TopLevelScannerSystem.v Line: 60
Info: Quartus Prime Analysis & Elaboration was successful. 0 errors, 2 warnings
    Info: Peak virtual memory: 871 megabytes
    Info: Processing ended: Wed May 10 17:22:44 2017
    Info: Elapsed time: 00:00:11
    Info: Total CPU time (on all processors): 00:00:25


