Flow report for TopLevelScannerSystem
Thu May 11 13:09:11 2017
Quartus Prime Version 16.0.0 Build 211 04/27/2016 SJ Standard Edition


---------------------
; Table of Contents ;
---------------------
  1. Legal Notice
  2. Flow Summary
  3. Flow Settings
  4. Flow Non-Default Global Settings
  5. Flow Elapsed Time
  6. Flow OS Summary
  7. Flow Log
  8. Flow Messages
  9. Flow Suppressed Messages



----------------
; Legal Notice ;
----------------
Copyright (C) 1991-2016 Altera Corporation. All rights reserved.
Your use of Altera Corporation's design tools, logic functions 
and other software and tools, and its AMPP partner logic 
functions, and any output files from any of the foregoing 
(including device programming or simulation files), and any 
associated documentation or information are expressly subject 
to the terms and conditions of the Altera Program License 
Subscription Agreement, the Altera Quartus Prime License Agreement,
the Altera MegaCore Function License Agreement, or other 
applicable license agreement, including, without limitation, 
that your use is for the sole purpose of programming logic 
devices manufactured by Altera and sold by Altera or its 
authorized distributors.  Please refer to the applicable 
agreement for further details.



+-----------------------------------------------------------------------------------+
; Flow Summary                                                                      ;
+---------------------------------+-------------------------------------------------+
; Flow Status                     ; Successful - Thu May 11 13:09:11 2017           ;
; Quartus Prime Version           ; 16.0.0 Build 211 04/27/2016 SJ Standard Edition ;
; Revision Name                   ; TopLevelScannerSystem                           ;
; Top-level Entity Name           ; TopLevelScannerSystem                           ;
; Family                          ; Cyclone V                                       ;
; Device                          ; 5CSEMA5F31C6                                    ;
; Timing Models                   ; Final                                           ;
; Logic utilization (in ALMs)     ; 528 / 32,070 ( 2 % )                            ;
; Total registers                 ; 1333                                            ;
; Total pins                      ; 42 / 457 ( 9 % )                                ;
; Total virtual pins              ; 0                                               ;
; Total block memory bits         ; 6,784 / 4,065,280 ( < 1 % )                     ;
; Total DSP Blocks                ; 0 / 87 ( 0 % )                                  ;
; Total HSSI RX PCSs              ; 0                                               ;
; Total HSSI PMA RX Deserializers ; 0                                               ;
; Total HSSI TX PCSs              ; 0                                               ;
; Total HSSI PMA TX Serializers   ; 0                                               ;
; Total PLLs                      ; 0 / 6 ( 0 % )                                   ;
; Total DLLs                      ; 0 / 4 ( 0 % )                                   ;
+---------------------------------+-------------------------------------------------+


+-------------------------------------------+
; Flow Settings                             ;
+-------------------+-----------------------+
; Option            ; Setting               ;
+-------------------+-----------------------+
; Start date & time ; 05/11/2017 13:07:15   ;
; Main task         ; Compilation           ;
; Revision Name     ; TopLevelScannerSystem ;
+-------------------+-----------------------+


+----------------------------------------------------------------------------------------------------------------------------------------------------------------------------------------------------------------------------------------------------------------------------------------------+
; Flow Non-Default Global Settings                                                                                                                                                                                                                                                             ;
+-------------------------------------+---------------------------------------------------------------------------------------------------------------------------------------------------------------------------------------------------------+---------------+-------------+----------------+
; Assignment Name                     ; Value                                                                                                                                                                                                   ; Default Value ; Entity Name ; Section Id     ;
+-------------------------------------+---------------------------------------------------------------------------------------------------------------------------------------------------------------------------------------------------------+---------------+-------------+----------------+
; COMPILER_SIGNATURE_ID               ; 273440549273579.149453323510908                                                                                                                                                                         ; --            ; --          ; --             ;
; EDA_OUTPUT_DATA_FORMAT              ; Verilog Hdl                                                                                                                                                                                             ; --            ; --          ; eda_simulation ;
; EDA_SIMULATION_TOOL                 ; ModelSim-Altera (Verilog)                                                                                                                                                                               ; <None>        ; --          ; --             ;
; EDA_TIME_SCALE                      ; 1 ps                                                                                                                                                                                                    ; --            ; --          ; eda_simulation ;
; ENABLE_SIGNALTAP                    ; On                                                                                                                                                                                                      ; --            ; --          ; --             ;
; MAX_CORE_JUNCTION_TEMP              ; 85                                                                                                                                                                                                      ; --            ; --          ; --             ;
; MIN_CORE_JUNCTION_TEMP              ; 0                                                                                                                                                                                                       ; --            ; --          ; --             ;
; PARTITION_COLOR                     ; 16764057                                                                                                                                                                                                ; --            ; --          ; Top            ;
; PARTITION_FITTER_PRESERVATION_LEVEL ; PLACEMENT_AND_ROUTING                                                                                                                                                                                   ; --            ; --          ; Top            ;
; PARTITION_NETLIST_TYPE              ; SOURCE                                                                                                                                                                                                  ; --            ; --          ; Top            ;
; PROJECT_OUTPUT_DIRECTORY            ; output_files                                                                                                                                                                                            ; --            ; --          ; --             ;
; SLD_FILE                            ; db/scanner_system_auto_stripped.stp                                                                                                                                                                     ; --            ; --          ; --             ;
; SLD_NODE_CREATOR_ID                 ; 110                                                                                                                                                                                                     ; --            ; --          ; all_buttons    ;
; SLD_NODE_ENTITY_NAME                ; sld_signaltap                                                                                                                                                                                           ; --            ; --          ; all_buttons    ;
; SLD_NODE_PARAMETER_ASSIGNMENT       ; SLD_RAM_BLOCK_TYPE=AUTO                                                                                                                                                                                 ; --            ; --          ; all_buttons    ;
; SLD_NODE_PARAMETER_ASSIGNMENT       ; SLD_NODE_INFO=805334529                                                                                                                                                                                 ; --            ; --          ; all_buttons    ;
; SLD_NODE_PARAMETER_ASSIGNMENT       ; SLD_POWER_UP_TRIGGER=0                                                                                                                                                                                  ; --            ; --          ; all_buttons    ;
; SLD_NODE_PARAMETER_ASSIGNMENT       ; SLD_STORAGE_QUALIFIER_INVERSION_MASK_LENGTH=0                                                                                                                                                           ; --            ; --          ; all_buttons    ;
; SLD_NODE_PARAMETER_ASSIGNMENT       ; SLD_SEGMENT_SIZE=128                                                                                                                                                                                    ; --            ; --          ; all_buttons    ;
; SLD_NODE_PARAMETER_ASSIGNMENT       ; SLD_ATTRIBUTE_MEM_MODE=OFF                                                                                                                                                                              ; --            ; --          ; all_buttons    ;
; SLD_NODE_PARAMETER_ASSIGNMENT       ; SLD_STATE_FLOW_USE_GENERATED=0                                                                                                                                                                          ; --            ; --          ; all_buttons    ;
; SLD_NODE_PARAMETER_ASSIGNMENT       ; SLD_STATE_BITS=11                                                                                                                                                                                       ; --            ; --          ; all_buttons    ;
; SLD_NODE_PARAMETER_ASSIGNMENT       ; SLD_BUFFER_FULL_STOP=1                                                                                                                                                                                  ; --            ; --          ; all_buttons    ;
; SLD_NODE_PARAMETER_ASSIGNMENT       ; SLD_CURRENT_RESOURCE_WIDTH=1                                                                                                                                                                            ; --            ; --          ; all_buttons    ;
; SLD_NODE_PARAMETER_ASSIGNMENT       ; SLD_INCREMENTAL_ROUTING=1                                                                                                                                                                               ; --            ; --          ; all_buttons    ;
; SLD_NODE_PARAMETER_ASSIGNMENT       ; SLD_SAMPLE_DEPTH=128                                                                                                                                                                                    ; --            ; --          ; all_buttons    ;
; SLD_NODE_PARAMETER_ASSIGNMENT       ; SLD_TRIGGER_IN_ENABLED=0                                                                                                                                                                                ; --            ; --          ; all_buttons    ;
; SLD_NODE_PARAMETER_ASSIGNMENT       ; SLD_TRIGGER_PIPELINE=0                                                                                                                                                                                  ; --            ; --          ; all_buttons    ;
; SLD_NODE_PARAMETER_ASSIGNMENT       ; SLD_RAM_PIPELINE=0                                                                                                                                                                                      ; --            ; --          ; all_buttons    ;
; SLD_NODE_PARAMETER_ASSIGNMENT       ; SLD_COUNTER_PIPELINE=0                                                                                                                                                                                  ; --            ; --          ; all_buttons    ;
; SLD_NODE_PARAMETER_ASSIGNMENT       ; SLD_TRIGGER_LEVEL_PIPELINE=1                                                                                                                                                                            ; --            ; --          ; all_buttons    ;
; SLD_NODE_PARAMETER_ASSIGNMENT       ; SLD_ENABLE_ADVANCED_TRIGGER=1                                                                                                                                                                           ; --            ; --          ; all_buttons    ;
; SLD_NODE_PARAMETER_ASSIGNMENT       ; SLD_DATA_BITS=53                                                                                                                                                                                        ; --            ; --          ; all_buttons    ;
; SLD_NODE_PARAMETER_ASSIGNMENT       ; SLD_TRIGGER_BITS=53                                                                                                                                                                                     ; --            ; --          ; all_buttons    ;
; SLD_NODE_PARAMETER_ASSIGNMENT       ; SLD_STORAGE_QUALIFIER_BITS=53                                                                                                                                                                           ; --            ; --          ; all_buttons    ;
; SLD_NODE_PARAMETER_ASSIGNMENT       ; SLD_INVERSION_MASK=000000000000000000000000000000000000000000000000000000000000000000000000000000000000000000000000000000000000000000000000000000000000000000000000000000000000000000000000000000000000 ; --            ; --          ; all_buttons    ;
; SLD_NODE_PARAMETER_ASSIGNMENT       ; SLD_INVERSION_MASK_LENGTH=180                                                                                                                                                                           ; --            ; --          ; all_buttons    ;
; SLD_NODE_PARAMETER_ASSIGNMENT       ; SLD_TRIGGER_LEVEL=2                                                                                                                                                                                     ; --            ; --          ; all_buttons    ;
; SLD_NODE_PARAMETER_ASSIGNMENT       ; SLD_ADVANCED_TRIGGER_ENTITY=sld_reserved_ScannerSystem_all_buttons_1_b16b,basic,1,                                                                                                                      ; --            ; --          ; all_buttons    ;
; USE_SIGNALTAP_FILE                  ; output_files/scanner_system.stp                                                                                                                                                                         ; --            ; --          ; --             ;
+-------------------------------------+---------------------------------------------------------------------------------------------------------------------------------------------------------------------------------------------------------+---------------+-------------+----------------+


+-------------------------------------------------------------------------------------------------------------------------------+
; Flow Elapsed Time                                                                                                             ;
+---------------------------+--------------+-------------------------+---------------------+------------------------------------+
; Module Name               ; Elapsed Time ; Average Processors Used ; Peak Virtual Memory ; Total CPU Time (on all processors) ;
+---------------------------+--------------+-------------------------+---------------------+------------------------------------+
; Analysis & Synthesis      ; 00:00:28     ; 1.0                     ; 1010 MB             ; 00:00:56                           ;
; Fitter                    ; 00:00:54     ; 1.1                     ; 2816 MB             ; 00:01:48                           ;
; Assembler                 ; 00:00:08     ; 1.0                     ; 924 MB              ; 00:00:08                           ;
; TimeQuest Timing Analyzer ; 00:00:17     ; 1.2                     ; 1295 MB             ; 00:00:20                           ;
; EDA Netlist Writer        ; 00:00:03     ; 1.0                     ; 860 MB              ; 00:00:03                           ;
; Total                     ; 00:01:50     ; --                      ; --                  ; 00:03:15                           ;
+---------------------------+--------------+-------------------------+---------------------+------------------------------------+


+----------------------------------------------------------------------------------------+
; Flow OS Summary                                                                        ;
+---------------------------+------------------+-----------+------------+----------------+
; Module Name               ; Machine Hostname ; OS Name   ; OS Version ; Processor type ;
+---------------------------+------------------+-----------+------------+----------------+
; Analysis & Synthesis      ; EE-137PC21       ; Windows 8 ; 6.2        ; x86_64         ;
; Fitter                    ; EE-137PC21       ; Windows 8 ; 6.2        ; x86_64         ;
; Assembler                 ; EE-137PC21       ; Windows 8 ; 6.2        ; x86_64         ;
; TimeQuest Timing Analyzer ; EE-137PC21       ; Windows 8 ; 6.2        ; x86_64         ;
; EDA Netlist Writer        ; EE-137PC21       ; Windows 8 ; 6.2        ; x86_64         ;
+---------------------------+------------------+-----------+------------+----------------+


------------
; Flow Log ;
------------
quartus_map --read_settings_files=on --write_settings_files=off ScannerSystem -c TopLevelScannerSystem
quartus_fit --read_settings_files=off --write_settings_files=off ScannerSystem -c TopLevelScannerSystem
quartus_asm --read_settings_files=off --write_settings_files=off ScannerSystem -c TopLevelScannerSystem
quartus_sta ScannerSystem -c TopLevelScannerSystem
quartus_eda --read_settings_files=off --write_settings_files=off ScannerSystem -c TopLevelScannerSystem



