Flow report for SerialComm
Sun Jun 04 16:07:23 2017
Quartus Prime Version 16.0.0 Build 211 04/27/2016 SJ Standard Edition


---------------------
; Table of Contents ;
---------------------
  1. Legal Notice
  2. Flow Summary
  3. Flow Settings
  4. Flow Non-Default Global Settings
  5. Flow Elapsed Time
  6. Flow OS Summary
  7. Flow Log
  8. Flow Messages
  9. Flow Suppressed Messages



----------------
; Legal Notice ;
----------------
Copyright (C) 1991-2016 Altera Corporation. All rights reserved.
Your use of Altera Corporation's design tools, logic functions 
and other software and tools, and its AMPP partner logic 
functions, and any output files from any of the foregoing 
(including device programming or simulation files), and any 
associated documentation or information are expressly subject 
to the terms and conditions of the Altera Program License 
Subscription Agreement, the Altera Quartus Prime License Agreement,
the Altera MegaCore Function License Agreement, or other 
applicable license agreement, including, without limitation, 
that your use is for the sole purpose of programming logic 
devices manufactured by Altera and sold by Altera or its 
authorized distributors.  Please refer to the applicable 
agreement for further details.



+-----------------------------------------------------------------------------------+
; Flow Summary                                                                      ;
+---------------------------------+-------------------------------------------------+
; Flow Status                     ; Successful - Sun Jun 04 16:07:23 2017           ;
; Quartus Prime Version           ; 16.0.0 Build 211 04/27/2016 SJ Standard Edition ;
; Revision Name                   ; SerialComm                                      ;
; Top-level Entity Name           ; TopLevelCommSystem                              ;
; Family                          ; Cyclone V                                       ;
; Device                          ; 5CSEMA5F31C6                                    ;
; Timing Models                   ; Final                                           ;
; Logic utilization (in ALMs)     ; 744 / 32,070 ( 2 % )                            ;
; Total registers                 ; 1042                                            ;
; Total pins                      ; 19 / 457 ( 4 % )                                ;
; Total virtual pins              ; 0                                               ;
; Total block memory bits         ; 273,408 / 4,065,280 ( 7 % )                     ;
; Total DSP Blocks                ; 0 / 87 ( 0 % )                                  ;
; Total HSSI RX PCSs              ; 0                                               ;
; Total HSSI PMA RX Deserializers ; 0                                               ;
; Total HSSI TX PCSs              ; 0                                               ;
; Total HSSI PMA TX Serializers   ; 0                                               ;
; Total PLLs                      ; 0 / 6 ( 0 % )                                   ;
; Total DLLs                      ; 0 / 4 ( 0 % )                                   ;
+---------------------------------+-------------------------------------------------+


+-----------------------------------------+
; Flow Settings                           ;
+-------------------+---------------------+
; Option            ; Setting             ;
+-------------------+---------------------+
; Start date & time ; 06/04/2017 16:05:27 ;
; Main task         ; Compilation         ;
; Revision Name     ; SerialComm          ;
+-------------------+---------------------+


+--------------------------------------------------------------------------------------------------------------------------------------------------------+
; Flow Non-Default Global Settings                                                                                                                       ;
+-------------------------------------+------------------------------------------------------------+---------------+--------------------+----------------+
; Assignment Name                     ; Value                                                      ; Default Value ; Entity Name        ; Section Id     ;
+-------------------------------------+------------------------------------------------------------+---------------+--------------------+----------------+
; COMPILER_SIGNATURE_ID               ; 203178703705194.149661752622020                            ; --            ; --                 ; --             ;
; EDA_OUTPUT_DATA_FORMAT              ; Verilog Hdl                                                ; --            ; --                 ; eda_simulation ;
; EDA_SIMULATION_TOOL                 ; ModelSim-Altera (Verilog)                                  ; <None>        ; --                 ; --             ;
; EDA_TIME_SCALE                      ; 1 ps                                                       ; --            ; --                 ; eda_simulation ;
; ENABLE_SIGNALTAP                    ; On                                                         ; --            ; --                 ; --             ;
; MAX_CORE_JUNCTION_TEMP              ; 85                                                         ; --            ; --                 ; --             ;
; MIN_CORE_JUNCTION_TEMP              ; 0                                                          ; --            ; --                 ; --             ;
; MISC_FILE                           ; nios_sys/synthesis/../nios_sys.cmp                         ; --            ; --                 ; --             ;
; MISC_FILE                           ; nios_sys/synthesis/../../nios_sys.qsys                     ; --            ; --                 ; --             ;
; PARTITION_COLOR                     ; 16764057                                                   ; --            ; TopLevelCommSystem ; Top            ;
; PARTITION_FITTER_PRESERVATION_LEVEL ; PLACEMENT_AND_ROUTING                                      ; --            ; TopLevelCommSystem ; Top            ;
; PARTITION_NETLIST_TYPE              ; SOURCE                                                     ; --            ; TopLevelCommSystem ; Top            ;
; POWER_BOARD_THERMAL_MODEL           ; None (CONSERVATIVE)                                        ; --            ; --                 ; --             ;
; POWER_PRESET_COOLING_SOLUTION       ; 23 MM HEAT SINK WITH 200 LFPM AIRFLOW                      ; --            ; --                 ; --             ;
; PROJECT_OUTPUT_DIRECTORY            ; output_files                                               ; --            ; --                 ; --             ;
; SLD_FILE                            ; nios_sys/synthesis/nios_sys.regmap                         ; --            ; --                 ; --             ;
; SLD_FILE                            ; nios_sys/synthesis/nios_sys.debuginfo                      ; --            ; --                 ; --             ;
; SLD_FILE                            ; db/stp3_auto_stripped.stp                                  ; --            ; --                 ; --             ;
; SLD_INFO                            ; QSYS_NAME nios_sys HAS_SOPCINFO 1 GENERATION_ID 1496617511 ; --            ; nios_sys           ; --             ;
; SOPCINFO_FILE                       ; nios_sys/synthesis/../../nios_sys.sopcinfo                 ; --            ; --                 ; --             ;
; SYNTHESIS_ONLY_QIP                  ; On                                                         ; --            ; --                 ; --             ;
; TOP_LEVEL_ENTITY                    ; TopLevelCommSystem                                         ; SerialComm    ; --                 ; --             ;
; USE_SIGNALTAP_FILE                  ; output_files/stp3.stp                                      ; --            ; --                 ; --             ;
+-------------------------------------+------------------------------------------------------------+---------------+--------------------+----------------+


+-------------------------------------------------------------------------------------------------------------------------------+
; Flow Elapsed Time                                                                                                             ;
+---------------------------+--------------+-------------------------+---------------------+------------------------------------+
; Module Name               ; Elapsed Time ; Average Processors Used ; Peak Virtual Memory ; Total CPU Time (on all processors) ;
+---------------------------+--------------+-------------------------+---------------------+------------------------------------+
; Analysis & Synthesis      ; 00:00:32     ; 1.0                     ; 1083 MB             ; 00:00:59                           ;
; Fitter                    ; 00:00:57     ; 1.1                     ; 2836 MB             ; 00:02:12                           ;
; Assembler                 ; 00:00:08     ; 1.0                     ; 948 MB              ; 00:00:08                           ;
; TimeQuest Timing Analyzer ; 00:00:09     ; 1.6                     ; 1307 MB             ; 00:00:12                           ;
; EDA Netlist Writer        ; 00:00:03     ; 1.0                     ; 867 MB              ; 00:00:03                           ;
; Total                     ; 00:01:49     ; --                      ; --                  ; 00:03:34                           ;
+---------------------------+--------------+-------------------------+---------------------+------------------------------------+


+----------------------------------------------------------------------------------------+
; Flow OS Summary                                                                        ;
+---------------------------+------------------+-----------+------------+----------------+
; Module Name               ; Machine Hostname ; OS Name   ; OS Version ; Processor type ;
+---------------------------+------------------+-----------+------------+----------------+
; Analysis & Synthesis      ; EE-137PC22       ; Windows 8 ; 6.2        ; x86_64         ;
; Fitter                    ; EE-137PC22       ; Windows 8 ; 6.2        ; x86_64         ;
; Assembler                 ; EE-137PC22       ; Windows 8 ; 6.2        ; x86_64         ;
; TimeQuest Timing Analyzer ; EE-137PC22       ; Windows 8 ; 6.2        ; x86_64         ;
; EDA Netlist Writer        ; EE-137PC22       ; Windows 8 ; 6.2        ; x86_64         ;
+---------------------------+------------------+-----------+------------+----------------+


------------
; Flow Log ;
------------
quartus_map --read_settings_files=on --write_settings_files=off SerialComm -c SerialComm
quartus_fit --read_settings_files=off --write_settings_files=off SerialComm -c SerialComm
quartus_asm --read_settings_files=off --write_settings_files=off SerialComm -c SerialComm
quartus_sta SerialComm -c SerialComm
quartus_eda --read_settings_files=off --write_settings_files=off SerialComm -c SerialComm



