12:53:32 **** Incremental Build of configuration Nios II for project receiver ****
make all 
Info: Building ../receiver_bsp/
C:/altera/16.0/nios2eds/bin/gnu/H-x86_64-mingw32/bin/make --no-print-directory -C ../receiver_bsp/
[BSP build complete]
Info: Compiling hello_world_small.c to obj/default/hello_world_small.o
nios2-elf-gcc -xc -MP -MMD -c -I../receiver_bsp//HAL/inc -I../receiver_bsp/ -I../receiver_bsp//drivers/inc  -pipe -D__hal__ -DALT_NO_C_PLUS_PLUS -DALT_NO_CLEAN_EXIT -D'exit(a)=_exit(a)' -DALT_NO_EXIT -DALT_USE_DIRECT_DRIVERS -DALT_NO_INSTRUCTION_EMULATION -DALT_USE_SMALL_DRIVERS -DSMALL_C_LIB -DALT_SINGLE_THREADED    -Os -g -Wall   -mno-hw-div -mno-hw-mul -mno-hw-mulx  -o obj/default/hello_world_small.o hello_world_small.c
Info: Linking receiver.elf
nios2-elf-g++  -T'../receiver_bsp//linker.x' -msys-crt0='../receiver_bsp//obj/HAL/src/crt0.o' -msys-lib=hal_bsp -L../receiver_bsp/  -msmallc  -Wl,-Map=receiver.map   -Os -g -Wall   -mno-hw-div -mno-hw-mul -mno-hw-mulx  -o receiver.elf obj/default/hello_world_small.o -lm -msys-lib=m
nios2-elf-insert receiver.elf --thread_model hal --cpu_name nios2_processor --qsys true --simulation_enabled false --stderr_dev jtag_uart --stdin_dev jtag_uart --stdout_dev jtag_uart --sopc_system_name nios_sys --quartus_project_dir "C:/Users/mkhuat/Documents/ee371/Lab4Copy" --jdi ../..//output_files/Nios_processor.jdi --sopcinfo C:/Users/mkhuat/Documents/ee371/Lab4Copy/software/receiver_bsp/../../nios_sys.sopcinfo
Info: (receiver.elf) 1016 Bytes program size (code + initialized data).
Info:                31 KBytes free for stack + heap.
Info: Creating receiver.objdump
nios2-elf-objdump --disassemble --syms --all-header --source receiver.elf >receiver.objdump
[receiver build complete]
12:53:38 **** Build of configuration Nios II for project receiver ****
make all 
Info: Building ../receiver_bsp/
C:/altera/16.0/nios2eds/bin/gnu/H-x86_64-mingw32/bin/make --no-print-directory -C ../receiver_bsp/
[BSP build complete]
[receiver build complete]
12:53:39 **** Incremental Build of configuration Nios II for project receiver ****
make all 
Info: Building ../receiver_bsp/
C:/altera/16.0/nios2eds/bin/gnu/H-x86_64-mingw32/bin/make --no-print-directory -C ../receiver_bsp/
[BSP build complete]
[receiver build complete]
12:53:52 **** Build of configuration Nios II for project sender ****
make all 
Info: Building ../sender_bsp/
C:/altera/16.0/nios2eds/bin/gnu/H-x86_64-mingw32/bin/make --no-print-directory -C ../sender_bsp/
[BSP build complete]
[sender build complete]
12:53:53 **** Incremental Build of configuration Nios II for project sender ****
make all 
Info: Building ../sender_bsp/
C:/altera/16.0/nios2eds/bin/gnu/H-x86_64-mingw32/bin/make --no-print-directory -C ../sender_bsp/
[BSP build complete]
[sender build complete]
12:55:15 **** Build of configuration Nios II for project sender ****
make all 
Info: Building ../sender_bsp/
C:/altera/16.0/nios2eds/bin/gnu/H-x86_64-mingw32/bin/make --no-print-directory -C ../sender_bsp/
[BSP build complete]
[sender build complete]
12:55:16 **** Incremental Build of configuration Nios II for project sender ****
make all 
Info: Building ../sender_bsp/
C:/altera/16.0/nios2eds/bin/gnu/H-x86_64-mingw32/bin/make --no-print-directory -C ../sender_bsp/
[BSP build complete]
[sender build complete]
12:56:27 **** Incremental Build of configuration Nios II for project sender ****
make all 
Info: Building ../sender_bsp/
C:/altera/16.0/nios2eds/bin/gnu/H-x86_64-mingw32/bin/make --no-print-directory -C ../sender_bsp/
[BSP build complete]
[sender build complete]
12:57:37 **** Build of configuration Nios II for project receiver ****
make all 
Info: Building ../receiver_bsp/
C:/altera/16.0/nios2eds/bin/gnu/H-x86_64-mingw32/bin/make --no-print-directory -C ../receiver_bsp/
[BSP build complete]
[receiver build complete]
12:57:38 **** Incremental Build of configuration Nios II for project receiver ****
make all 
Info: Building ../receiver_bsp/
C:/altera/16.0/nios2eds/bin/gnu/H-x86_64-mingw32/bin/make --no-print-directory -C ../receiver_bsp/
[BSP build complete]
[receiver build complete]
13:00:16 **** Build of configuration Nios II for project receiver ****
make all 
Info: Building ../receiver_bsp/
C:/altera/16.0/nios2eds/bin/gnu/H-x86_64-mingw32/bin/make --no-print-directory -C ../receiver_bsp/
[BSP build complete]
[receiver build complete]
13:00:18 **** Incremental Build of configuration Nios II for project receiver ****
make all 
Info: Building ../receiver_bsp/
C:/altera/16.0/nios2eds/bin/gnu/H-x86_64-mingw32/bin/make --no-print-directory -C ../receiver_bsp/
[BSP build complete]
[receiver build complete]
13:00:40 **** Build of configuration Nios II for project receiver ****
make all 
Info: Building ../receiver_bsp/
C:/altera/16.0/nios2eds/bin/gnu/H-x86_64-mingw32/bin/make --no-print-directory -C ../receiver_bsp/
[BSP build complete]
[receiver build complete]
13:00:41 **** Incremental Build of configuration Nios II for project receiver ****
make all 
Info: Building ../receiver_bsp/
C:/altera/16.0/nios2eds/bin/gnu/H-x86_64-mingw32/bin/make --no-print-directory -C ../receiver_bsp/
[BSP build complete]
[receiver build complete]
13:01:07 **** Incremental Build of configuration Nios II for project receiver ****
make all 
Info: Building ../receiver_bsp/
C:/altera/16.0/nios2eds/bin/gnu/H-x86_64-mingw32/bin/make --no-print-directory -C ../receiver_bsp/
[BSP build complete]
[receiver build complete]
13:01:53 **** Build of configuration Nios II for project sender ****
make all 
Info: Building ../sender_bsp/
C:/altera/16.0/nios2eds/bin/gnu/H-x86_64-mingw32/bin/make --no-print-directory -C ../sender_bsp/
[BSP build complete]
[sender build complete]
13:01:54 **** Incremental Build of configuration Nios II for project sender ****
make all 
Info: Building ../sender_bsp/
C:/altera/16.0/nios2eds/bin/gnu/H-x86_64-mingw32/bin/make --no-print-directory -C ../sender_bsp/
[BSP build complete]
[sender build complete]
13:02:13 **** Incremental Build of configuration Nios II for project receiver ****
make all 
Info: Building ../receiver_bsp/
C:/altera/16.0/nios2eds/bin/gnu/H-x86_64-mingw32/bin/make --no-print-directory -C ../receiver_bsp/
[BSP build complete]
[receiver build complete]
13:02:16 **** Build of configuration Nios II for project sender ****
make all 
Info: Building ../sender_bsp/
C:/altera/16.0/nios2eds/bin/gnu/H-x86_64-mingw32/bin/make --no-print-directory -C ../sender_bsp/
[BSP build complete]
[sender build complete]
13:02:17 **** Incremental Build of configuration Nios II for project sender ****
make all 
Info: Building ../sender_bsp/
C:/altera/16.0/nios2eds/bin/gnu/H-x86_64-mingw32/bin/make --no-print-directory -C ../sender_bsp/
[BSP build complete]
[sender build complete]
13:02:42 **** Incremental Build of configuration Nios II for project receiver ****
make all 
Info: Building ../receiver_bsp/
C:/altera/16.0/nios2eds/bin/gnu/H-x86_64-mingw32/bin/make --no-print-directory -C ../receiver_bsp/
[BSP build complete]
[receiver build complete]
13:02:55 **** Incremental Build of configuration Nios II for project sender ****
make all 
Info: Building ../sender_bsp/
C:/altera/16.0/nios2eds/bin/gnu/H-x86_64-mingw32/bin/make --no-print-directory -C ../sender_bsp/
[BSP build complete]
[sender build complete]
13:04:48 **** Incremental Build of configuration Nios II for project sender ****
make all 
Info: Building ../sender_bsp/
C:/altera/16.0/nios2eds/bin/gnu/H-x86_64-mingw32/bin/make --no-print-directory -C ../sender_bsp/
[BSP build complete]
[sender build complete]
13:05:01 **** Build of configuration Nios II for project receiver ****
make all 
Info: Building ../receiver_bsp/
C:/altera/16.0/nios2eds/bin/gnu/H-x86_64-mingw32/bin/make --no-print-directory -C ../receiver_bsp/
[BSP build complete]
[receiver build complete]
13:05:02 **** Incremental Build of configuration Nios II for project receiver ****
make all 
Info: Building ../receiver_bsp/
C:/altera/16.0/nios2eds/bin/gnu/H-x86_64-mingw32/bin/make --no-print-directory -C ../receiver_bsp/
[BSP build complete]
[receiver build complete]
13:06:42 **** Build of configuration Nios II for project sender ****
make all 
Info: Building ../sender_bsp/
C:/altera/16.0/nios2eds/bin/gnu/H-x86_64-mingw32/bin/make --no-print-directory -C ../sender_bsp/
[BSP build complete]
[sender build complete]
13:06:43 **** Incremental Build of configuration Nios II for project sender ****
make all 
Info: Building ../sender_bsp/
C:/altera/16.0/nios2eds/bin/gnu/H-x86_64-mingw32/bin/make --no-print-directory -C ../sender_bsp/
[BSP build complete]
[sender build complete]
13:07:00 **** Incremental Build of configuration Nios II for project sender ****
make all 
Info: Building ../sender_bsp/
C:/altera/16.0/nios2eds/bin/gnu/H-x86_64-mingw32/bin/make --no-print-directory -C ../sender_bsp/
[BSP build complete]
[sender build complete]
13:08:52 **** Incremental Build of configuration Nios II for project receiver ****
make all 
Info: Building ../receiver_bsp/
C:/altera/16.0/nios2eds/bin/gnu/H-x86_64-mingw32/bin/make --no-print-directory -C ../receiver_bsp/
[BSP build complete]
[receiver build complete]
13:09:19 **** Incremental Build of configuration Nios II for project receiver ****
make all 
Info: Building ../receiver_bsp/
C:/altera/16.0/nios2eds/bin/gnu/H-x86_64-mingw32/bin/make --no-print-directory -C ../receiver_bsp/
[BSP build complete]
[receiver build complete]
13:09:59 **** Incremental Build of configuration Nios II for project sender ****
make all 
Info: Building ../sender_bsp/
C:/altera/16.0/nios2eds/bin/gnu/H-x86_64-mingw32/bin/make --no-print-directory -C ../sender_bsp/
[BSP build complete]
[sender build complete]
