11:19:19 **** Incremental Build of configuration Nios II for project hello_world_modified ****
make all 
Info: Building ../hello_world_modified_bsp/
C:/altera/16.0/nios2eds/bin/gnu/H-x86_64-mingw32/bin/make --no-print-directory -C ../hello_world_modified_bsp/
[BSP build complete]
[hello_world_modified build complete]
11:19:24 **** Build of configuration Nios II for project hello_world_modified ****
make all 
Info: Building ../hello_world_modified_bsp/
C:/altera/16.0/nios2eds/bin/gnu/H-x86_64-mingw32/bin/make --no-print-directory -C ../hello_world_modified_bsp/
[BSP build complete]
[hello_world_modified build complete]
11:19:25 **** Incremental Build of configuration Nios II for project hello_world_modified ****
make all 
Info: Building ../hello_world_modified_bsp/
C:/altera/16.0/nios2eds/bin/gnu/H-x86_64-mingw32/bin/make --no-print-directory -C ../hello_world_modified_bsp/
[BSP build complete]
[hello_world_modified build complete]
11:21:18 **** Build of configuration Nios II for project lights ****
make all 
Info: Building ../lights_bsp/
C:/altera/16.0/nios2eds/bin/gnu/H-x86_64-mingw32/bin/make --no-print-directory -C ../lights_bsp/
[BSP build complete]
[lights build complete]
11:21:19 **** Incremental Build of configuration Nios II for project lights ****
make all 
Info: Building ../lights_bsp/
C:/altera/16.0/nios2eds/bin/gnu/H-x86_64-mingw32/bin/make --no-print-directory -C ../lights_bsp/
[BSP build complete]
[lights build complete]
