Flow report for SynchUpSchemImpl
Fri Apr 14 12:56:43 2017
Quartus Prime Version 16.0.0 Build 211 04/27/2016 SJ Standard Edition


---------------------
; Table of Contents ;
---------------------
  1. Legal Notice
  2. Flow Summary
  3. Flow Settings
  4. Flow Non-Default Global Settings
  5. Flow Elapsed Time
  6. Flow OS Summary
  7. Flow Log
  8. Flow Messages
  9. Flow Suppressed Messages



----------------
; Legal Notice ;
----------------
Copyright (C) 1991-2016 Altera Corporation. All rights reserved.
Your use of Altera Corporation's design tools, logic functions 
and other software and tools, and its AMPP partner logic 
functions, and any output files from any of the foregoing 
(including device programming or simulation files), and any 
associated documentation or information are expressly subject 
to the terms and conditions of the Altera Program License 
Subscription Agreement, the Altera Quartus Prime License Agreement,
the Altera MegaCore Function License Agreement, or other 
applicable license agreement, including, without limitation, 
that your use is for the sole purpose of programming logic 
devices manufactured by Altera and sold by Altera or its 
authorized distributors.  Please refer to the applicable 
agreement for further details.



+-----------------------------------------------------------------------------------+
; Flow Summary                                                                      ;
+---------------------------------+-------------------------------------------------+
; Flow Status                     ; Successful - Fri Apr 14 12:56:43 2017           ;
; Quartus Prime Version           ; 16.0.0 Build 211 04/27/2016 SJ Standard Edition ;
; Revision Name                   ; SynchUpSchemImpl                                ;
; Top-level Entity Name           ; SynchUpSchemImpl                                ;
; Family                          ; Cyclone V                                       ;
; Device                          ; 5CSEMA5F31C6                                    ;
; Timing Models                   ; Final                                           ;
; Logic utilization (in ALMs)     ; 451 / 32,070 ( 1 % )                            ;
; Total registers                 ; 806                                             ;
; Total pins                      ; 6 / 457 ( 1 % )                                 ;
; Total virtual pins              ; 0                                               ;
; Total block memory bits         ; 1,536 / 4,065,280 ( < 1 % )                     ;
; Total DSP Blocks                ; 0 / 87 ( 0 % )                                  ;
; Total HSSI RX PCSs              ; 0                                               ;
; Total HSSI PMA RX Deserializers ; 0                                               ;
; Total HSSI TX PCSs              ; 0                                               ;
; Total HSSI PMA TX Serializers   ; 0                                               ;
; Total PLLs                      ; 0 / 6 ( 0 % )                                   ;
; Total DLLs                      ; 0 / 4 ( 0 % )                                   ;
+---------------------------------+-------------------------------------------------+


+-----------------------------------------+
; Flow Settings                           ;
+-------------------+---------------------+
; Option            ; Setting             ;
+-------------------+---------------------+
; Start date & time ; 04/14/2017 12:54:52 ;
; Main task         ; Compilation         ;
; Revision Name     ; SynchUpSchemImpl    ;
+-------------------+---------------------+


+-------------------------------------------------------------------------------------------------------------------------------------------+
; Flow Non-Default Global Settings                                                                                                          ;
+-------------------------------------+------------------------------------------------------+---------------+-------------+----------------+
; Assignment Name                     ; Value                                                ; Default Value ; Entity Name ; Section Id     ;
+-------------------------------------+------------------------------------------------------+---------------+-------------+----------------+
; COMPILER_SIGNATURE_ID               ; 203178703699587.149219969211232                      ; --            ; --          ; --             ;
; EDA_OUTPUT_DATA_FORMAT              ; Vhdl                                                 ; --            ; --          ; eda_simulation ;
; EDA_SIMULATION_TOOL                 ; ModelSim-Altera (VHDL)                               ; <None>        ; --          ; --             ;
; ENABLE_SIGNALTAP                    ; On                                                   ; --            ; --          ; --             ;
; MAX_CORE_JUNCTION_TEMP              ; 85                                                   ; --            ; --          ; --             ;
; MIN_CORE_JUNCTION_TEMP              ; 0                                                    ; --            ; --          ; --             ;
; PARTITION_COLOR                     ; 16764057                                             ; --            ; --          ; Top            ;
; PARTITION_FITTER_PRESERVATION_LEVEL ; PLACEMENT_AND_ROUTING                                ; --            ; --          ; Top            ;
; PARTITION_NETLIST_TYPE              ; SOURCE                                               ; --            ; --          ; Top            ;
; PROJECT_OUTPUT_DIRECTORY            ; output_files                                         ; --            ; --          ; --             ;
; SLD_FILE                            ; db/stp3_auto_stripped.stp                            ; --            ; --          ; --             ;
; SLD_NODE_CREATOR_ID                 ; 110                                                  ; --            ; --          ; thirdState     ;
; SLD_NODE_CREATOR_ID                 ; 110                                                  ; --            ; --          ; onReset        ;
; SLD_NODE_ENTITY_NAME                ; sld_signaltap                                        ; --            ; --          ; thirdState     ;
; SLD_NODE_ENTITY_NAME                ; sld_signaltap                                        ; --            ; --          ; onReset        ;
; SLD_NODE_PARAMETER_ASSIGNMENT       ; SLD_RAM_BLOCK_TYPE=AUTO                              ; --            ; --          ; thirdState     ;
; SLD_NODE_PARAMETER_ASSIGNMENT       ; SLD_DATA_BITS=6                                      ; --            ; --          ; thirdState     ;
; SLD_NODE_PARAMETER_ASSIGNMENT       ; SLD_TRIGGER_BITS=4                                   ; --            ; --          ; thirdState     ;
; SLD_NODE_PARAMETER_ASSIGNMENT       ; SLD_STORAGE_QUALIFIER_BITS=6                         ; --            ; --          ; thirdState     ;
; SLD_NODE_PARAMETER_ASSIGNMENT       ; SLD_NODE_INFO=805334529                              ; --            ; --          ; thirdState     ;
; SLD_NODE_PARAMETER_ASSIGNMENT       ; SLD_POWER_UP_TRIGGER=0                               ; --            ; --          ; thirdState     ;
; SLD_NODE_PARAMETER_ASSIGNMENT       ; SLD_INVERSION_MASK=000000000000000000000000000000000 ; --            ; --          ; thirdState     ;
; SLD_NODE_PARAMETER_ASSIGNMENT       ; SLD_INVERSION_MASK_LENGTH=33                         ; --            ; --          ; thirdState     ;
; SLD_NODE_PARAMETER_ASSIGNMENT       ; SLD_STORAGE_QUALIFIER_INVERSION_MASK_LENGTH=0        ; --            ; --          ; thirdState     ;
; SLD_NODE_PARAMETER_ASSIGNMENT       ; SLD_SEGMENT_SIZE=128                                 ; --            ; --          ; thirdState     ;
; SLD_NODE_PARAMETER_ASSIGNMENT       ; SLD_ATTRIBUTE_MEM_MODE=OFF                           ; --            ; --          ; thirdState     ;
; SLD_NODE_PARAMETER_ASSIGNMENT       ; SLD_STATE_FLOW_USE_GENERATED=0                       ; --            ; --          ; thirdState     ;
; SLD_NODE_PARAMETER_ASSIGNMENT       ; SLD_STATE_BITS=11                                    ; --            ; --          ; thirdState     ;
; SLD_NODE_PARAMETER_ASSIGNMENT       ; SLD_BUFFER_FULL_STOP=1                               ; --            ; --          ; thirdState     ;
; SLD_NODE_PARAMETER_ASSIGNMENT       ; SLD_CURRENT_RESOURCE_WIDTH=1                         ; --            ; --          ; thirdState     ;
; SLD_NODE_PARAMETER_ASSIGNMENT       ; SLD_INCREMENTAL_ROUTING=1                            ; --            ; --          ; thirdState     ;
; SLD_NODE_PARAMETER_ASSIGNMENT       ; SLD_TRIGGER_LEVEL=1                                  ; --            ; --          ; thirdState     ;
; SLD_NODE_PARAMETER_ASSIGNMENT       ; SLD_SAMPLE_DEPTH=128                                 ; --            ; --          ; thirdState     ;
; SLD_NODE_PARAMETER_ASSIGNMENT       ; SLD_TRIGGER_IN_ENABLED=0                             ; --            ; --          ; thirdState     ;
; SLD_NODE_PARAMETER_ASSIGNMENT       ; SLD_TRIGGER_PIPELINE=0                               ; --            ; --          ; thirdState     ;
; SLD_NODE_PARAMETER_ASSIGNMENT       ; SLD_RAM_PIPELINE=0                                   ; --            ; --          ; thirdState     ;
; SLD_NODE_PARAMETER_ASSIGNMENT       ; SLD_COUNTER_PIPELINE=0                               ; --            ; --          ; thirdState     ;
; SLD_NODE_PARAMETER_ASSIGNMENT       ; SLD_ADVANCED_TRIGGER_ENTITY=basic,1,                 ; --            ; --          ; thirdState     ;
; SLD_NODE_PARAMETER_ASSIGNMENT       ; SLD_TRIGGER_LEVEL_PIPELINE=1                         ; --            ; --          ; thirdState     ;
; SLD_NODE_PARAMETER_ASSIGNMENT       ; SLD_ENABLE_ADVANCED_TRIGGER=0                        ; --            ; --          ; thirdState     ;
; SLD_NODE_PARAMETER_ASSIGNMENT       ; SLD_RAM_BLOCK_TYPE=AUTO                              ; --            ; --          ; onReset        ;
; SLD_NODE_PARAMETER_ASSIGNMENT       ; SLD_DATA_BITS=6                                      ; --            ; --          ; onReset        ;
; SLD_NODE_PARAMETER_ASSIGNMENT       ; SLD_TRIGGER_BITS=1                                   ; --            ; --          ; onReset        ;
; SLD_NODE_PARAMETER_ASSIGNMENT       ; SLD_STORAGE_QUALIFIER_BITS=6                         ; --            ; --          ; onReset        ;
; SLD_NODE_PARAMETER_ASSIGNMENT       ; SLD_NODE_INFO=805334528                              ; --            ; --          ; onReset        ;
; SLD_NODE_PARAMETER_ASSIGNMENT       ; SLD_POWER_UP_TRIGGER=0                               ; --            ; --          ; onReset        ;
; SLD_NODE_PARAMETER_ASSIGNMENT       ; SLD_INVERSION_MASK=000000000000000000000000          ; --            ; --          ; onReset        ;
; SLD_NODE_PARAMETER_ASSIGNMENT       ; SLD_INVERSION_MASK_LENGTH=24                         ; --            ; --          ; onReset        ;
; SLD_NODE_PARAMETER_ASSIGNMENT       ; SLD_STORAGE_QUALIFIER_INVERSION_MASK_LENGTH=0        ; --            ; --          ; onReset        ;
; SLD_NODE_PARAMETER_ASSIGNMENT       ; SLD_SEGMENT_SIZE=128                                 ; --            ; --          ; onReset        ;
; SLD_NODE_PARAMETER_ASSIGNMENT       ; SLD_ATTRIBUTE_MEM_MODE=OFF                           ; --            ; --          ; onReset        ;
; SLD_NODE_PARAMETER_ASSIGNMENT       ; SLD_STATE_FLOW_USE_GENERATED=0                       ; --            ; --          ; onReset        ;
; SLD_NODE_PARAMETER_ASSIGNMENT       ; SLD_STATE_BITS=11                                    ; --            ; --          ; onReset        ;
; SLD_NODE_PARAMETER_ASSIGNMENT       ; SLD_BUFFER_FULL_STOP=1                               ; --            ; --          ; onReset        ;
; SLD_NODE_PARAMETER_ASSIGNMENT       ; SLD_CURRENT_RESOURCE_WIDTH=1                         ; --            ; --          ; onReset        ;
; SLD_NODE_PARAMETER_ASSIGNMENT       ; SLD_INCREMENTAL_ROUTING=1                            ; --            ; --          ; onReset        ;
; SLD_NODE_PARAMETER_ASSIGNMENT       ; SLD_TRIGGER_LEVEL=1                                  ; --            ; --          ; onReset        ;
; SLD_NODE_PARAMETER_ASSIGNMENT       ; SLD_SAMPLE_DEPTH=128                                 ; --            ; --          ; onReset        ;
; SLD_NODE_PARAMETER_ASSIGNMENT       ; SLD_TRIGGER_IN_ENABLED=0                             ; --            ; --          ; onReset        ;
; SLD_NODE_PARAMETER_ASSIGNMENT       ; SLD_TRIGGER_PIPELINE=0                               ; --            ; --          ; onReset        ;
; SLD_NODE_PARAMETER_ASSIGNMENT       ; SLD_RAM_PIPELINE=0                                   ; --            ; --          ; onReset        ;
; SLD_NODE_PARAMETER_ASSIGNMENT       ; SLD_COUNTER_PIPELINE=0                               ; --            ; --          ; onReset        ;
; SLD_NODE_PARAMETER_ASSIGNMENT       ; SLD_ADVANCED_TRIGGER_ENTITY=basic,1,                 ; --            ; --          ; onReset        ;
; SLD_NODE_PARAMETER_ASSIGNMENT       ; SLD_TRIGGER_LEVEL_PIPELINE=1                         ; --            ; --          ; onReset        ;
; SLD_NODE_PARAMETER_ASSIGNMENT       ; SLD_ENABLE_ADVANCED_TRIGGER=0                        ; --            ; --          ; onReset        ;
; USE_SIGNALTAP_FILE                  ; output_files/stp3.stp                                ; --            ; --          ; --             ;
+-------------------------------------+------------------------------------------------------+---------------+-------------+----------------+


+-------------------------------------------------------------------------------------------------------------------------------+
; Flow Elapsed Time                                                                                                             ;
+---------------------------+--------------+-------------------------+---------------------+------------------------------------+
; Module Name               ; Elapsed Time ; Average Processors Used ; Peak Virtual Memory ; Total CPU Time (on all processors) ;
+---------------------------+--------------+-------------------------+---------------------+------------------------------------+
; Analysis & Synthesis      ; 00:00:28     ; 1.0                     ; 1011 MB             ; 00:00:54                           ;
; Fitter                    ; 00:00:52     ; 1.1                     ; 2808 MB             ; 00:01:41                           ;
; Assembler                 ; 00:00:09     ; 1.0                     ; 930 MB              ; 00:00:08                           ;
; TimeQuest Timing Analyzer ; 00:00:11     ; 1.3                     ; 1290 MB             ; 00:00:13                           ;
; EDA Netlist Writer        ; 00:00:04     ; 1.0                     ; 848 MB              ; 00:00:03                           ;
; Total                     ; 00:01:44     ; --                      ; --                  ; 00:02:59                           ;
+---------------------------+--------------+-------------------------+---------------------+------------------------------------+


+----------------------------------------------------------------------------------------+
; Flow OS Summary                                                                        ;
+---------------------------+------------------+-----------+------------+----------------+
; Module Name               ; Machine Hostname ; OS Name   ; OS Version ; Processor type ;
+---------------------------+------------------+-----------+------------+----------------+
; Analysis & Synthesis      ; EE-137PC25       ; Windows 8 ; 6.2        ; x86_64         ;
; Fitter                    ; EE-137PC25       ; Windows 8 ; 6.2        ; x86_64         ;
; Assembler                 ; EE-137PC25       ; Windows 8 ; 6.2        ; x86_64         ;
; TimeQuest Timing Analyzer ; EE-137PC25       ; Windows 8 ; 6.2        ; x86_64         ;
; EDA Netlist Writer        ; EE-137PC25       ; Windows 8 ; 6.2        ; x86_64         ;
+---------------------------+------------------+-----------+------------+----------------+


------------
; Flow Log ;
------------
quartus_map --read_settings_files=on --write_settings_files=off SynchUpSchem -c SynchUpSchemImpl
quartus_fit --read_settings_files=off --write_settings_files=off SynchUpSchem -c SynchUpSchemImpl
quartus_asm --read_settings_files=off --write_settings_files=off SynchUpSchem -c SynchUpSchemImpl
quartus_sta SynchUpSchem -c SynchUpSchemImpl
quartus_eda --read_settings_files=off --write_settings_files=off SynchUpSchem -c SynchUpSchemImpl



