Info: Starting: Create block symbol file (.bsf)
Info: qsys-generate C:\Users\nja4\Desktop\ee371\Lab5\nios_sys.qsys --block-symbol-file --output-directory=C:\Users\nja4\Desktop\ee371\Lab5\nios_sys --family="Cyclone V" --part=5CSEMA5F31C6
Progress: Loading Lab5/nios_sys.qsys
Progress: Reading input file
Progress: Adding LEDs [altera_avalon_pio 16.0]
Progress: Parameterizing module LEDs
Progress: Adding char_received [altera_avalon_pio 16.0]
Progress: Parameterizing module char_received
Progress: Adding char_sent [altera_avalon_pio 16.0]
Progress: Parameterizing module char_sent
Progress: Adding clk_0 [clock_source 16.0]
Progress: Parameterizing module clk_0
Progress: Adding jtag_uart [altera_avalon_jtag_uart 16.0]
Progress: Parameterizing module jtag_uart
Progress: Adding load [altera_avalon_pio 16.0]
Progress: Parameterizing module load
Progress: Adding nios2_processor [altera_nios2_qsys 16.0]
Progress: Parameterizing module nios2_processor
Progress: Adding onchip_memory [altera_avalon_onchip_memory2 16.0]
Progress: Parameterizing module onchip_memory
Progress: Adding parallel_input [altera_avalon_pio 16.0]
Progress: Parameterizing module parallel_input
Progress: Adding parallel_output [altera_avalon_pio 16.0]
Progress: Parameterizing module parallel_output
Progress: Adding switches [altera_avalon_pio 16.0]
Progress: Parameterizing module switches
Progress: Adding transmit_enable [altera_avalon_pio 16.0]
Progress: Parameterizing module transmit_enable
Progress: Building connections
Progress: Parameterizing connections
Progress: Validating
Progress: Done reading input file
Info: nios_sys.char_received: PIO inputs are not hardwired in test bench. Undefined values will be read from PIO inputs during simulation.
Info: nios_sys.jtag_uart: JTAG UART IP input clock need to be at least double (2x) the operating frequency of JTAG TCK on board
Warning: nios_sys.nios2_processor: Nios II Classic cores are no longer recommended for new projects
Info: nios_sys.parallel_input: PIO inputs are not hardwired in test bench. Undefined values will be read from PIO inputs during simulation.
Info: nios_sys.switches: PIO inputs are not hardwired in test bench. Undefined values will be read from PIO inputs during simulation.
Info: qsys-generate succeeded.
Info: Finished: Create block symbol file (.bsf)
Info: 
Info: Starting: Create HDL design files for synthesis
Info: qsys-generate C:\Users\nja4\Desktop\ee371\Lab5\nios_sys.qsys --synthesis=VERILOG --output-directory=C:\Users\nja4\Desktop\ee371\Lab5\nios_sys\synthesis --family="Cyclone V" --part=5CSEMA5F31C6
Progress: Loading Lab5/nios_sys.qsys
Progress: Reading input file
Progress: Adding LEDs [altera_avalon_pio 16.0]
Progress: Parameterizing module LEDs
Progress: Adding char_received [altera_avalon_pio 16.0]
Progress: Parameterizing module char_received
Progress: Adding char_sent [altera_avalon_pio 16.0]
Progress: Parameterizing module char_sent
Progress: Adding clk_0 [clock_source 16.0]
Progress: Parameterizing module clk_0
Progress: Adding jtag_uart [altera_avalon_jtag_uart 16.0]
Progress: Parameterizing module jtag_uart
Progress: Adding load [altera_avalon_pio 16.0]
Progress: Parameterizing module load
Progress: Adding nios2_processor [altera_nios2_qsys 16.0]
Progress: Parameterizing module nios2_processor
Progress: Adding onchip_memory [altera_avalon_onchip_memory2 16.0]
Progress: Parameterizing module onchip_memory
Progress: Adding parallel_input [altera_avalon_pio 16.0]
Progress: Parameterizing module parallel_input
Progress: Adding parallel_output [altera_avalon_pio 16.0]
Progress: Parameterizing module parallel_output
Progress: Adding switches [altera_avalon_pio 16.0]
Progress: Parameterizing module switches
Progress: Adding transmit_enable [altera_avalon_pio 16.0]
Progress: Parameterizing module transmit_enable
Progress: Building connections
Progress: Parameterizing connections
Progress: Validating
Progress: Done reading input file
Info: nios_sys.char_received: PIO inputs are not hardwired in test bench. Undefined values will be read from PIO inputs during simulation.
Info: nios_sys.jtag_uart: JTAG UART IP input clock need to be at least double (2x) the operating frequency of JTAG TCK on board
Warning: nios_sys.nios2_processor: Nios II Classic cores are no longer recommended for new projects
Info: nios_sys.parallel_input: PIO inputs are not hardwired in test bench. Undefined values will be read from PIO inputs during simulation.
Info: nios_sys.switches: PIO inputs are not hardwired in test bench. Undefined values will be read from PIO inputs during simulation.
Info: nios_sys: Generating nios_sys "nios_sys" for QUARTUS_SYNTH
Info: LEDs: Starting RTL generation for module 'nios_sys_LEDs'
Info: LEDs:   Generation command is [exec C:/altera/16.0/quartus/bin64/perl/bin/perl.exe -I C:/altera/16.0/quartus/bin64/perl/lib -I C:/altera/16.0/quartus/sopc_builder/bin/europa -I C:/altera/16.0/quartus/sopc_builder/bin/perl_lib -I C:/altera/16.0/quartus/sopc_builder/bin -I C:/altera/16.0/quartus/../ip/altera/sopc_builder_ip/common -I C:/altera/16.0/quartus/../ip/altera/sopc_builder_ip/altera_avalon_pio -- C:/altera/16.0/quartus/../ip/altera/sopc_builder_ip/altera_avalon_pio/generate_rtl.pl --name=nios_sys_LEDs --dir=C:/Users/nja4/AppData/Local/Temp/alt7321_3642738129042653927.dir/0027_LEDs_gen/ --quartus_dir=C:/altera/16.0/quartus --verilog --config=C:/Users/nja4/AppData/Local/Temp/alt7321_3642738129042653927.dir/0027_LEDs_gen//nios_sys_LEDs_component_configuration.pl  --do_build_sim=0  ]
Info: LEDs: Done RTL generation for module 'nios_sys_LEDs'
Info: LEDs: "nios_sys" instantiated altera_avalon_pio "LEDs"
Info: char_received: Starting RTL generation for module 'nios_sys_char_received'
Info: char_received:   Generation command is [exec C:/altera/16.0/quartus/bin64/perl/bin/perl.exe -I C:/altera/16.0/quartus/bin64/perl/lib -I C:/altera/16.0/quartus/sopc_builder/bin/europa -I C:/altera/16.0/quartus/sopc_builder/bin/perl_lib -I C:/altera/16.0/quartus/sopc_builder/bin -I C:/altera/16.0/quartus/../ip/altera/sopc_builder_ip/common -I C:/altera/16.0/quartus/../ip/altera/sopc_builder_ip/altera_avalon_pio -- C:/altera/16.0/quartus/../ip/altera/sopc_builder_ip/altera_avalon_pio/generate_rtl.pl --name=nios_sys_char_received --dir=C:/Users/nja4/AppData/Local/Temp/alt7321_3642738129042653927.dir/0028_char_received_gen/ --quartus_dir=C:/altera/16.0/quartus --verilog --config=C:/Users/nja4/AppData/Local/Temp/alt7321_3642738129042653927.dir/0028_char_received_gen//nios_sys_char_received_component_configuration.pl  --do_build_sim=0  ]
Info: char_received: Done RTL generation for module 'nios_sys_char_received'
Info: char_received: "nios_sys" instantiated altera_avalon_pio "char_received"
Info: jtag_uart: Starting RTL generation for module 'nios_sys_jtag_uart'
Info: jtag_uart:   Generation command is [exec C:/altera/16.0/quartus/bin64/perl/bin/perl.exe -I C:/altera/16.0/quartus/bin64/perl/lib -I C:/altera/16.0/quartus/sopc_builder/bin/europa -I C:/altera/16.0/quartus/sopc_builder/bin/perl_lib -I C:/altera/16.0/quartus/sopc_builder/bin -I C:/altera/16.0/quartus/../ip/altera/sopc_builder_ip/common -I C:/altera/16.0/quartus/../ip/altera/sopc_builder_ip/altera_avalon_jtag_uart -- C:/altera/16.0/quartus/../ip/altera/sopc_builder_ip/altera_avalon_jtag_uart/generate_rtl.pl --name=nios_sys_jtag_uart --dir=C:/Users/nja4/AppData/Local/Temp/alt7321_3642738129042653927.dir/0029_jtag_uart_gen/ --quartus_dir=C:/altera/16.0/quartus --verilog --config=C:/Users/nja4/AppData/Local/Temp/alt7321_3642738129042653927.dir/0029_jtag_uart_gen//nios_sys_jtag_uart_component_configuration.pl  --do_build_sim=0  ]
Info: jtag_uart: Done RTL generation for module 'nios_sys_jtag_uart'
Info: jtag_uart: "nios_sys" instantiated altera_avalon_jtag_uart "jtag_uart"
Info: load: Starting RTL generation for module 'nios_sys_load'
Info: load:   Generation command is [exec C:/altera/16.0/quartus/bin64/perl/bin/perl.exe -I C:/altera/16.0/quartus/bin64/perl/lib -I C:/altera/16.0/quartus/sopc_builder/bin/europa -I C:/altera/16.0/quartus/sopc_builder/bin/perl_lib -I C:/altera/16.0/quartus/sopc_builder/bin -I C:/altera/16.0/quartus/../ip/altera/sopc_builder_ip/common -I C:/altera/16.0/quartus/../ip/altera/sopc_builder_ip/altera_avalon_pio -- C:/altera/16.0/quartus/../ip/altera/sopc_builder_ip/altera_avalon_pio/generate_rtl.pl --name=nios_sys_load --dir=C:/Users/nja4/AppData/Local/Temp/alt7321_3642738129042653927.dir/0030_load_gen/ --quartus_dir=C:/altera/16.0/quartus --verilog --config=C:/Users/nja4/AppData/Local/Temp/alt7321_3642738129042653927.dir/0030_load_gen//nios_sys_load_component_configuration.pl  --do_build_sim=0  ]
Info: load: Done RTL generation for module 'nios_sys_load'
Info: load: "nios_sys" instantiated altera_avalon_pio "load"
Info: nios2_processor: Starting RTL generation for module 'nios_sys_nios2_processor'
Info: nios2_processor:   Generation command is [exec C:/altera/16.0/quartus/bin64/eperlcmd.exe -I C:/altera/16.0/quartus/bin64/perl/lib -I C:/altera/16.0/quartus/sopc_builder/bin/europa -I C:/altera/16.0/quartus/sopc_builder/bin/perl_lib -I C:/altera/16.0/quartus/sopc_builder/bin -I C:/altera/16.0/quartus/../ip/altera/nios2_ip/altera_nios2/cpu_lib -I C:/altera/16.0/quartus/../ip/altera/nios2_ip/altera_nios2/nios_lib -I C:/altera/16.0/quartus/../ip/altera/nios2_ip/altera_nios2 -I C:/altera/16.0/quartus/../ip/altera/nios2_ip/altera_nios2 -- C:/altera/16.0/quartus/../ip/altera/nios2_ip/altera_nios2/generate_rtl.epl --name=nios_sys_nios2_processor --dir=C:/Users/nja4/AppData/Local/Temp/alt7321_3642738129042653927.dir/0031_nios2_processor_gen/ --quartus_bindir=C:/altera/16.0/quartus/bin64 --verilog --config=C:/Users/nja4/AppData/Local/Temp/alt7321_3642738129042653927.dir/0031_nios2_processor_gen//nios_sys_nios2_processor_processor_configuration.pl  --do_build_sim=0  ]
Info: nios2_processor: # 2017.06.03 21:05:53 (*) Starting Nios II generation
Info: nios2_processor: # 2017.06.03 21:05:53 (*)   Checking for plaintext license.
Info: nios2_processor: # 2017.06.03 21:05:54 (*)   Couldn't query license setup in Quartus directory C:/altera/16.0/quartus/bin64
Info: nios2_processor: # 2017.06.03 21:05:54 (*)   Defaulting to contents of LM_LICENSE_FILE environment variable
Info: nios2_processor: # 2017.06.03 21:05:54 (*)   Plaintext license not found.
Info: nios2_processor: # 2017.06.03 21:05:54 (*)   No license required to generate encrypted Nios II/e.
Info: nios2_processor: # 2017.06.03 21:05:54 (*)   Elaborating CPU configuration settings
Info: nios2_processor: # 2017.06.03 21:05:54 (*)   Creating all objects for CPU
Info: nios2_processor: # 2017.06.03 21:05:55 (*)   Generating RTL from CPU objects
Info: nios2_processor: # 2017.06.03 21:05:55 (*)   Creating plain-text RTL
Info: nios2_processor: # 2017.06.03 21:05:57 (*) Done Nios II generation
Info: nios2_processor: Done RTL generation for module 'nios_sys_nios2_processor'
Info: nios2_processor: "nios_sys" instantiated altera_nios2_qsys "nios2_processor"
Info: onchip_memory: Starting RTL generation for module 'nios_sys_onchip_memory'
Info: onchip_memory:   Generation command is [exec C:/altera/16.0/quartus/bin64/perl/bin/perl.exe -I C:/altera/16.0/quartus/bin64/perl/lib -I C:/altera/16.0/quartus/sopc_builder/bin/europa -I C:/altera/16.0/quartus/sopc_builder/bin/perl_lib -I C:/altera/16.0/quartus/sopc_builder/bin -I C:/altera/16.0/quartus/../ip/altera/sopc_builder_ip/common -I C:/altera/16.0/quartus/../ip/altera/sopc_builder_ip/altera_avalon_onchip_memory2 -- C:/altera/16.0/quartus/../ip/altera/sopc_builder_ip/altera_avalon_onchip_memory2/generate_rtl.pl --name=nios_sys_onchip_memory --dir=C:/Users/nja4/AppData/Local/Temp/alt7321_3642738129042653927.dir/0032_onchip_memory_gen/ --quartus_dir=C:/altera/16.0/quartus --verilog --config=C:/Users/nja4/AppData/Local/Temp/alt7321_3642738129042653927.dir/0032_onchip_memory_gen//nios_sys_onchip_memory_component_configuration.pl  --do_build_sim=0  ]
Info: onchip_memory: Done RTL generation for module 'nios_sys_onchip_memory'
Info: onchip_memory: "nios_sys" instantiated altera_avalon_onchip_memory2 "onchip_memory"
Info: parallel_input: Starting RTL generation for module 'nios_sys_parallel_input'
Info: parallel_input:   Generation command is [exec C:/altera/16.0/quartus/bin64/perl/bin/perl.exe -I C:/altera/16.0/quartus/bin64/perl/lib -I C:/altera/16.0/quartus/sopc_builder/bin/europa -I C:/altera/16.0/quartus/sopc_builder/bin/perl_lib -I C:/altera/16.0/quartus/sopc_builder/bin -I C:/altera/16.0/quartus/../ip/altera/sopc_builder_ip/common -I C:/altera/16.0/quartus/../ip/altera/sopc_builder_ip/altera_avalon_pio -- C:/altera/16.0/quartus/../ip/altera/sopc_builder_ip/altera_avalon_pio/generate_rtl.pl --name=nios_sys_parallel_input --dir=C:/Users/nja4/AppData/Local/Temp/alt7321_3642738129042653927.dir/0033_parallel_input_gen/ --quartus_dir=C:/altera/16.0/quartus --verilog --config=C:/Users/nja4/AppData/Local/Temp/alt7321_3642738129042653927.dir/0033_parallel_input_gen//nios_sys_parallel_input_component_configuration.pl  --do_build_sim=0  ]
Info: parallel_input: Done RTL generation for module 'nios_sys_parallel_input'
Info: parallel_input: "nios_sys" instantiated altera_avalon_pio "parallel_input"
Info: avalon_st_adapter: Inserting error_adapter: error_adapter_0
Info: avalon_st_adapter_001: Inserting error_adapter: error_adapter_0
Info: avalon_st_adapter_002: Inserting error_adapter: error_adapter_0
Info: avalon_st_adapter_003: Inserting error_adapter: error_adapter_0
Info: avalon_st_adapter_004: Inserting error_adapter: error_adapter_0
Info: avalon_st_adapter_005: Inserting error_adapter: error_adapter_0
Info: avalon_st_adapter_006: Inserting error_adapter: error_adapter_0
Info: avalon_st_adapter_007: Inserting error_adapter: error_adapter_0
Info: avalon_st_adapter_008: Inserting error_adapter: error_adapter_0
Info: avalon_st_adapter_009: Inserting error_adapter: error_adapter_0
Info: avalon_st_adapter_010: Inserting error_adapter: error_adapter_0
Info: mm_interconnect_0: "nios_sys" instantiated altera_mm_interconnect "mm_interconnect_0"
Info: irq_mapper: "nios_sys" instantiated altera_irq_mapper "irq_mapper"
Info: rst_controller: "nios_sys" instantiated altera_reset_controller "rst_controller"
Info: nios2_processor_data_master_translator: "mm_interconnect_0" instantiated altera_merlin_master_translator "nios2_processor_data_master_translator"
Info: jtag_uart_avalon_jtag_slave_translator: "mm_interconnect_0" instantiated altera_merlin_slave_translator "jtag_uart_avalon_jtag_slave_translator"
Info: nios2_processor_data_master_agent: "mm_interconnect_0" instantiated altera_merlin_master_agent "nios2_processor_data_master_agent"
Info: jtag_uart_avalon_jtag_slave_agent: "mm_interconnect_0" instantiated altera_merlin_slave_agent "jtag_uart_avalon_jtag_slave_agent"
Info: jtag_uart_avalon_jtag_slave_agent_rsp_fifo: "mm_interconnect_0" instantiated altera_avalon_sc_fifo "jtag_uart_avalon_jtag_slave_agent_rsp_fifo"
Info: router: "mm_interconnect_0" instantiated altera_merlin_router "router"
Info: router_001: "mm_interconnect_0" instantiated altera_merlin_router "router_001"
Info: router_002: "mm_interconnect_0" instantiated altera_merlin_router "router_002"
Info: router_003: "mm_interconnect_0" instantiated altera_merlin_router "router_003"
Info: cmd_demux: "mm_interconnect_0" instantiated altera_merlin_demultiplexer "cmd_demux"
Info: cmd_demux_001: "mm_interconnect_0" instantiated altera_merlin_demultiplexer "cmd_demux_001"
Info: cmd_mux: "mm_interconnect_0" instantiated altera_merlin_multiplexer "cmd_mux"
Info: cmd_mux_001: "mm_interconnect_0" instantiated altera_merlin_multiplexer "cmd_mux_001"
Info: Reusing file C:/Users/nja4/Desktop/ee371/Lab5/nios_sys/synthesis/submodules/altera_merlin_arbitrator.sv
Info: rsp_demux: "mm_interconnect_0" instantiated altera_merlin_demultiplexer "rsp_demux"
Info: rsp_mux: "mm_interconnect_0" instantiated altera_merlin_multiplexer "rsp_mux"
Info: Reusing file C:/Users/nja4/Desktop/ee371/Lab5/nios_sys/synthesis/submodules/altera_merlin_arbitrator.sv
Info: rsp_mux_001: "mm_interconnect_0" instantiated altera_merlin_multiplexer "rsp_mux_001"
Info: Reusing file C:/Users/nja4/Desktop/ee371/Lab5/nios_sys/synthesis/submodules/altera_merlin_arbitrator.sv
Info: avalon_st_adapter: "mm_interconnect_0" instantiated altera_avalon_st_adapter "avalon_st_adapter"
Info: error_adapter_0: "avalon_st_adapter" instantiated error_adapter "error_adapter_0"
Info: nios_sys: Done "nios_sys" with 29 modules, 43 files
Info: qsys-generate succeeded.
Info: Finished: Create HDL design files for synthesis
