Flow report for Nios_processor
Sun Jun 04 20:39:11 2017
Quartus Prime Version 16.0.0 Build 211 04/27/2016 SJ Standard Edition


---------------------
; Table of Contents ;
---------------------
  1. Legal Notice
  2. Flow Summary
  3. Flow Settings
  4. Flow Non-Default Global Settings
  5. Flow Elapsed Time
  6. Flow OS Summary
  7. Flow Log
  8. Flow Messages
  9. Flow Suppressed Messages



----------------
; Legal Notice ;
----------------
Copyright (C) 1991-2016 Altera Corporation. All rights reserved.
Your use of Altera Corporation's design tools, logic functions 
and other software and tools, and its AMPP partner logic 
functions, and any output files from any of the foregoing 
(including device programming or simulation files), and any 
associated documentation or information are expressly subject 
to the terms and conditions of the Altera Program License 
Subscription Agreement, the Altera Quartus Prime License Agreement,
the Altera MegaCore Function License Agreement, or other 
applicable license agreement, including, without limitation, 
that your use is for the sole purpose of programming logic 
devices manufactured by Altera and sold by Altera or its 
authorized distributors.  Please refer to the applicable 
agreement for further details.



+-------------------------------------------------------------------------------+
; Flow Summary                                                                  ;
+-----------------------------+-------------------------------------------------+
; Flow Status                 ; Successful - Sun Jun 04 20:39:11 2017           ;
; Quartus Prime Version       ; 16.0.0 Build 211 04/27/2016 SJ Standard Edition ;
; Revision Name               ; Nios_processor                                  ;
; Top-level Entity Name       ; TopLevelCommSystem                              ;
; Family                      ; Cyclone V                                       ;
; Device                      ; 5CSEMA5F31C6                                    ;
; Timing Models               ; Final                                           ;
; Logic utilization (in ALMs) ; N/A until Partition Merge                       ;
; Total registers             ; N/A until Partition Merge                       ;
; Total pins                  ; N/A until Partition Merge                       ;
; Total virtual pins          ; N/A until Partition Merge                       ;
; Total block memory bits     ; N/A until Partition Merge                       ;
; Total PLLs                  ; N/A until Partition Merge                       ;
; Total DLLs                  ; N/A until Partition Merge                       ;
+-----------------------------+-------------------------------------------------+


+-----------------------------------------+
; Flow Settings                           ;
+-------------------+---------------------+
; Option            ; Setting             ;
+-------------------+---------------------+
; Start date & time ; 06/04/2017 16:56:16 ;
; Main task         ; Compilation         ;
; Revision Name     ; Nios_processor      ;
+-------------------+---------------------+


+---------------------------------------------------------------------------------------------------------------------------------------------------------+
; Flow Non-Default Global Settings                                                                                                                        ;
+-------------------------------------+------------------------------------------------------------+----------------+--------------------+----------------+
; Assignment Name                     ; Value                                                      ; Default Value  ; Entity Name        ; Section Id     ;
+-------------------------------------+------------------------------------------------------------+----------------+--------------------+----------------+
; COMPILER_SIGNATURE_ID               ; 203178703705194.149662057614372                            ; --             ; --                 ; --             ;
; EDA_OUTPUT_DATA_FORMAT              ; Verilog Hdl                                                ; --             ; --                 ; eda_simulation ;
; EDA_SIMULATION_TOOL                 ; ModelSim-Altera (Verilog)                                  ; <None>         ; --                 ; --             ;
; EDA_TIME_SCALE                      ; 1 ps                                                       ; --             ; --                 ; eda_simulation ;
; MAX_CORE_JUNCTION_TEMP              ; 85                                                         ; --             ; --                 ; --             ;
; MIN_CORE_JUNCTION_TEMP              ; 0                                                          ; --             ; --                 ; --             ;
; MISC_FILE                           ; nios_system/synthesis/../nios_sys.cmp                      ; --             ; --                 ; --             ;
; MISC_FILE                           ; nios_system/synthesis/../../nios_sys.qsys                  ; --             ; --                 ; --             ;
; PARTITION_COLOR                     ; 16764057                                                   ; --             ; TopLevelCommSystem ; Top            ;
; PARTITION_FITTER_PRESERVATION_LEVEL ; PLACEMENT_AND_ROUTING                                      ; --             ; TopLevelCommSystem ; Top            ;
; PARTITION_NETLIST_TYPE              ; SOURCE                                                     ; --             ; TopLevelCommSystem ; Top            ;
; POWER_BOARD_THERMAL_MODEL           ; None (CONSERVATIVE)                                        ; --             ; --                 ; --             ;
; POWER_PRESET_COOLING_SOLUTION       ; 23 MM HEAT SINK WITH 200 LFPM AIRFLOW                      ; --             ; --                 ; --             ;
; PROJECT_OUTPUT_DIRECTORY            ; output_files                                               ; --             ; --                 ; --             ;
; SLD_FILE                            ; nios_system/synthesis/nios_sys.regmap                      ; --             ; --                 ; --             ;
; SLD_FILE                            ; nios_system/synthesis/nios_sys.debuginfo                   ; --             ; --                 ; --             ;
; SLD_INFO                            ; QSYS_NAME nios_sys HAS_SOPCINFO 1 GENERATION_ID 1496620555 ; --             ; nios_sys           ; --             ;
; SOPCINFO_FILE                       ; nios_system/synthesis/../../nios_sys.sopcinfo              ; --             ; --                 ; --             ;
; SYNTHESIS_ONLY_QIP                  ; On                                                         ; --             ; --                 ; --             ;
; TOP_LEVEL_ENTITY                    ; TopLevelCommSystem                                         ; Nios_processor ; --                 ; --             ;
+-------------------------------------+------------------------------------------------------------+----------------+--------------------+----------------+


+-------------------------------------------------------------------------------------------------------------------------------+
; Flow Elapsed Time                                                                                                             ;
+---------------------------+--------------+-------------------------+---------------------+------------------------------------+
; Module Name               ; Elapsed Time ; Average Processors Used ; Peak Virtual Memory ; Total CPU Time (on all processors) ;
+---------------------------+--------------+-------------------------+---------------------+------------------------------------+
; Analysis & Synthesis      ; 00:00:33     ; 1.0                     ; 1084 MB             ; 00:01:00                           ;
; Fitter                    ; 00:00:54     ; 1.1                     ; 2835 MB             ; 00:01:53                           ;
; Assembler                 ; 00:00:08     ; 1.0                     ; 953 MB              ; 00:00:08                           ;
; TimeQuest Timing Analyzer ; 00:00:09     ; 1.6                     ; 1305 MB             ; 00:00:13                           ;
; EDA Netlist Writer        ; 00:00:03     ; 1.0                     ; 872 MB              ; 00:00:03                           ;
; Analysis & Synthesis      ; 00:00:35     ; 1.0                     ; 1068 MB             ; 00:00:56                           ;
; Partition Merge           ; 00:00:04     ; 1.0                     ; 1033 MB             ; 00:00:02                           ;
; Fitter                    ; 00:00:47     ; 1.1                     ; 2972 MB             ; 00:01:26                           ;
; Assembler                 ; 00:00:10     ; 1.0                     ; 954 MB              ; 00:00:08                           ;
; TimeQuest Timing Analyzer ; 00:00:09     ; 1.6                     ; 1304 MB             ; 00:00:13                           ;
; EDA Netlist Writer        ; 00:00:04     ; 1.0                     ; 870 MB              ; 00:00:03                           ;
; Analysis & Synthesis      ; 00:00:35     ; 1.0                     ; 1090 MB             ; 00:00:57                           ;
; Partition Merge           ; 00:00:02     ; 1.0                     ; 889 MB              ; 00:00:01                           ;
; Fitter                    ; 00:01:00     ; 1.1                     ; 2855 MB             ; 00:02:00                           ;
; Assembler                 ; 00:00:10     ; 1.0                     ; 953 MB              ; 00:00:08                           ;
; TimeQuest Timing Analyzer ; 00:00:09     ; 1.6                     ; 1307 MB             ; 00:00:12                           ;
; EDA Netlist Writer        ; 00:00:03     ; 1.0                     ; 868 MB              ; 00:00:03                           ;
; Analysis & Elaboration    ; 00:00:11     ; 1.0                     ; 895 MB              ; 00:00:25                           ;
; Analysis & Elaboration    ; 00:00:28     ; 1.0                     ; 1056 MB             ; 00:00:56                           ;
; Total                     ; 00:06:14     ; --                      ; --                  ; 00:10:47                           ;
+---------------------------+--------------+-------------------------+---------------------+------------------------------------+


+----------------------------------------------------------------------------------------+
; Flow OS Summary                                                                        ;
+---------------------------+------------------+-----------+------------+----------------+
; Module Name               ; Machine Hostname ; OS Name   ; OS Version ; Processor type ;
+---------------------------+------------------+-----------+------------+----------------+
; Analysis & Synthesis      ; EE-137PC22       ; Windows 8 ; 6.2        ; x86_64         ;
; Fitter                    ; EE-137PC22       ; Windows 8 ; 6.2        ; x86_64         ;
; Assembler                 ; EE-137PC22       ; Windows 8 ; 6.2        ; x86_64         ;
; TimeQuest Timing Analyzer ; EE-137PC22       ; Windows 8 ; 6.2        ; x86_64         ;
; EDA Netlist Writer        ; EE-137PC22       ; Windows 8 ; 6.2        ; x86_64         ;
; Analysis & Synthesis      ; EE-137PC22       ; Windows 8 ; 6.2        ; x86_64         ;
; Partition Merge           ; EE-137PC22       ; Windows 8 ; 6.2        ; x86_64         ;
; Fitter                    ; EE-137PC22       ; Windows 8 ; 6.2        ; x86_64         ;
; Assembler                 ; EE-137PC22       ; Windows 8 ; 6.2        ; x86_64         ;
; TimeQuest Timing Analyzer ; EE-137PC22       ; Windows 8 ; 6.2        ; x86_64         ;
; EDA Netlist Writer        ; EE-137PC22       ; Windows 8 ; 6.2        ; x86_64         ;
; Analysis & Synthesis      ; EE-137PC22       ; Windows 8 ; 6.2        ; x86_64         ;
; Partition Merge           ; EE-137PC22       ; Windows 8 ; 6.2        ; x86_64         ;
; Fitter                    ; EE-137PC22       ; Windows 8 ; 6.2        ; x86_64         ;
; Assembler                 ; EE-137PC22       ; Windows 8 ; 6.2        ; x86_64         ;
; TimeQuest Timing Analyzer ; EE-137PC22       ; Windows 8 ; 6.2        ; x86_64         ;
; EDA Netlist Writer        ; EE-137PC22       ; Windows 8 ; 6.2        ; x86_64         ;
; Analysis & Elaboration    ; EE-137PC22       ; Windows 8 ; 6.2        ; x86_64         ;
; Analysis & Elaboration    ; EE-137PC22       ; Windows 8 ; 6.2        ; x86_64         ;
+---------------------------+------------------+-----------+------------+----------------+


------------
; Flow Log ;
------------
quartus_map --read_settings_files=on --write_settings_files=off Nios_processor -c Nios_processor
quartus_fit --read_settings_files=off --write_settings_files=off Nios_processor -c Nios_processor
quartus_asm --read_settings_files=off --write_settings_files=off Nios_processor -c Nios_processor
quartus_sta Nios_processor -c Nios_processor
quartus_eda --read_settings_files=off --write_settings_files=off Nios_processor -c Nios_processor
quartus_map --read_settings_files=on --write_settings_files=off Nios_processor -c Nios_processor
quartus_cdb --read_settings_files=off --write_settings_files=off Nios_processor -c Nios_processor --merge=on
quartus_fit --read_settings_files=off --write_settings_files=off Nios_processor -c Nios_processor
quartus_asm --read_settings_files=off --write_settings_files=off Nios_processor -c Nios_processor
quartus_sta Nios_processor -c Nios_processor
quartus_eda --read_settings_files=off --write_settings_files=off Nios_processor -c Nios_processor
quartus_map --read_settings_files=on --write_settings_files=off Nios_processor -c Nios_processor
quartus_cdb --read_settings_files=off --write_settings_files=off Nios_processor -c Nios_processor --merge=on
quartus_fit --read_settings_files=off --write_settings_files=off Nios_processor -c Nios_processor
quartus_asm --read_settings_files=off --write_settings_files=off Nios_processor -c Nios_processor
quartus_sta Nios_processor -c Nios_processor
quartus_eda --read_settings_files=off --write_settings_files=off Nios_processor -c Nios_processor
quartus_map --read_settings_files=on --write_settings_files=off Nios_processor -c Nios_processor --analysis_and_elaboration
quartus_map --read_settings_files=on --write_settings_files=off Nios_processor -c Nios_processor --analysis_and_elaboration



