Analysis & Synthesis report for SyncUpCounterImpl
Mon Apr 10 19:35:43 2017
Quartus II 64-Bit Version 14.0.0 Build 200 06/17/2014 SJ Web Edition


---------------------
; Table of Contents ;
---------------------
  1. Legal Notice
  2. Analysis & Synthesis Summary
  3. Analysis & Synthesis Settings
  4. Parallel Compilation
  5. Analysis & Synthesis Source Files Read
  6. Analysis & Synthesis Resource Usage Summary
  7. Analysis & Synthesis Resource Utilization by Entity
  8. Analysis & Synthesis RAM Summary
  9. Registers Removed During Synthesis
 10. General Register Statistics
 11. Inverted Register Statistics
 12. Source assignments for sld_signaltap:auto_signaltap_0
 13. Parameter Settings for Inferred Entity Instance: sld_signaltap:auto_signaltap_0
 14. Port Connectivity Checks: "SyncUpCounter:syncUpCounter|DFlipFlop:three"
 15. Port Connectivity Checks: "SyncUpCounter:syncUpCounter|DFlipFlop:two"
 16. Port Connectivity Checks: "SyncUpCounter:syncUpCounter|DFlipFlop:one"
 17. Port Connectivity Checks: "SyncUpCounter:syncUpCounter|DFlipFlop:zero"
 18. SignalTap II Logic Analyzer Settings
 19. Post-Synthesis Netlist Statistics for Top Partition
 20. Elapsed Time Per Partition
 21. Connections to In-System Debugging Instance "auto_signaltap_0"
 22. Analysis & Synthesis Messages



----------------
; Legal Notice ;
----------------
Copyright (C) 1991-2014 Altera Corporation. All rights reserved.
Your use of Altera Corporation's design tools, logic functions 
and other software and tools, and its AMPP partner logic 
functions, and any output files from any of the foregoing 
(including device programming or simulation files), and any 
associated documentation or information are expressly subject 
to the terms and conditions of the Altera Program License 
Subscription Agreement, the Altera Quartus II License Agreement,
the Altera MegaCore Function License Agreement, or other 
applicable license agreement, including, without limitation, 
that your use is for the sole purpose of programming logic 
devices manufactured by Altera and sold by Altera or its 
authorized distributors.  Please refer to the applicable 
agreement for further details.



+------------------------------------------------------------------------------+
; Analysis & Synthesis Summary                                                 ;
+---------------------------------+--------------------------------------------+
; Analysis & Synthesis Status     ; Successful - Mon Apr 10 19:35:43 2017      ;
; Quartus II 64-Bit Version       ; 14.0.0 Build 200 06/17/2014 SJ Web Edition ;
; Revision Name                   ; SyncUpCounterImpl                          ;
; Top-level Entity Name           ; SyncUpCounterImpl                          ;
; Family                          ; Cyclone V                                  ;
; Logic utilization (in ALMs)     ; N/A                                        ;
; Total registers                 ; 473                                        ;
; Total pins                      ; 7                                          ;
; Total virtual pins              ; 0                                          ;
; Total block memory bits         ; 896                                        ;
; Total DSP Blocks                ; 0                                          ;
; Total HSSI RX PCSs              ; 0                                          ;
; Total HSSI PMA RX Deserializers ; 0                                          ;
; Total HSSI TX PCSs              ; 0                                          ;
; Total HSSI PMA TX Serializers   ; 0                                          ;
; Total PLLs                      ; 0                                          ;
; Total DLLs                      ; 0                                          ;
+---------------------------------+--------------------------------------------+


+---------------------------------------------------------------------------------------------------------------------------+
; Analysis & Synthesis Settings                                                                                             ;
+---------------------------------------------------------------------------------+--------------------+--------------------+
; Option                                                                          ; Setting            ; Default Value      ;
+---------------------------------------------------------------------------------+--------------------+--------------------+
; Device                                                                          ; 5CSEMA5F31C6       ;                    ;
; Top-level entity name                                                           ; SyncUpCounterImpl  ; SyncUpCounterImpl  ;
; Family name                                                                     ; Cyclone V          ; Cyclone IV GX      ;
; Use smart compilation                                                           ; Off                ; Off                ;
; Enable parallel Assembler and TimeQuest Timing Analyzer during compilation      ; On                 ; On                 ;
; Enable compact report table                                                     ; Off                ; Off                ;
; Restructure Multiplexers                                                        ; Auto               ; Auto               ;
; MLAB Add Timing Constraints For Mixed-Port Feed-Through Mode Setting Don't Care ; Off                ; Off                ;
; Create Debugging Nodes for IP Cores                                             ; Off                ; Off                ;
; Preserve fewer node names                                                       ; On                 ; On                 ;
; Disable OpenCore Plus hardware evaluation                                       ; Off                ; Off                ;
; Verilog Version                                                                 ; Verilog_2001       ; Verilog_2001       ;
; VHDL Version                                                                    ; VHDL_1993          ; VHDL_1993          ;
; State Machine Processing                                                        ; Auto               ; Auto               ;
; Safe State Machine                                                              ; Off                ; Off                ;
; Extract Verilog State Machines                                                  ; On                 ; On                 ;
; Extract VHDL State Machines                                                     ; On                 ; On                 ;
; Ignore Verilog initial constructs                                               ; Off                ; Off                ;
; Iteration limit for constant Verilog loops                                      ; 5000               ; 5000               ;
; Iteration limit for non-constant Verilog loops                                  ; 250                ; 250                ;
; Add Pass-Through Logic to Inferred RAMs                                         ; On                 ; On                 ;
; Infer RAMs from Raw Logic                                                       ; On                 ; On                 ;
; Parallel Synthesis                                                              ; On                 ; On                 ;
; DSP Block Balancing                                                             ; Auto               ; Auto               ;
; NOT Gate Push-Back                                                              ; On                 ; On                 ;
; Power-Up Don't Care                                                             ; On                 ; On                 ;
; Remove Redundant Logic Cells                                                    ; Off                ; Off                ;
; Remove Duplicate Registers                                                      ; On                 ; On                 ;
; Ignore CARRY Buffers                                                            ; Off                ; Off                ;
; Ignore CASCADE Buffers                                                          ; Off                ; Off                ;
; Ignore GLOBAL Buffers                                                           ; Off                ; Off                ;
; Ignore ROW GLOBAL Buffers                                                       ; Off                ; Off                ;
; Ignore LCELL Buffers                                                            ; Off                ; Off                ;
; Ignore SOFT Buffers                                                             ; On                 ; On                 ;
; Limit AHDL Integers to 32 Bits                                                  ; Off                ; Off                ;
; Optimization Technique                                                          ; Balanced           ; Balanced           ;
; Carry Chain Length                                                              ; 70                 ; 70                 ;
; Auto Carry Chains                                                               ; On                 ; On                 ;
; Auto Open-Drain Pins                                                            ; On                 ; On                 ;
; Perform WYSIWYG Primitive Resynthesis                                           ; Off                ; Off                ;
; Auto ROM Replacement                                                            ; On                 ; On                 ;
; Auto RAM Replacement                                                            ; On                 ; On                 ;
; Auto DSP Block Replacement                                                      ; On                 ; On                 ;
; Auto Shift Register Replacement                                                 ; Auto               ; Auto               ;
; Allow Shift Register Merging across Hierarchies                                 ; Auto               ; Auto               ;
; Auto Clock Enable Replacement                                                   ; On                 ; On                 ;
; Strict RAM Replacement                                                          ; Off                ; Off                ;
; Allow Synchronous Control Signals                                               ; On                 ; On                 ;
; Force Use of Synchronous Clear Signals                                          ; Off                ; Off                ;
; Auto Resource Sharing                                                           ; Off                ; Off                ;
; Allow Any RAM Size For Recognition                                              ; Off                ; Off                ;
; Allow Any ROM Size For Recognition                                              ; Off                ; Off                ;
; Allow Any Shift Register Size For Recognition                                   ; Off                ; Off                ;
; Use LogicLock Constraints during Resource Balancing                             ; On                 ; On                 ;
; Ignore translate_off and synthesis_off directives                               ; Off                ; Off                ;
; Timing-Driven Synthesis                                                         ; On                 ; On                 ;
; Report Parameter Settings                                                       ; On                 ; On                 ;
; Report Source Assignments                                                       ; On                 ; On                 ;
; Report Connectivity Checks                                                      ; On                 ; On                 ;
; Ignore Maximum Fan-Out Assignments                                              ; Off                ; Off                ;
; Synchronization Register Chain Length                                           ; 3                  ; 3                  ;
; PowerPlay Power Optimization                                                    ; Normal compilation ; Normal compilation ;
; HDL message level                                                               ; Level2             ; Level2             ;
; Suppress Register Optimization Related Messages                                 ; Off                ; Off                ;
; Number of Removed Registers Reported in Synthesis Report                        ; 5000               ; 5000               ;
; Number of Swept Nodes Reported in Synthesis Report                              ; 5000               ; 5000               ;
; Number of Inverted Registers Reported in Synthesis Report                       ; 100                ; 100                ;
; Clock MUX Protection                                                            ; On                 ; On                 ;
; Auto Gated Clock Conversion                                                     ; Off                ; Off                ;
; Block Design Naming                                                             ; Auto               ; Auto               ;
; SDC constraint protection                                                       ; Off                ; Off                ;
; Synthesis Effort                                                                ; Auto               ; Auto               ;
; Shift Register Replacement - Allow Asynchronous Clear Signal                    ; On                 ; On                 ;
; Pre-Mapping Resynthesis Optimization                                            ; Off                ; Off                ;
; Analysis & Synthesis Message Level                                              ; Medium             ; Medium             ;
; Disable Register Merging Across Hierarchies                                     ; Auto               ; Auto               ;
; Resource Aware Inference For Block RAM                                          ; On                 ; On                 ;
; Synthesis Seed                                                                  ; 1                  ; 1                  ;
; Automatic Parallel Synthesis                                                    ; On                 ; On                 ;
; Partial Reconfiguration Bitstream ID                                            ; Off                ; Off                ;
+---------------------------------------------------------------------------------+--------------------+--------------------+


+------------------------------------------+
; Parallel Compilation                     ;
+----------------------------+-------------+
; Processors                 ; Number      ;
+----------------------------+-------------+
; Number detected on machine ; 8           ;
; Maximum allowed            ; 4           ;
;                            ;             ;
; Average used               ; 1.00        ;
; Maximum used               ; 1           ;
;                            ;             ;
; Usage by Processor         ; % Time Used ;
;     Processor 1            ; 100.0%      ;
;     Processors 2-8         ;   0.0%      ;
+----------------------------+-------------+


+---------------------------------------------------------------------------------------------------------------------------------------------------------------------------+
; Analysis & Synthesis Source Files Read                                                                                                                                    ;
+----------------------------------+-----------------+------------------------------+-----------------------------------------------------------------------------+---------+
; File Name with User-Entered Path ; Used in Netlist ; File Type                    ; File Name with Absolute Path                                                ; Library ;
+----------------------------------+-----------------+------------------------------+-----------------------------------------------------------------------------+---------+
; SyncUpCounter.v                  ; yes             ; User Verilog HDL File        ; C:/Users/hpadmin/workspace/ee371/SyncUpCounter/SyncUpCounter.v              ;         ;
; DFlipFlop.v                      ; yes             ; User Verilog HDL File        ; C:/Users/hpadmin/workspace/ee371/SyncUpCounter/DFlipFlop.v                  ;         ;
; SyncUpCounterImpl.v              ; yes             ; User Verilog HDL File        ; C:/Users/hpadmin/workspace/ee371/SyncUpCounter/SyncUpCounterImpl.v          ;         ;
; sld_signaltap.vhd                ; yes             ; Megafunction                 ; c:/altera/14.0/quartus/libraries/megafunctions/sld_signaltap.vhd            ;         ;
; sld_signaltap_impl.vhd           ; yes             ; Encrypted Megafunction       ; c:/altera/14.0/quartus/libraries/megafunctions/sld_signaltap_impl.vhd       ;         ;
; sld_ela_control.vhd              ; yes             ; Encrypted Megafunction       ; c:/altera/14.0/quartus/libraries/megafunctions/sld_ela_control.vhd          ;         ;
; lpm_shiftreg.tdf                 ; yes             ; Megafunction                 ; c:/altera/14.0/quartus/libraries/megafunctions/lpm_shiftreg.tdf             ;         ;
; lpm_constant.inc                 ; yes             ; Megafunction                 ; c:/altera/14.0/quartus/libraries/megafunctions/lpm_constant.inc             ;         ;
; dffeea.inc                       ; yes             ; Megafunction                 ; c:/altera/14.0/quartus/libraries/megafunctions/dffeea.inc                   ;         ;
; aglobal140.inc                   ; yes             ; Megafunction                 ; c:/altera/14.0/quartus/libraries/megafunctions/aglobal140.inc               ;         ;
; sld_mbpmg.vhd                    ; yes             ; Encrypted Megafunction       ; c:/altera/14.0/quartus/libraries/megafunctions/sld_mbpmg.vhd                ;         ;
; sld_ela_trigger_flow_mgr.vhd     ; yes             ; Encrypted Megafunction       ; c:/altera/14.0/quartus/libraries/megafunctions/sld_ela_trigger_flow_mgr.vhd ;         ;
; sld_buffer_manager.vhd           ; yes             ; Encrypted Megafunction       ; c:/altera/14.0/quartus/libraries/megafunctions/sld_buffer_manager.vhd       ;         ;
; sld_gap_detector.vhd             ; yes             ; Encrypted Megafunction       ; c:/altera/14.0/quartus/libraries/megafunctions/sld_gap_detector.vhd         ;         ;
; altsyncram.tdf                   ; yes             ; Megafunction                 ; c:/altera/14.0/quartus/libraries/megafunctions/altsyncram.tdf               ;         ;
; stratix_ram_block.inc            ; yes             ; Megafunction                 ; c:/altera/14.0/quartus/libraries/megafunctions/stratix_ram_block.inc        ;         ;
; lpm_mux.inc                      ; yes             ; Megafunction                 ; c:/altera/14.0/quartus/libraries/megafunctions/lpm_mux.inc                  ;         ;
; lpm_decode.inc                   ; yes             ; Megafunction                 ; c:/altera/14.0/quartus/libraries/megafunctions/lpm_decode.inc               ;         ;
; a_rdenreg.inc                    ; yes             ; Megafunction                 ; c:/altera/14.0/quartus/libraries/megafunctions/a_rdenreg.inc                ;         ;
; altrom.inc                       ; yes             ; Megafunction                 ; c:/altera/14.0/quartus/libraries/megafunctions/altrom.inc                   ;         ;
; altram.inc                       ; yes             ; Megafunction                 ; c:/altera/14.0/quartus/libraries/megafunctions/altram.inc                   ;         ;
; altdpram.inc                     ; yes             ; Megafunction                 ; c:/altera/14.0/quartus/libraries/megafunctions/altdpram.inc                 ;         ;
; db/altsyncram_u184.tdf           ; yes             ; Auto-Generated Megafunction  ; C:/Users/hpadmin/workspace/ee371/SyncUpCounter/db/altsyncram_u184.tdf       ;         ;
; altdpram.tdf                     ; yes             ; Megafunction                 ; c:/altera/14.0/quartus/libraries/megafunctions/altdpram.tdf                 ;         ;
; memmodes.inc                     ; yes             ; Megafunction                 ; c:/altera/14.0/quartus/libraries/others/maxplus2/memmodes.inc               ;         ;
; a_hdffe.inc                      ; yes             ; Megafunction                 ; c:/altera/14.0/quartus/libraries/megafunctions/a_hdffe.inc                  ;         ;
; alt_le_rden_reg.inc              ; yes             ; Megafunction                 ; c:/altera/14.0/quartus/libraries/megafunctions/alt_le_rden_reg.inc          ;         ;
; altsyncram.inc                   ; yes             ; Megafunction                 ; c:/altera/14.0/quartus/libraries/megafunctions/altsyncram.inc               ;         ;
; lpm_mux.tdf                      ; yes             ; Megafunction                 ; c:/altera/14.0/quartus/libraries/megafunctions/lpm_mux.tdf                  ;         ;
; muxlut.inc                       ; yes             ; Megafunction                 ; c:/altera/14.0/quartus/libraries/megafunctions/muxlut.inc                   ;         ;
; bypassff.inc                     ; yes             ; Megafunction                 ; c:/altera/14.0/quartus/libraries/megafunctions/bypassff.inc                 ;         ;
; altshift.inc                     ; yes             ; Megafunction                 ; c:/altera/14.0/quartus/libraries/megafunctions/altshift.inc                 ;         ;
; db/mux_elc.tdf                   ; yes             ; Auto-Generated Megafunction  ; C:/Users/hpadmin/workspace/ee371/SyncUpCounter/db/mux_elc.tdf               ;         ;
; lpm_decode.tdf                   ; yes             ; Megafunction                 ; c:/altera/14.0/quartus/libraries/megafunctions/lpm_decode.tdf               ;         ;
; declut.inc                       ; yes             ; Megafunction                 ; c:/altera/14.0/quartus/libraries/megafunctions/declut.inc                   ;         ;
; lpm_compare.inc                  ; yes             ; Megafunction                 ; c:/altera/14.0/quartus/libraries/megafunctions/lpm_compare.inc              ;         ;
; db/decode_vnf.tdf                ; yes             ; Auto-Generated Megafunction  ; C:/Users/hpadmin/workspace/ee371/SyncUpCounter/db/decode_vnf.tdf            ;         ;
; lpm_counter.tdf                  ; yes             ; Megafunction                 ; c:/altera/14.0/quartus/libraries/megafunctions/lpm_counter.tdf              ;         ;
; lpm_add_sub.inc                  ; yes             ; Megafunction                 ; c:/altera/14.0/quartus/libraries/megafunctions/lpm_add_sub.inc              ;         ;
; cmpconst.inc                     ; yes             ; Megafunction                 ; c:/altera/14.0/quartus/libraries/megafunctions/cmpconst.inc                 ;         ;
; lpm_counter.inc                  ; yes             ; Megafunction                 ; c:/altera/14.0/quartus/libraries/megafunctions/lpm_counter.inc              ;         ;
; alt_counter_stratix.inc          ; yes             ; Megafunction                 ; c:/altera/14.0/quartus/libraries/megafunctions/alt_counter_stratix.inc      ;         ;
; db/cntr_g7i.tdf                  ; yes             ; Auto-Generated Megafunction  ; C:/Users/hpadmin/workspace/ee371/SyncUpCounter/db/cntr_g7i.tdf              ;         ;
; db/cmpr_b9c.tdf                  ; yes             ; Auto-Generated Megafunction  ; C:/Users/hpadmin/workspace/ee371/SyncUpCounter/db/cmpr_b9c.tdf              ;         ;
; db/cntr_4vi.tdf                  ; yes             ; Auto-Generated Megafunction  ; C:/Users/hpadmin/workspace/ee371/SyncUpCounter/db/cntr_4vi.tdf              ;         ;
; db/cntr_09i.tdf                  ; yes             ; Auto-Generated Megafunction  ; C:/Users/hpadmin/workspace/ee371/SyncUpCounter/db/cntr_09i.tdf              ;         ;
; db/cmpr_c9c.tdf                  ; yes             ; Auto-Generated Megafunction  ; C:/Users/hpadmin/workspace/ee371/SyncUpCounter/db/cmpr_c9c.tdf              ;         ;
; db/cntr_kri.tdf                  ; yes             ; Auto-Generated Megafunction  ; C:/Users/hpadmin/workspace/ee371/SyncUpCounter/db/cntr_kri.tdf              ;         ;
; db/cmpr_99c.tdf                  ; yes             ; Auto-Generated Megafunction  ; C:/Users/hpadmin/workspace/ee371/SyncUpCounter/db/cmpr_99c.tdf              ;         ;
; sld_rom_sr.vhd                   ; yes             ; Encrypted Megafunction       ; c:/altera/14.0/quartus/libraries/megafunctions/sld_rom_sr.vhd               ;         ;
; sld_hub.vhd                      ; yes             ; Encrypted Megafunction       ; c:/altera/14.0/quartus/libraries/megafunctions/sld_hub.vhd                  ;         ;
; sld_jtag_hub.vhd                 ; yes             ; Encrypted Megafunction       ; c:/altera/14.0/quartus/libraries/megafunctions/sld_jtag_hub.vhd             ;         ;
+----------------------------------+-----------------+------------------------------+-----------------------------------------------------------------------------+---------+


+------------------------------------------------------------------------+
; Analysis & Synthesis Resource Usage Summary                            ;
+---------------------------------------------+--------------------------+
; Resource                                    ; Usage                    ;
+---------------------------------------------+--------------------------+
; Estimate of Logic utilization (ALMs needed) ; 276                      ;
;                                             ;                          ;
; Combinational ALUT usage for logic          ; 336                      ;
;     -- 7 input functions                    ; 1                        ;
;     -- 6 input functions                    ; 66                       ;
;     -- 5 input functions                    ; 62                       ;
;     -- 4 input functions                    ; 43                       ;
;     -- <=3 input functions                  ; 164                      ;
;                                             ;                          ;
; Dedicated logic registers                   ; 473                      ;
;                                             ;                          ;
; I/O pins                                    ; 7                        ;
; Total MLAB memory bits                      ; 0                        ;
; Total block memory bits                     ; 896                      ;
; Total DSP Blocks                            ; 0                        ;
; Maximum fan-out node                        ; altera_internal_jtag~TDO ;
; Maximum fan-out                             ; 319                      ;
; Total fan-out                               ; 3030                     ;
; Average fan-out                             ; 3.61                     ;
+---------------------------------------------+--------------------------+


+---------------------------------------------------------------------------------------------------------------------------------------------------------------------------------------------------------------------------------------------------------------------------------------------------------------------------------------------------------------------------------------------------------------------------------------------------------------------------------------------------------------------------------------------------------------------------+
; Analysis & Synthesis Resource Utilization by Entity                                                                                                                                                                                                                                                                                                                                                                                                                                                                                                                       ;
+---------------------------------------------------------------------------------------------------------+-------------------+--------------+-------------------+------------+------+--------------+--------------------------------------------------------------------------------------------------------------------------------------------------------------------------------------------------------------------------------------------------------------------------------------------------------------------------------------------------------+--------------+
; Compilation Hierarchy Node                                                                              ; LC Combinationals ; LC Registers ; Block Memory Bits ; DSP Blocks ; Pins ; Virtual Pins ; Full Hierarchy Name                                                                                                                                                                                                                                                                                                                                    ; Library Name ;
+---------------------------------------------------------------------------------------------------------+-------------------+--------------+-------------------+------------+------+--------------+--------------------------------------------------------------------------------------------------------------------------------------------------------------------------------------------------------------------------------------------------------------------------------------------------------------------------------------------------------+--------------+
; |SyncUpCounterImpl                                                                                      ; 336 (26)          ; 473 (25)     ; 896               ; 0          ; 7    ; 0            ; |SyncUpCounterImpl                                                                                                                                                                                                                                                                                                                                     ; work         ;
;    |SyncUpCounter:syncUpCounter|                                                                        ; 4 (0)             ; 4 (0)        ; 0                 ; 0          ; 0    ; 0            ; |SyncUpCounterImpl|SyncUpCounter:syncUpCounter                                                                                                                                                                                                                                                                                                         ; work         ;
;       |DFlipFlop:one|                                                                                   ; 1 (1)             ; 1 (1)        ; 0                 ; 0          ; 0    ; 0            ; |SyncUpCounterImpl|SyncUpCounter:syncUpCounter|DFlipFlop:one                                                                                                                                                                                                                                                                                           ; work         ;
;       |DFlipFlop:three|                                                                                 ; 1 (1)             ; 1 (1)        ; 0                 ; 0          ; 0    ; 0            ; |SyncUpCounterImpl|SyncUpCounter:syncUpCounter|DFlipFlop:three                                                                                                                                                                                                                                                                                         ; work         ;
;       |DFlipFlop:two|                                                                                   ; 1 (1)             ; 1 (1)        ; 0                 ; 0          ; 0    ; 0            ; |SyncUpCounterImpl|SyncUpCounter:syncUpCounter|DFlipFlop:two                                                                                                                                                                                                                                                                                           ; work         ;
;       |DFlipFlop:zero|                                                                                  ; 1 (1)             ; 1 (1)        ; 0                 ; 0          ; 0    ; 0            ; |SyncUpCounterImpl|SyncUpCounter:syncUpCounter|DFlipFlop:zero                                                                                                                                                                                                                                                                                          ; work         ;
;    |sld_hub:auto_hub|                                                                                   ; 90 (1)            ; 90 (0)       ; 0                 ; 0          ; 0    ; 0            ; |SyncUpCounterImpl|sld_hub:auto_hub                                                                                                                                                                                                                                                                                                                    ; work         ;
;       |sld_jtag_hub:\jtag_hub_gen:sld_jtag_hub_inst|                                                    ; 89 (57)           ; 90 (62)      ; 0                 ; 0          ; 0    ; 0            ; |SyncUpCounterImpl|sld_hub:auto_hub|sld_jtag_hub:\jtag_hub_gen:sld_jtag_hub_inst                                                                                                                                                                                                                                                                       ; work         ;
;          |sld_rom_sr:hub_info_reg|                                                                      ; 15 (15)           ; 9 (9)        ; 0                 ; 0          ; 0    ; 0            ; |SyncUpCounterImpl|sld_hub:auto_hub|sld_jtag_hub:\jtag_hub_gen:sld_jtag_hub_inst|sld_rom_sr:hub_info_reg                                                                                                                                                                                                                                               ; work         ;
;          |sld_shadow_jsm:shadow_jsm|                                                                    ; 17 (17)           ; 19 (19)      ; 0                 ; 0          ; 0    ; 0            ; |SyncUpCounterImpl|sld_hub:auto_hub|sld_jtag_hub:\jtag_hub_gen:sld_jtag_hub_inst|sld_shadow_jsm:shadow_jsm                                                                                                                                                                                                                                             ; work         ;
;    |sld_signaltap:auto_signaltap_0|                                                                     ; 216 (2)           ; 354 (13)     ; 896               ; 0          ; 0    ; 0            ; |SyncUpCounterImpl|sld_signaltap:auto_signaltap_0                                                                                                                                                                                                                                                                                                      ; work         ;
;       |sld_signaltap_impl:sld_signaltap_body|                                                           ; 214 (0)           ; 341 (0)      ; 896               ; 0          ; 0    ; 0            ; |SyncUpCounterImpl|sld_signaltap:auto_signaltap_0|sld_signaltap_impl:sld_signaltap_body                                                                                                                                                                                                                                                                ; work         ;
;          |sld_signaltap_implb:sld_signaltap_body|                                                       ; 214 (66)          ; 341 (98)     ; 896               ; 0          ; 0    ; 0            ; |SyncUpCounterImpl|sld_signaltap:auto_signaltap_0|sld_signaltap_impl:sld_signaltap_body|sld_signaltap_implb:sld_signaltap_body                                                                                                                                                                                                                         ; work         ;
;             |altdpram:\stp_non_zero_ram_gen:attribute_mem_gen:attribute_mem|                            ; 2 (0)             ; 46 (46)      ; 0                 ; 0          ; 0    ; 0            ; |SyncUpCounterImpl|sld_signaltap:auto_signaltap_0|sld_signaltap_impl:sld_signaltap_body|sld_signaltap_implb:sld_signaltap_body|altdpram:\stp_non_zero_ram_gen:attribute_mem_gen:attribute_mem                                                                                                                                                          ; work         ;
;                |lpm_decode:wdecoder|                                                                    ; 2 (0)             ; 0 (0)        ; 0                 ; 0          ; 0    ; 0            ; |SyncUpCounterImpl|sld_signaltap:auto_signaltap_0|sld_signaltap_impl:sld_signaltap_body|sld_signaltap_implb:sld_signaltap_body|altdpram:\stp_non_zero_ram_gen:attribute_mem_gen:attribute_mem|lpm_decode:wdecoder                                                                                                                                      ; work         ;
;                   |decode_vnf:auto_generated|                                                           ; 2 (2)             ; 0 (0)        ; 0                 ; 0          ; 0    ; 0            ; |SyncUpCounterImpl|sld_signaltap:auto_signaltap_0|sld_signaltap_impl:sld_signaltap_body|sld_signaltap_implb:sld_signaltap_body|altdpram:\stp_non_zero_ram_gen:attribute_mem_gen:attribute_mem|lpm_decode:wdecoder|decode_vnf:auto_generated                                                                                                            ; work         ;
;             |altsyncram:\stp_non_zero_ram_gen:stp_buffer_ram|                                           ; 0 (0)             ; 0 (0)        ; 896               ; 0          ; 0    ; 0            ; |SyncUpCounterImpl|sld_signaltap:auto_signaltap_0|sld_signaltap_impl:sld_signaltap_body|sld_signaltap_implb:sld_signaltap_body|altsyncram:\stp_non_zero_ram_gen:stp_buffer_ram                                                                                                                                                                         ; work         ;
;                |altsyncram_u184:auto_generated|                                                         ; 0 (0)             ; 0 (0)        ; 896               ; 0          ; 0    ; 0            ; |SyncUpCounterImpl|sld_signaltap:auto_signaltap_0|sld_signaltap_impl:sld_signaltap_body|sld_signaltap_implb:sld_signaltap_body|altsyncram:\stp_non_zero_ram_gen:stp_buffer_ram|altsyncram_u184:auto_generated                                                                                                                                          ; work         ;
;             |lpm_shiftreg:segment_offset_config_deserialize|                                            ; 0 (0)             ; 7 (7)        ; 0                 ; 0          ; 0    ; 0            ; |SyncUpCounterImpl|sld_signaltap:auto_signaltap_0|sld_signaltap_impl:sld_signaltap_body|sld_signaltap_implb:sld_signaltap_body|lpm_shiftreg:segment_offset_config_deserialize                                                                                                                                                                          ; work         ;
;             |lpm_shiftreg:status_register|                                                              ; 17 (17)           ; 17 (17)      ; 0                 ; 0          ; 0    ; 0            ; |SyncUpCounterImpl|sld_signaltap:auto_signaltap_0|sld_signaltap_impl:sld_signaltap_body|sld_signaltap_implb:sld_signaltap_body|lpm_shiftreg:status_register                                                                                                                                                                                            ; work         ;
;             |serial_crc_16:\tdo_crc_gen:tdo_crc_calc|                                                   ; 4 (4)             ; 13 (13)      ; 0                 ; 0          ; 0    ; 0            ; |SyncUpCounterImpl|sld_signaltap:auto_signaltap_0|sld_signaltap_impl:sld_signaltap_body|sld_signaltap_implb:sld_signaltap_body|serial_crc_16:\tdo_crc_gen:tdo_crc_calc                                                                                                                                                                                 ; work         ;
;             |sld_buffer_manager:sld_buffer_manager_inst|                                                ; 54 (54)           ; 44 (44)      ; 0                 ; 0          ; 0    ; 0            ; |SyncUpCounterImpl|sld_signaltap:auto_signaltap_0|sld_signaltap_impl:sld_signaltap_body|sld_signaltap_implb:sld_signaltap_body|sld_buffer_manager:sld_buffer_manager_inst                                                                                                                                                                              ; work         ;
;             |sld_ela_control:ela_control|                                                               ; 12 (3)            ; 54 (6)       ; 0                 ; 0          ; 0    ; 0            ; |SyncUpCounterImpl|sld_signaltap:auto_signaltap_0|sld_signaltap_impl:sld_signaltap_body|sld_signaltap_implb:sld_signaltap_body|sld_ela_control:ela_control                                                                                                                                                                                             ; work         ;
;                |lpm_shiftreg:\storage_on_enable_bit:trigger_condition_deserialize|                      ; 0 (0)             ; 1 (1)        ; 0                 ; 0          ; 0    ; 0            ; |SyncUpCounterImpl|sld_signaltap:auto_signaltap_0|sld_signaltap_impl:sld_signaltap_body|sld_signaltap_implb:sld_signaltap_body|sld_ela_control:ela_control|lpm_shiftreg:\storage_on_enable_bit:trigger_condition_deserialize                                                                                                                           ; work         ;
;                |lpm_shiftreg:trigger_config_deserialize|                                                ; 0 (0)             ; 4 (4)        ; 0                 ; 0          ; 0    ; 0            ; |SyncUpCounterImpl|sld_signaltap:auto_signaltap_0|sld_signaltap_impl:sld_signaltap_body|sld_signaltap_implb:sld_signaltap_body|sld_ela_control:ela_control|lpm_shiftreg:trigger_config_deserialize                                                                                                                                                     ; work         ;
;                |sld_ela_basic_multi_level_trigger:\basic_multi_level_mbpm_trigger_gen:multi_level_mbpm| ; 6 (0)             ; 30 (0)       ; 0                 ; 0          ; 0    ; 0            ; |SyncUpCounterImpl|sld_signaltap:auto_signaltap_0|sld_signaltap_impl:sld_signaltap_body|sld_signaltap_implb:sld_signaltap_body|sld_ela_control:ela_control|sld_ela_basic_multi_level_trigger:\basic_multi_level_mbpm_trigger_gen:multi_level_mbpm                                                                                                      ; work         ;
;                   |lpm_shiftreg:trigger_condition_deserialize|                                          ; 0 (0)             ; 18 (18)      ; 0                 ; 0          ; 0    ; 0            ; |SyncUpCounterImpl|sld_signaltap:auto_signaltap_0|sld_signaltap_impl:sld_signaltap_body|sld_signaltap_implb:sld_signaltap_body|sld_ela_control:ela_control|sld_ela_basic_multi_level_trigger:\basic_multi_level_mbpm_trigger_gen:multi_level_mbpm|lpm_shiftreg:trigger_condition_deserialize                                                           ; work         ;
;                   |sld_mbpmg:\trigger_modules_gen:0:trigger_match|                                      ; 6 (0)             ; 12 (0)       ; 0                 ; 0          ; 0    ; 0            ; |SyncUpCounterImpl|sld_signaltap:auto_signaltap_0|sld_signaltap_impl:sld_signaltap_body|sld_signaltap_implb:sld_signaltap_body|sld_ela_control:ela_control|sld_ela_basic_multi_level_trigger:\basic_multi_level_mbpm_trigger_gen:multi_level_mbpm|sld_mbpmg:\trigger_modules_gen:0:trigger_match                                                       ; work         ;
;                      |sld_sbpmg:\gen_sbpmg_pipeline_less_than_two:sm0:0:sm1|                            ; 1 (1)             ; 2 (2)        ; 0                 ; 0          ; 0    ; 0            ; |SyncUpCounterImpl|sld_signaltap:auto_signaltap_0|sld_signaltap_impl:sld_signaltap_body|sld_signaltap_implb:sld_signaltap_body|sld_ela_control:ela_control|sld_ela_basic_multi_level_trigger:\basic_multi_level_mbpm_trigger_gen:multi_level_mbpm|sld_mbpmg:\trigger_modules_gen:0:trigger_match|sld_sbpmg:\gen_sbpmg_pipeline_less_than_two:sm0:0:sm1 ; work         ;
;                      |sld_sbpmg:\gen_sbpmg_pipeline_less_than_two:sm0:1:sm1|                            ; 1 (1)             ; 2 (2)        ; 0                 ; 0          ; 0    ; 0            ; |SyncUpCounterImpl|sld_signaltap:auto_signaltap_0|sld_signaltap_impl:sld_signaltap_body|sld_signaltap_implb:sld_signaltap_body|sld_ela_control:ela_control|sld_ela_basic_multi_level_trigger:\basic_multi_level_mbpm_trigger_gen:multi_level_mbpm|sld_mbpmg:\trigger_modules_gen:0:trigger_match|sld_sbpmg:\gen_sbpmg_pipeline_less_than_two:sm0:1:sm1 ; work         ;
;                      |sld_sbpmg:\gen_sbpmg_pipeline_less_than_two:sm0:2:sm1|                            ; 1 (1)             ; 2 (2)        ; 0                 ; 0          ; 0    ; 0            ; |SyncUpCounterImpl|sld_signaltap:auto_signaltap_0|sld_signaltap_impl:sld_signaltap_body|sld_signaltap_implb:sld_signaltap_body|sld_ela_control:ela_control|sld_ela_basic_multi_level_trigger:\basic_multi_level_mbpm_trigger_gen:multi_level_mbpm|sld_mbpmg:\trigger_modules_gen:0:trigger_match|sld_sbpmg:\gen_sbpmg_pipeline_less_than_two:sm0:2:sm1 ; work         ;
;                      |sld_sbpmg:\gen_sbpmg_pipeline_less_than_two:sm0:3:sm1|                            ; 1 (1)             ; 2 (2)        ; 0                 ; 0          ; 0    ; 0            ; |SyncUpCounterImpl|sld_signaltap:auto_signaltap_0|sld_signaltap_impl:sld_signaltap_body|sld_signaltap_implb:sld_signaltap_body|sld_ela_control:ela_control|sld_ela_basic_multi_level_trigger:\basic_multi_level_mbpm_trigger_gen:multi_level_mbpm|sld_mbpmg:\trigger_modules_gen:0:trigger_match|sld_sbpmg:\gen_sbpmg_pipeline_less_than_two:sm0:3:sm1 ; work         ;
;                      |sld_sbpmg:\gen_sbpmg_pipeline_less_than_two:sm0:4:sm1|                            ; 1 (1)             ; 2 (2)        ; 0                 ; 0          ; 0    ; 0            ; |SyncUpCounterImpl|sld_signaltap:auto_signaltap_0|sld_signaltap_impl:sld_signaltap_body|sld_signaltap_implb:sld_signaltap_body|sld_ela_control:ela_control|sld_ela_basic_multi_level_trigger:\basic_multi_level_mbpm_trigger_gen:multi_level_mbpm|sld_mbpmg:\trigger_modules_gen:0:trigger_match|sld_sbpmg:\gen_sbpmg_pipeline_less_than_two:sm0:4:sm1 ; work         ;
;                      |sld_sbpmg:\gen_sbpmg_pipeline_less_than_two:sm0:5:sm1|                            ; 1 (1)             ; 2 (2)        ; 0                 ; 0          ; 0    ; 0            ; |SyncUpCounterImpl|sld_signaltap:auto_signaltap_0|sld_signaltap_impl:sld_signaltap_body|sld_signaltap_implb:sld_signaltap_body|sld_ela_control:ela_control|sld_ela_basic_multi_level_trigger:\basic_multi_level_mbpm_trigger_gen:multi_level_mbpm|sld_mbpmg:\trigger_modules_gen:0:trigger_match|sld_sbpmg:\gen_sbpmg_pipeline_less_than_two:sm0:5:sm1 ; work         ;
;                |sld_ela_trigger_flow_mgr:\builtin:ela_trigger_flow_mgr_entity|                          ; 2 (2)             ; 11 (1)       ; 0                 ; 0          ; 0    ; 0            ; |SyncUpCounterImpl|sld_signaltap:auto_signaltap_0|sld_signaltap_impl:sld_signaltap_body|sld_signaltap_implb:sld_signaltap_body|sld_ela_control:ela_control|sld_ela_trigger_flow_mgr:\builtin:ela_trigger_flow_mgr_entity                                                                                                                               ; work         ;
;                   |lpm_shiftreg:trigger_config_deserialize|                                             ; 0 (0)             ; 10 (10)      ; 0                 ; 0          ; 0    ; 0            ; |SyncUpCounterImpl|sld_signaltap:auto_signaltap_0|sld_signaltap_impl:sld_signaltap_body|sld_signaltap_implb:sld_signaltap_body|sld_ela_control:ela_control|sld_ela_trigger_flow_mgr:\builtin:ela_trigger_flow_mgr_entity|lpm_shiftreg:trigger_config_deserialize                                                                                       ; work         ;
;                |sld_mbpmg:\trigger_in_trigger_module_enabled_gen:trigger_in_match|                      ; 1 (0)             ; 2 (0)        ; 0                 ; 0          ; 0    ; 0            ; |SyncUpCounterImpl|sld_signaltap:auto_signaltap_0|sld_signaltap_impl:sld_signaltap_body|sld_signaltap_implb:sld_signaltap_body|sld_ela_control:ela_control|sld_mbpmg:\trigger_in_trigger_module_enabled_gen:trigger_in_match                                                                                                                           ; work         ;
;                   |sld_sbpmg:\gen_sbpmg_pipeline_less_than_two:sm0:0:sm1|                               ; 1 (1)             ; 2 (2)        ; 0                 ; 0          ; 0    ; 0            ; |SyncUpCounterImpl|sld_signaltap:auto_signaltap_0|sld_signaltap_impl:sld_signaltap_body|sld_signaltap_implb:sld_signaltap_body|sld_ela_control:ela_control|sld_mbpmg:\trigger_in_trigger_module_enabled_gen:trigger_in_match|sld_sbpmg:\gen_sbpmg_pipeline_less_than_two:sm0:0:sm1                                                                     ; work         ;
;             |sld_gap_detector:\stp_non_zero_ram_gen:gap_detect_on:gap_detector|                         ; 1 (1)             ; 2 (2)        ; 0                 ; 0          ; 0    ; 0            ; |SyncUpCounterImpl|sld_signaltap:auto_signaltap_0|sld_signaltap_impl:sld_signaltap_body|sld_signaltap_implb:sld_signaltap_body|sld_gap_detector:\stp_non_zero_ram_gen:gap_detect_on:gap_detector                                                                                                                                                       ; work         ;
;             |sld_offload_buffer_mgr:\stp_non_zero_depth_offload_gen:stp_offload_buff_mgr_inst|          ; 38 (9)            ; 52 (0)       ; 0                 ; 0          ; 0    ; 0            ; |SyncUpCounterImpl|sld_signaltap:auto_signaltap_0|sld_signaltap_impl:sld_signaltap_body|sld_signaltap_implb:sld_signaltap_body|sld_offload_buffer_mgr:\stp_non_zero_depth_offload_gen:stp_offload_buff_mgr_inst                                                                                                                                        ; work         ;
;                |lpm_counter:\adv_point_3_and_more:advance_pointer_counter|                              ; 5 (0)             ; 3 (0)        ; 0                 ; 0          ; 0    ; 0            ; |SyncUpCounterImpl|sld_signaltap:auto_signaltap_0|sld_signaltap_impl:sld_signaltap_body|sld_signaltap_implb:sld_signaltap_body|sld_offload_buffer_mgr:\stp_non_zero_depth_offload_gen:stp_offload_buff_mgr_inst|lpm_counter:\adv_point_3_and_more:advance_pointer_counter                                                                              ; work         ;
;                   |cntr_g7i:auto_generated|                                                             ; 5 (5)             ; 3 (3)        ; 0                 ; 0          ; 0    ; 0            ; |SyncUpCounterImpl|sld_signaltap:auto_signaltap_0|sld_signaltap_impl:sld_signaltap_body|sld_signaltap_implb:sld_signaltap_body|sld_offload_buffer_mgr:\stp_non_zero_depth_offload_gen:stp_offload_buff_mgr_inst|lpm_counter:\adv_point_3_and_more:advance_pointer_counter|cntr_g7i:auto_generated                                                      ; work         ;
;                |lpm_counter:read_pointer_counter|                                                       ; 7 (0)             ; 7 (0)        ; 0                 ; 0          ; 0    ; 0            ; |SyncUpCounterImpl|sld_signaltap:auto_signaltap_0|sld_signaltap_impl:sld_signaltap_body|sld_signaltap_implb:sld_signaltap_body|sld_offload_buffer_mgr:\stp_non_zero_depth_offload_gen:stp_offload_buff_mgr_inst|lpm_counter:read_pointer_counter                                                                                                       ; work         ;
;                   |cntr_4vi:auto_generated|                                                             ; 7 (7)             ; 7 (7)        ; 0                 ; 0          ; 0    ; 0            ; |SyncUpCounterImpl|sld_signaltap:auto_signaltap_0|sld_signaltap_impl:sld_signaltap_body|sld_signaltap_implb:sld_signaltap_body|sld_offload_buffer_mgr:\stp_non_zero_depth_offload_gen:stp_offload_buff_mgr_inst|lpm_counter:read_pointer_counter|cntr_4vi:auto_generated                                                                               ; work         ;
;                |lpm_counter:status_advance_pointer_counter|                                             ; 6 (0)             ; 4 (0)        ; 0                 ; 0          ; 0    ; 0            ; |SyncUpCounterImpl|sld_signaltap:auto_signaltap_0|sld_signaltap_impl:sld_signaltap_body|sld_signaltap_implb:sld_signaltap_body|sld_offload_buffer_mgr:\stp_non_zero_depth_offload_gen:stp_offload_buff_mgr_inst|lpm_counter:status_advance_pointer_counter                                                                                             ; work         ;
;                   |cntr_09i:auto_generated|                                                             ; 6 (6)             ; 4 (4)        ; 0                 ; 0          ; 0    ; 0            ; |SyncUpCounterImpl|sld_signaltap:auto_signaltap_0|sld_signaltap_impl:sld_signaltap_body|sld_signaltap_implb:sld_signaltap_body|sld_offload_buffer_mgr:\stp_non_zero_depth_offload_gen:stp_offload_buff_mgr_inst|lpm_counter:status_advance_pointer_counter|cntr_09i:auto_generated                                                                     ; work         ;
;                |lpm_counter:status_read_pointer_counter|                                                ; 3 (0)             ; 1 (0)        ; 0                 ; 0          ; 0    ; 0            ; |SyncUpCounterImpl|sld_signaltap:auto_signaltap_0|sld_signaltap_impl:sld_signaltap_body|sld_signaltap_implb:sld_signaltap_body|sld_offload_buffer_mgr:\stp_non_zero_depth_offload_gen:stp_offload_buff_mgr_inst|lpm_counter:status_read_pointer_counter                                                                                                ; work         ;
;                   |cntr_kri:auto_generated|                                                             ; 3 (3)             ; 1 (1)        ; 0                 ; 0          ; 0    ; 0            ; |SyncUpCounterImpl|sld_signaltap:auto_signaltap_0|sld_signaltap_impl:sld_signaltap_body|sld_signaltap_implb:sld_signaltap_body|sld_offload_buffer_mgr:\stp_non_zero_depth_offload_gen:stp_offload_buff_mgr_inst|lpm_counter:status_read_pointer_counter|cntr_kri:auto_generated                                                                        ; work         ;
;                |lpm_shiftreg:info_data_shift_out|                                                       ; 0 (0)             ; 15 (15)      ; 0                 ; 0          ; 0    ; 0            ; |SyncUpCounterImpl|sld_signaltap:auto_signaltap_0|sld_signaltap_impl:sld_signaltap_body|sld_signaltap_implb:sld_signaltap_body|sld_offload_buffer_mgr:\stp_non_zero_depth_offload_gen:stp_offload_buff_mgr_inst|lpm_shiftreg:info_data_shift_out                                                                                                       ; work         ;
;                |lpm_shiftreg:ram_data_shift_out|                                                        ; 7 (7)             ; 7 (7)        ; 0                 ; 0          ; 0    ; 0            ; |SyncUpCounterImpl|sld_signaltap:auto_signaltap_0|sld_signaltap_impl:sld_signaltap_body|sld_signaltap_implb:sld_signaltap_body|sld_offload_buffer_mgr:\stp_non_zero_depth_offload_gen:stp_offload_buff_mgr_inst|lpm_shiftreg:ram_data_shift_out                                                                                                        ; work         ;
;                |lpm_shiftreg:status_data_shift_out|                                                     ; 1 (1)             ; 15 (15)      ; 0                 ; 0          ; 0    ; 0            ; |SyncUpCounterImpl|sld_signaltap:auto_signaltap_0|sld_signaltap_impl:sld_signaltap_body|sld_signaltap_implb:sld_signaltap_body|sld_offload_buffer_mgr:\stp_non_zero_depth_offload_gen:stp_offload_buff_mgr_inst|lpm_shiftreg:status_data_shift_out                                                                                                     ; work         ;
;             |sld_rom_sr:crc_rom_sr|                                                                     ; 20 (20)           ; 8 (8)        ; 0                 ; 0          ; 0    ; 0            ; |SyncUpCounterImpl|sld_signaltap:auto_signaltap_0|sld_signaltap_impl:sld_signaltap_body|sld_signaltap_implb:sld_signaltap_body|sld_rom_sr:crc_rom_sr                                                                                                                                                                                                   ; work         ;
+---------------------------------------------------------------------------------------------------------+-------------------+--------------+-------------------+------------+------+--------------+--------------------------------------------------------------------------------------------------------------------------------------------------------------------------------------------------------------------------------------------------------------------------------------------------------------------------------------------------------+--------------+
Note: For table entries with two numbers listed, the numbers in parentheses indicate the number of resources of the given type used by the specific entity alone. The numbers listed outside of parentheses indicate the total resources of the given type used by the specific entity and all of its sub-entities in the hierarchy.


+-----------------------------------------------------------------------------------------------------------------------------------------------------------------------------------------------------------------------------------------------------------------------------------------------------------+
; Analysis & Synthesis RAM Summary                                                                                                                                                                                                                                                                          ;
+-------------------------------------------------------------------------------------------------------------------------------------------------------------------------------------------------------+------+------------------+--------------+--------------+--------------+--------------+------+------+
; Name                                                                                                                                                                                                  ; Type ; Mode             ; Port A Depth ; Port A Width ; Port B Depth ; Port B Width ; Size ; MIF  ;
+-------------------------------------------------------------------------------------------------------------------------------------------------------------------------------------------------------+------+------------------+--------------+--------------+--------------+--------------+------+------+
; sld_signaltap:auto_signaltap_0|sld_signaltap_impl:sld_signaltap_body|sld_signaltap_implb:sld_signaltap_body|altsyncram:\stp_non_zero_ram_gen:stp_buffer_ram|altsyncram_u184:auto_generated|ALTSYNCRAM ; AUTO ; Simple Dual Port ; 128          ; 7            ; 128          ; 7            ; 896  ; None ;
+-------------------------------------------------------------------------------------------------------------------------------------------------------------------------------------------------------+------+------------------+--------------+--------------+--------------+--------------+------+------+


+------------------------------------------------------------+
; Registers Removed During Synthesis                         ;
+---------------------------------------+--------------------+
; Register name                         ; Reason for Removal ;
+---------------------------------------+--------------------+
; tBase[25..30]                         ; Lost fanout        ;
; Total Number of Removed Registers = 6 ;                    ;
+---------------------------------------+--------------------+


+------------------------------------------------------+
; General Register Statistics                          ;
+----------------------------------------------+-------+
; Statistic                                    ; Value ;
+----------------------------------------------+-------+
; Total registers                              ; 473   ;
; Number of registers using Synchronous Clear  ; 89    ;
; Number of registers using Synchronous Load   ; 107   ;
; Number of registers using Asynchronous Clear ; 167   ;
; Number of registers using Asynchronous Load  ; 0     ;
; Number of registers using Clock Enable       ; 286   ;
; Number of registers using Preset             ; 0     ;
+----------------------------------------------+-------+


+-----------------------------------------------------------------------------------------------------------------------------------------------------------------------------------------+
; Inverted Register Statistics                                                                                                                                                            ;
+-------------------------------------------------------------------------------------------------------------------------------------------------------------------------------+---------+
; Inverted Register                                                                                                                                                             ; Fan out ;
+-------------------------------------------------------------------------------------------------------------------------------------------------------------------------------+---------+
; sld_hub:auto_hub|sld_jtag_hub:\jtag_hub_gen:sld_jtag_hub_inst|tdo                                                                                                             ; 1       ;
; sld_hub:auto_hub|sld_jtag_hub:\jtag_hub_gen:sld_jtag_hub_inst|jtag_ir_reg[1]                                                                                                  ; 3       ;
; sld_hub:auto_hub|sld_jtag_hub:\jtag_hub_gen:sld_jtag_hub_inst|jtag_ir_reg[2]                                                                                                  ; 3       ;
; sld_signaltap:auto_signaltap_0|sld_signaltap_impl:sld_signaltap_body|sld_signaltap_implb:sld_signaltap_body|sld_buffer_manager:sld_buffer_manager_inst|modified_post_count[6] ; 1       ;
; sld_signaltap:auto_signaltap_0|sld_signaltap_impl:sld_signaltap_body|sld_signaltap_implb:sld_signaltap_body|sld_buffer_manager:sld_buffer_manager_inst|modified_post_count[0] ; 1       ;
; sld_signaltap:auto_signaltap_0|sld_signaltap_impl:sld_signaltap_body|sld_signaltap_implb:sld_signaltap_body|sld_buffer_manager:sld_buffer_manager_inst|modified_post_count[1] ; 1       ;
; sld_signaltap:auto_signaltap_0|sld_signaltap_impl:sld_signaltap_body|sld_signaltap_implb:sld_signaltap_body|sld_buffer_manager:sld_buffer_manager_inst|modified_post_count[2] ; 1       ;
; sld_signaltap:auto_signaltap_0|sld_signaltap_impl:sld_signaltap_body|sld_signaltap_implb:sld_signaltap_body|sld_buffer_manager:sld_buffer_manager_inst|modified_post_count[3] ; 1       ;
; sld_signaltap:auto_signaltap_0|sld_signaltap_impl:sld_signaltap_body|sld_signaltap_implb:sld_signaltap_body|sld_buffer_manager:sld_buffer_manager_inst|modified_post_count[4] ; 1       ;
; sld_signaltap:auto_signaltap_0|sld_signaltap_impl:sld_signaltap_body|sld_signaltap_implb:sld_signaltap_body|sld_buffer_manager:sld_buffer_manager_inst|modified_post_count[5] ; 1       ;
; Total number of inverted registers = 10                                                                                                                                       ;         ;
+-------------------------------------------------------------------------------------------------------------------------------------------------------------------------------+---------+


+-------------------------------------------------------+
; Source assignments for sld_signaltap:auto_signaltap_0 ;
+-----------------+-------+------+----------------------+
; Assignment      ; Value ; From ; To                   ;
+-----------------+-------+------+----------------------+
; MESSAGE_DISABLE ; 13410 ; -    ; -                    ;
+-----------------+-------+------+----------------------+


+-------------------------------------------------------------------------------------------------------------+
; Parameter Settings for Inferred Entity Instance: sld_signaltap:auto_signaltap_0                             ;
+-------------------------------------------------+------------------------------------------+----------------+
; Parameter Name                                  ; Value                                    ; Type           ;
+-------------------------------------------------+------------------------------------------+----------------+
; lpm_type                                        ; sld_signaltap                            ; String         ;
; sld_node_info                                   ; 805334528                                ; Untyped        ;
; SLD_IP_VERSION                                  ; 6                                        ; Signed Integer ;
; SLD_IP_MINOR_VERSION                            ; 0                                        ; Signed Integer ;
; SLD_COMMON_IP_VERSION                           ; 0                                        ; Signed Integer ;
; sld_data_bits                                   ; 6                                        ; Untyped        ;
; sld_trigger_bits                                ; 6                                        ; Untyped        ;
; SLD_NODE_CRC_BITS                               ; 32                                       ; Signed Integer ;
; SLD_NODE_CRC_HIWORD                             ; 41394                                    ; Signed Integer ;
; SLD_NODE_CRC_LOWORD                             ; 50132                                    ; Signed Integer ;
; sld_incremental_routing                         ; 1                                        ; Untyped        ;
; sld_sample_depth                                ; 128                                      ; Untyped        ;
; sld_segment_size                                ; 128                                      ; Untyped        ;
; sld_ram_block_type                              ; AUTO                                     ; Untyped        ;
; sld_state_bits                                  ; 11                                       ; Untyped        ;
; sld_buffer_full_stop                            ; 1                                        ; Untyped        ;
; SLD_MEM_ADDRESS_BITS                            ; 7                                        ; Signed Integer ;
; SLD_DATA_BIT_CNTR_BITS                          ; 4                                        ; Signed Integer ;
; sld_trigger_level                               ; 1                                        ; Untyped        ;
; sld_trigger_in_enabled                          ; 1                                        ; Untyped        ;
; SLD_HPS_TRIGGER_IN_ENABLED                      ; 0                                        ; Signed Integer ;
; SLD_HPS_TRIGGER_OUT_ENABLED                     ; 0                                        ; Signed Integer ;
; SLD_HPS_EVENT_ENABLED                           ; 0                                        ; Signed Integer ;
; SLD_HPS_EVENT_ID                                ; 0                                        ; Signed Integer ;
; sld_advanced_trigger_entity                     ; basic,1,                                 ; Untyped        ;
; sld_trigger_level_pipeline                      ; 1                                        ; Untyped        ;
; sld_enable_advanced_trigger                     ; 0                                        ; Untyped        ;
; SLD_ADVANCED_TRIGGER_1                          ; NONE                                     ; String         ;
; SLD_ADVANCED_TRIGGER_2                          ; NONE                                     ; String         ;
; SLD_ADVANCED_TRIGGER_3                          ; NONE                                     ; String         ;
; SLD_ADVANCED_TRIGGER_4                          ; NONE                                     ; String         ;
; SLD_ADVANCED_TRIGGER_5                          ; NONE                                     ; String         ;
; SLD_ADVANCED_TRIGGER_6                          ; NONE                                     ; String         ;
; SLD_ADVANCED_TRIGGER_7                          ; NONE                                     ; String         ;
; SLD_ADVANCED_TRIGGER_8                          ; NONE                                     ; String         ;
; SLD_ADVANCED_TRIGGER_9                          ; NONE                                     ; String         ;
; SLD_ADVANCED_TRIGGER_10                         ; NONE                                     ; String         ;
; sld_inversion_mask_length                       ; 40                                       ; Untyped        ;
; sld_inversion_mask                              ; 0000000000000000000000000000000000000000 ; Untyped        ;
; sld_power_up_trigger                            ; 0                                        ; Untyped        ;
; SLD_STATE_FLOW_MGR_ENTITY                       ; state_flow_mgr_entity.vhd                ; String         ;
; sld_state_flow_use_generated                    ; 0                                        ; Untyped        ;
; sld_current_resource_width                      ; 1                                        ; Untyped        ;
; sld_attribute_mem_mode                          ; OFF                                      ; Untyped        ;
; sld_storage_qualifier_bits                      ; 6                                        ; Untyped        ;
; sld_storage_qualifier_gap_record                ; 1                                        ; Untyped        ;
; sld_storage_qualifier_mode                      ; PORT                                     ; Untyped        ;
; SLD_STORAGE_QUALIFIER_ENABLE_ADVANCED_CONDITION ; 0                                        ; Signed Integer ;
; sld_storage_qualifier_inversion_mask_length     ; 1                                        ; Untyped        ;
; SLD_STORAGE_QUALIFIER_ADVANCED_CONDITION_ENTITY ; basic                                    ; String         ;
; SLD_STORAGE_QUALIFIER_PIPELINE                  ; 0                                        ; Signed Integer ;
+-------------------------------------------------+------------------------------------------+----------------+
Note: In order to hide this table in the UI and the text report file, please set the "Show Parameter Settings in Synthesis Report" option in "Analysis and Synthesis Settings -> More Settings" to "Off".


+----------------------------------------------------------------------------------------------------------------+
; Port Connectivity Checks: "SyncUpCounter:syncUpCounter|DFlipFlop:three"                                        ;
+------+--------+----------+-------------------------------------------------------------------------------------+
; Port ; Type   ; Severity ; Details                                                                             ;
+------+--------+----------+-------------------------------------------------------------------------------------+
; qBar ; Output ; Info     ; Connected to dangling logic. Logic that only feeds a dangling port will be removed. ;
+------+--------+----------+-------------------------------------------------------------------------------------+


+----------------------------------------------------------------------------------------------------------------+
; Port Connectivity Checks: "SyncUpCounter:syncUpCounter|DFlipFlop:two"                                          ;
+------+--------+----------+-------------------------------------------------------------------------------------+
; Port ; Type   ; Severity ; Details                                                                             ;
+------+--------+----------+-------------------------------------------------------------------------------------+
; qBar ; Output ; Info     ; Connected to dangling logic. Logic that only feeds a dangling port will be removed. ;
+------+--------+----------+-------------------------------------------------------------------------------------+


+----------------------------------------------------------------------------------------------------------------+
; Port Connectivity Checks: "SyncUpCounter:syncUpCounter|DFlipFlop:one"                                          ;
+------+--------+----------+-------------------------------------------------------------------------------------+
; Port ; Type   ; Severity ; Details                                                                             ;
+------+--------+----------+-------------------------------------------------------------------------------------+
; qBar ; Output ; Info     ; Connected to dangling logic. Logic that only feeds a dangling port will be removed. ;
+------+--------+----------+-------------------------------------------------------------------------------------+


+----------------------------------------------------------------------------------------------------------------+
; Port Connectivity Checks: "SyncUpCounter:syncUpCounter|DFlipFlop:zero"                                         ;
+------+--------+----------+-------------------------------------------------------------------------------------+
; Port ; Type   ; Severity ; Details                                                                             ;
+------+--------+----------+-------------------------------------------------------------------------------------+
; qBar ; Output ; Info     ; Connected to dangling logic. Logic that only feeds a dangling port will be removed. ;
+------+--------+----------+-------------------------------------------------------------------------------------+


+-------------------------------------------------------------------------------------------------------------------------------------------------------------------------------------------------------------------------------------------------------------------------+
; SignalTap II Logic Analyzer Settings                                                                                                                                                                                                                                    ;
+----------------+------------------+---------------------+------------------+--------------+----------+------------------------+----------------------+--------------------+-----------------------------+-----------------+------------------+--------------------------+
; Instance Index ; Instance Name    ; Trigger Input Width ; Data Input Width ; Sample Depth ; Segments ; Storage Qualifier Type ; Trigger Flow Control ; Trigger Conditions ; Advanced Trigger Conditions ; Trigger In Used ; Trigger Out Used ; Power-Up Trigger Enabled ;
+----------------+------------------+---------------------+------------------+--------------+----------+------------------------+----------------------+--------------------+-----------------------------+-----------------+------------------+--------------------------+
; 0              ; auto_signaltap_0 ; 6                   ; 6                ; 128          ; 1        ; input port             ; sequential           ; 1                  ; 0                           ; no              ; no               ; no                       ;
+----------------+------------------+---------------------+------------------+--------------+----------+------------------------+----------------------+--------------------+-----------------------------+-----------------+------------------+--------------------------+


+-----------------------------------------------------+
; Post-Synthesis Netlist Statistics for Top Partition ;
+-----------------------+-----------------------------+
; Type                  ; Count                       ;
+-----------------------+-----------------------------+
; arriav_ff             ; 29                          ;
;     CLR               ; 4                           ;
;     plain             ; 25                          ;
; arriav_lcell_comb     ; 29                          ;
;     arith             ; 24                          ;
;         1 data inputs ; 23                          ;
;         2 data inputs ; 1                           ;
;     normal            ; 5                           ;
;         1 data inputs ; 2                           ;
;         2 data inputs ; 1                           ;
;         3 data inputs ; 1                           ;
;         4 data inputs ; 1                           ;
; boundary_port         ; 7                           ;
;                       ;                             ;
; Max LUT depth         ; 3.30                        ;
; Average LUT depth     ; 2.31                        ;
+-----------------------+-----------------------------+


+-------------------------------+
; Elapsed Time Per Partition    ;
+----------------+--------------+
; Partition Name ; Elapsed Time ;
+----------------+--------------+
; Top            ; 00:00:00     ;
+----------------+--------------+


+--------------------------------------------------------------------------------------------------------------------------------------------------------------------------------+
; Connections to In-System Debugging Instance "auto_signaltap_0"                                                                                                                 ;
+-------------------------------------+---------------+-----------+--------------------------------+-------------------+-----------------------------------------------+---------+
; Name                                ; Type          ; Status    ; Partition Name                 ; Netlist Type Used ; Actual Connection                             ; Details ;
+-------------------------------------+---------------+-----------+--------------------------------+-------------------+-----------------------------------------------+---------+
; externalRst                         ; pre-synthesis ; connected ; Top                            ; post-synthesis    ; externalRst                                   ; N/A     ;
; externalRst                         ; pre-synthesis ; connected ; Top                            ; post-synthesis    ; externalRst                                   ; N/A     ;
; externalRst                         ; pre-synthesis ; connected ; Top                            ; post-synthesis    ; externalRst                                   ; N/A     ;
; iClk                                ; pre-synthesis ; connected ; Top                            ; post-synthesis    ; iClk                                          ; N/A     ;
; iClk                                ; pre-synthesis ; connected ; Top                            ; post-synthesis    ; iClk                                          ; N/A     ;
; outBus[0]                           ; pre-synthesis ; connected ; Top                            ; post-synthesis    ; SyncUpCounter:syncUpCounter|DFlipFlop:zero|q  ; N/A     ;
; outBus[0]                           ; pre-synthesis ; connected ; Top                            ; post-synthesis    ; SyncUpCounter:syncUpCounter|DFlipFlop:zero|q  ; N/A     ;
; outBus[1]                           ; pre-synthesis ; connected ; Top                            ; post-synthesis    ; SyncUpCounter:syncUpCounter|DFlipFlop:one|q   ; N/A     ;
; outBus[1]                           ; pre-synthesis ; connected ; Top                            ; post-synthesis    ; SyncUpCounter:syncUpCounter|DFlipFlop:one|q   ; N/A     ;
; outBus[2]                           ; pre-synthesis ; connected ; Top                            ; post-synthesis    ; SyncUpCounter:syncUpCounter|DFlipFlop:two|q   ; N/A     ;
; outBus[2]                           ; pre-synthesis ; connected ; Top                            ; post-synthesis    ; SyncUpCounter:syncUpCounter|DFlipFlop:two|q   ; N/A     ;
; outBus[3]                           ; pre-synthesis ; connected ; Top                            ; post-synthesis    ; SyncUpCounter:syncUpCounter|DFlipFlop:three|q ; N/A     ;
; outBus[3]                           ; pre-synthesis ; connected ; Top                            ; post-synthesis    ; SyncUpCounter:syncUpCounter|DFlipFlop:three|q ; N/A     ;
; tBase[24]                           ; pre-synthesis ; connected ; Top                            ; post-synthesis    ; tBase[24]                                     ; N/A     ;
; auto_signaltap_0|gnd                ; post-fitting  ; connected ; sld_signaltap:auto_signaltap_0 ; post-synthesis    ; sld_signaltap:auto_signaltap_0|~GND           ; N/A     ;
; auto_signaltap_0|gnd                ; post-fitting  ; connected ; sld_signaltap:auto_signaltap_0 ; post-synthesis    ; sld_signaltap:auto_signaltap_0|~GND           ; N/A     ;
; auto_signaltap_0|gnd                ; post-fitting  ; connected ; sld_signaltap:auto_signaltap_0 ; post-synthesis    ; sld_signaltap:auto_signaltap_0|~GND           ; N/A     ;
; auto_signaltap_0|gnd                ; post-fitting  ; connected ; sld_signaltap:auto_signaltap_0 ; post-synthesis    ; sld_signaltap:auto_signaltap_0|~GND           ; N/A     ;
; auto_signaltap_0|gnd                ; post-fitting  ; connected ; sld_signaltap:auto_signaltap_0 ; post-synthesis    ; sld_signaltap:auto_signaltap_0|~GND           ; N/A     ;
; auto_signaltap_0|gnd                ; post-fitting  ; connected ; sld_signaltap:auto_signaltap_0 ; post-synthesis    ; sld_signaltap:auto_signaltap_0|~GND           ; N/A     ;
; auto_signaltap_0|gnd                ; post-fitting  ; connected ; sld_signaltap:auto_signaltap_0 ; post-synthesis    ; sld_signaltap:auto_signaltap_0|~GND           ; N/A     ;
; auto_signaltap_0|gnd                ; post-fitting  ; connected ; sld_signaltap:auto_signaltap_0 ; post-synthesis    ; sld_signaltap:auto_signaltap_0|~GND           ; N/A     ;
; auto_signaltap_0|gnd                ; post-fitting  ; connected ; sld_signaltap:auto_signaltap_0 ; post-synthesis    ; sld_signaltap:auto_signaltap_0|~GND           ; N/A     ;
; auto_signaltap_0|gnd                ; post-fitting  ; connected ; sld_signaltap:auto_signaltap_0 ; post-synthesis    ; sld_signaltap:auto_signaltap_0|~GND           ; N/A     ;
; auto_signaltap_0|gnd                ; post-fitting  ; connected ; sld_signaltap:auto_signaltap_0 ; post-synthesis    ; sld_signaltap:auto_signaltap_0|~GND           ; N/A     ;
; auto_signaltap_0|gnd                ; post-fitting  ; connected ; sld_signaltap:auto_signaltap_0 ; post-synthesis    ; sld_signaltap:auto_signaltap_0|~GND           ; N/A     ;
; auto_signaltap_0|gnd                ; post-fitting  ; connected ; sld_signaltap:auto_signaltap_0 ; post-synthesis    ; sld_signaltap:auto_signaltap_0|~GND           ; N/A     ;
; auto_signaltap_0|gnd                ; post-fitting  ; connected ; sld_signaltap:auto_signaltap_0 ; post-synthesis    ; sld_signaltap:auto_signaltap_0|~GND           ; N/A     ;
; auto_signaltap_0|vcc                ; post-fitting  ; connected ; sld_signaltap:auto_signaltap_0 ; post-synthesis    ; sld_signaltap:auto_signaltap_0|~VCC           ; N/A     ;
; auto_signaltap_0|vcc                ; post-fitting  ; connected ; sld_signaltap:auto_signaltap_0 ; post-synthesis    ; sld_signaltap:auto_signaltap_0|~VCC           ; N/A     ;
; auto_signaltap_0|vcc                ; post-fitting  ; connected ; sld_signaltap:auto_signaltap_0 ; post-synthesis    ; sld_signaltap:auto_signaltap_0|~VCC           ; N/A     ;
; auto_signaltap_0|vcc                ; post-fitting  ; connected ; sld_signaltap:auto_signaltap_0 ; post-synthesis    ; sld_signaltap:auto_signaltap_0|~VCC           ; N/A     ;
; auto_signaltap_0|vcc                ; post-fitting  ; connected ; sld_signaltap:auto_signaltap_0 ; post-synthesis    ; sld_signaltap:auto_signaltap_0|~VCC           ; N/A     ;
; auto_signaltap_0|vcc                ; post-fitting  ; connected ; sld_signaltap:auto_signaltap_0 ; post-synthesis    ; sld_signaltap:auto_signaltap_0|~VCC           ; N/A     ;
; auto_signaltap_0|vcc                ; post-fitting  ; connected ; sld_signaltap:auto_signaltap_0 ; post-synthesis    ; sld_signaltap:auto_signaltap_0|~VCC           ; N/A     ;
; auto_signaltap_0|vcc                ; post-fitting  ; connected ; sld_signaltap:auto_signaltap_0 ; post-synthesis    ; sld_signaltap:auto_signaltap_0|~VCC           ; N/A     ;
; auto_signaltap_0|vcc                ; post-fitting  ; connected ; sld_signaltap:auto_signaltap_0 ; post-synthesis    ; sld_signaltap:auto_signaltap_0|~VCC           ; N/A     ;
; auto_signaltap_0|vcc                ; post-fitting  ; connected ; sld_signaltap:auto_signaltap_0 ; post-synthesis    ; sld_signaltap:auto_signaltap_0|~VCC           ; N/A     ;
; auto_signaltap_0|vcc                ; post-fitting  ; connected ; sld_signaltap:auto_signaltap_0 ; post-synthesis    ; sld_signaltap:auto_signaltap_0|~VCC           ; N/A     ;
; auto_signaltap_0|vcc                ; post-fitting  ; connected ; sld_signaltap:auto_signaltap_0 ; post-synthesis    ; sld_signaltap:auto_signaltap_0|~VCC           ; N/A     ;
; auto_signaltap_0|vcc                ; post-fitting  ; connected ; sld_signaltap:auto_signaltap_0 ; post-synthesis    ; sld_signaltap:auto_signaltap_0|~VCC           ; N/A     ;
; auto_signaltap_0|vcc                ; post-fitting  ; connected ; sld_signaltap:auto_signaltap_0 ; post-synthesis    ; sld_signaltap:auto_signaltap_0|~VCC           ; N/A     ;
; auto_signaltap_0|vcc                ; post-fitting  ; connected ; sld_signaltap:auto_signaltap_0 ; post-synthesis    ; sld_signaltap:auto_signaltap_0|~VCC           ; N/A     ;
; auto_signaltap_0|vcc                ; post-fitting  ; connected ; sld_signaltap:auto_signaltap_0 ; post-synthesis    ; sld_signaltap:auto_signaltap_0|~VCC           ; N/A     ;
; auto_signaltap_0|vcc                ; post-fitting  ; connected ; sld_signaltap:auto_signaltap_0 ; post-synthesis    ; sld_signaltap:auto_signaltap_0|~VCC           ; N/A     ;
; auto_signaltap_0|vcc                ; post-fitting  ; connected ; sld_signaltap:auto_signaltap_0 ; post-synthesis    ; sld_signaltap:auto_signaltap_0|~VCC           ; N/A     ;
; auto_stp_external_storage_qualifier ; dynamic pin   ; connected ; Top                            ; post-synthesis    ; auto_stp_external_storage_qualifier           ; N/A     ;
+-------------------------------------+---------------+-----------+--------------------------------+-------------------+-----------------------------------------------+---------+


+-------------------------------+
; Analysis & Synthesis Messages ;
+-------------------------------+
Info: *******************************************************************
Info: Running Quartus II 64-Bit Analysis & Synthesis
    Info: Version 14.0.0 Build 200 06/17/2014 SJ Web Edition
    Info: Processing started: Mon Apr 10 19:35:38 2017
Info: Command: quartus_map --read_settings_files=on --write_settings_files=off SyncUpCounter -c SyncUpCounterImpl
Info (11104): Parallel Compilation has detected 8 hyper-threaded processors. However, the extra hyper-threaded processors will not be used by default. Parallel Compilation will use 4 of the 4 physical processors detected instead.
Info (12021): Found 5 design units, including 5 entities, in source file syncupcounter.v
    Info (12023): Found entity 1: d0
    Info (12023): Found entity 2: d1
    Info (12023): Found entity 3: d2
    Info (12023): Found entity 4: d3
    Info (12023): Found entity 5: SyncUpCounter
Info (12021): Found 1 design units, including 1 entities, in source file dflipflop.v
    Info (12023): Found entity 1: DFlipFlop
Info (12021): Found 1 design units, including 1 entities, in source file syncupcounterimpl.v
    Info (12023): Found entity 1: SyncUpCounterImpl
Warning (10236): Verilog HDL Implicit Net warning at SyncUpCounterImpl.v(10): created implicit net for "qA"
Warning (10236): Verilog HDL Implicit Net warning at SyncUpCounterImpl.v(11): created implicit net for "qB"
Warning (10236): Verilog HDL Implicit Net warning at SyncUpCounterImpl.v(12): created implicit net for "qC"
Warning (10236): Verilog HDL Implicit Net warning at SyncUpCounterImpl.v(13): created implicit net for "qD"
Info (12127): Elaborating entity "SyncUpCounterImpl" for the top level hierarchy
Info (12128): Elaborating entity "SyncUpCounter" for hierarchy "SyncUpCounter:syncUpCounter"
Info (12128): Elaborating entity "d0" for hierarchy "SyncUpCounter:syncUpCounter|d0:d0_inst"
Info (12128): Elaborating entity "d1" for hierarchy "SyncUpCounter:syncUpCounter|d1:d1_inst"
Info (12128): Elaborating entity "d2" for hierarchy "SyncUpCounter:syncUpCounter|d2:d2_inst"
Info (12128): Elaborating entity "d3" for hierarchy "SyncUpCounter:syncUpCounter|d3:d3_inst"
Info (12128): Elaborating entity "DFlipFlop" for hierarchy "SyncUpCounter:syncUpCounter|DFlipFlop:zero"
Info (12021): Found 1 design units, including 1 entities, in source file db/altsyncram_u184.tdf
    Info (12023): Found entity 1: altsyncram_u184
Info (12021): Found 1 design units, including 1 entities, in source file db/mux_elc.tdf
    Info (12023): Found entity 1: mux_elc
Info (12021): Found 1 design units, including 1 entities, in source file db/decode_vnf.tdf
    Info (12023): Found entity 1: decode_vnf
Info (12021): Found 1 design units, including 1 entities, in source file db/cntr_g7i.tdf
    Info (12023): Found entity 1: cntr_g7i
Info (12021): Found 1 design units, including 1 entities, in source file db/cmpr_b9c.tdf
    Info (12023): Found entity 1: cmpr_b9c
Info (12021): Found 1 design units, including 1 entities, in source file db/cntr_4vi.tdf
    Info (12023): Found entity 1: cntr_4vi
Info (12021): Found 1 design units, including 1 entities, in source file db/cntr_09i.tdf
    Info (12023): Found entity 1: cntr_09i
Info (12021): Found 1 design units, including 1 entities, in source file db/cmpr_c9c.tdf
    Info (12023): Found entity 1: cmpr_c9c
Info (12021): Found 1 design units, including 1 entities, in source file db/cntr_kri.tdf
    Info (12023): Found entity 1: cntr_kri
Info (12021): Found 1 design units, including 1 entities, in source file db/cmpr_99c.tdf
    Info (12023): Found entity 1: cmpr_99c
Info (12033): Analysis and Synthesis generated SignalTap II or debug node instance "auto_signaltap_0"
Info (13014): Ignored 4 buffer(s)
    Info (13019): Ignored 4 SOFT buffer(s)
Info (286031): Timing-Driven Synthesis is running on partition "Top"
Info (17049): 6 registers lost all their fanouts during netlist optimizations.
Info (35024): Succesfully connected in-system debug instance "auto_signaltap_0" to all 47 required data inputs, trigger inputs, acquisition clocks, and dynamic pins
Info (16010): Generating hard_block partition "hard_block:auto_generated_inst"
    Info (16011): Adding 9 node(s), including 0 DDIO, 0 PLL, 0 transceiver and 0 LCELL
Info (21057): Implemented 624 device resources after synthesis - the final resource count might be different
    Info (21058): Implemented 6 input pins
    Info (21059): Implemented 5 output pins
    Info (21061): Implemented 605 logic cells
    Info (21064): Implemented 7 RAM segments
Info: Quartus II 64-Bit Analysis & Synthesis was successful. 0 errors, 4 warnings
    Info: Peak virtual memory: 677 megabytes
    Info: Processing ended: Mon Apr 10 19:35:43 2017
    Info: Elapsed time: 00:00:05
    Info: Total CPU time (on all processors): 00:00:05


