10:36:41 **** Incremental Build of configuration Nios II for project hello_world_lights ****
make all 
Info: Building ../hello_world_small_bsp/
C:/altera/16.0/nios2eds/bin/gnu/H-x86_64-mingw32/bin/make --no-print-directory -C ../hello_world_small_bsp/
[BSP build complete]
[hello_world_small build complete]
10:36:43 **** Build of configuration Nios II for project hello_world_lights ****
make all 
Info: Building ../hello_world_small_bsp/
C:/altera/16.0/nios2eds/bin/gnu/H-x86_64-mingw32/bin/make --no-print-directory -C ../hello_world_small_bsp/
[BSP build complete]
[hello_world_small build complete]
10:36:44 **** Incremental Build of configuration Nios II for project hello_world_lights ****
make all 
Info: Building ../hello_world_small_bsp/
C:/altera/16.0/nios2eds/bin/gnu/H-x86_64-mingw32/bin/make --no-print-directory -C ../hello_world_small_bsp/
[BSP build complete]
[hello_world_small build complete]
10:37:19 **** Build of configuration Nios II for project hello_world_lights ****
make all 
Info: Building ../hello_world_small_bsp/
C:/altera/16.0/nios2eds/bin/gnu/H-x86_64-mingw32/bin/make --no-print-directory -C ../hello_world_small_bsp/
[BSP build complete]
[hello_world_small build complete]
10:37:19 **** Incremental Build of configuration Nios II for project hello_world_lights ****
make all 
Info: Building ../hello_world_small_bsp/
C:/altera/16.0/nios2eds/bin/gnu/H-x86_64-mingw32/bin/make --no-print-directory -C ../hello_world_small_bsp/
[BSP build complete]
[hello_world_small build complete]
10:39:20 **** Build of configuration Nios II for project hello_world_lights ****
make all 
Info: Building ../hello_world_small_bsp/
C:/altera/16.0/nios2eds/bin/gnu/H-x86_64-mingw32/bin/make --no-print-directory -C ../hello_world_small_bsp/
[BSP build complete]
[hello_world_small build complete]
10:39:22 **** Incremental Build of configuration Nios II for project hello_world_lights ****
make all 
Info: Building ../hello_world_small_bsp/
C:/altera/16.0/nios2eds/bin/gnu/H-x86_64-mingw32/bin/make --no-print-directory -C ../hello_world_small_bsp/
[BSP build complete]
[hello_world_small build complete]
10:40:03 **** Build of configuration Nios II for project count_binary_final ****
make all 
Info: Building ../count_binary_final_bsp/
C:/altera/16.0/nios2eds/bin/gnu/H-x86_64-mingw32/bin/make --no-print-directory -C ../count_binary_final_bsp/
[BSP build complete]
[count_binary_final build complete]
10:40:04 **** Incremental Build of configuration Nios II for project count_binary_final ****
make all 
Info: Building ../count_binary_final_bsp/
C:/altera/16.0/nios2eds/bin/gnu/H-x86_64-mingw32/bin/make --no-print-directory -C ../count_binary_final_bsp/
[BSP build complete]
[count_binary_final build complete]
